
===========================================================================
report_checks -path_delay max (Setup)
============================================================================
Startpoint: rstn_i (input port clocked by sysclk_i)
Endpoint: _648_ (recovery check against rising-edge clock sysclk_i)
Path Group: **async_default**
Path Type: max

Fanout     Cap    Slew   Delay    Time   Description
-----------------------------------------------------------------------------
                          0.00    0.00   clock sysclk_i (rise edge)
                          0.00    0.00   clock network delay (propagated)
                          2.00    2.00 ^ input external delay
                  0.05    0.03    2.03 ^ rstn_i (in)
     1    0.00                           rstn_i (net)
                  0.05    0.00    2.03 ^ input14/A (sky130_fd_sc_hd__buf_6)
                  0.11    0.17    2.20 ^ input14/X (sky130_fd_sc_hd__buf_6)
    14    0.05                           net14 (net)
                  0.11    0.00    2.20 ^ _648_/RESET_B (sky130_fd_sc_hd__dfrtp_4)
                                  2.20   data arrival time

                         10.00   10.00   clock sysclk_i (rise edge)
                          0.00   10.00   clock source latency
                  0.07    0.04   10.04 ^ sysclk_i (in)
     1    0.01                           sysclk_i (net)
                  0.07    0.00   10.04 ^ clkbuf_0_sysclk_i/A (sky130_fd_sc_hd__clkbuf_16)
                  0.03    0.11   10.15 ^ clkbuf_0_sysclk_i/X (sky130_fd_sc_hd__clkbuf_16)
     2    0.00                           clknet_0_sysclk_i (net)
                  0.03    0.00   10.15 ^ clkbuf_1_1_0_sysclk_i/A (sky130_fd_sc_hd__clkbuf_2)
                  0.04    0.08   10.23 ^ clkbuf_1_1_0_sysclk_i/X (sky130_fd_sc_hd__clkbuf_2)
     2    0.00                           clknet_1_1_0_sysclk_i (net)
                  0.04    0.00   10.23 ^ clkbuf_2_2_0_sysclk_i/A (sky130_fd_sc_hd__clkbuf_2)
                  0.06    0.10   10.34 ^ clkbuf_2_2_0_sysclk_i/X (sky130_fd_sc_hd__clkbuf_2)
     5    0.01                           clknet_2_2_0_sysclk_i (net)
                  0.06    0.00   10.34 ^ _648_/CLK (sky130_fd_sc_hd__dfrtp_4)
                         -0.25   10.09   clock uncertainty
                          0.00   10.09   clock reconvergence pessimism
                          0.20   10.29   library recovery time
                                 10.29   data required time
-----------------------------------------------------------------------------
                                 10.29   data required time
                                 -2.20   data arrival time
-----------------------------------------------------------------------------
                                  8.09   slack (MET)


Startpoint: rstn_i (input port clocked by sysclk_i)
Endpoint: _674_ (recovery check against rising-edge clock sysclk_i)
Path Group: **async_default**
Path Type: max

Fanout     Cap    Slew   Delay    Time   Description
-----------------------------------------------------------------------------
                          0.00    0.00   clock sysclk_i (rise edge)
                          0.00    0.00   clock network delay (propagated)
                          2.00    2.00 ^ input external delay
                  0.05    0.03    2.03 ^ rstn_i (in)
     1    0.00                           rstn_i (net)
                  0.05    0.00    2.03 ^ input14/A (sky130_fd_sc_hd__buf_6)
                  0.11    0.17    2.20 ^ input14/X (sky130_fd_sc_hd__buf_6)
    14    0.05                           net14 (net)
                  0.11    0.00    2.20 ^ _674_/RESET_B (sky130_fd_sc_hd__dfrtp_1)
                                  2.20   data arrival time

                         10.00   10.00   clock sysclk_i (rise edge)
                          0.00   10.00   clock source latency
                  0.07    0.04   10.04 ^ sysclk_i (in)
     1    0.01                           sysclk_i (net)
                  0.07    0.00   10.04 ^ clkbuf_0_sysclk_i/A (sky130_fd_sc_hd__clkbuf_16)
                  0.03    0.11   10.15 ^ clkbuf_0_sysclk_i/X (sky130_fd_sc_hd__clkbuf_16)
     2    0.00                           clknet_0_sysclk_i (net)
                  0.03    0.00   10.15 ^ clkbuf_1_1_0_sysclk_i/A (sky130_fd_sc_hd__clkbuf_2)
                  0.04    0.08   10.23 ^ clkbuf_1_1_0_sysclk_i/X (sky130_fd_sc_hd__clkbuf_2)
     2    0.00                           clknet_1_1_0_sysclk_i (net)
                  0.04    0.00   10.23 ^ clkbuf_2_2_0_sysclk_i/A (sky130_fd_sc_hd__clkbuf_2)
                  0.06    0.10   10.34 ^ clkbuf_2_2_0_sysclk_i/X (sky130_fd_sc_hd__clkbuf_2)
     5    0.01                           clknet_2_2_0_sysclk_i (net)
                  0.06    0.00   10.34 ^ _674_/CLK (sky130_fd_sc_hd__dfrtp_1)
                         -0.25   10.09   clock uncertainty
                          0.00   10.09   clock reconvergence pessimism
                          0.22   10.30   library recovery time
                                 10.30   data required time
-----------------------------------------------------------------------------
                                 10.30   data required time
                                 -2.20   data arrival time
-----------------------------------------------------------------------------
                                  8.11   slack (MET)


Startpoint: rstn_i (input port clocked by sysclk_i)
Endpoint: _675_ (recovery check against rising-edge clock sysclk_i)
Path Group: **async_default**
Path Type: max

Fanout     Cap    Slew   Delay    Time   Description
-----------------------------------------------------------------------------
                          0.00    0.00   clock sysclk_i (rise edge)
                          0.00    0.00   clock network delay (propagated)
                          2.00    2.00 ^ input external delay
                  0.05    0.03    2.03 ^ rstn_i (in)
     1    0.00                           rstn_i (net)
                  0.05    0.00    2.03 ^ input14/A (sky130_fd_sc_hd__buf_6)
                  0.11    0.17    2.20 ^ input14/X (sky130_fd_sc_hd__buf_6)
    14    0.05                           net14 (net)
                  0.11    0.00    2.20 ^ _675_/RESET_B (sky130_fd_sc_hd__dfrtp_1)
                                  2.20   data arrival time

                         10.00   10.00   clock sysclk_i (rise edge)
                          0.00   10.00   clock source latency
                  0.07    0.04   10.04 ^ sysclk_i (in)
     1    0.01                           sysclk_i (net)
                  0.07    0.00   10.04 ^ clkbuf_0_sysclk_i/A (sky130_fd_sc_hd__clkbuf_16)
                  0.03    0.11   10.15 ^ clkbuf_0_sysclk_i/X (sky130_fd_sc_hd__clkbuf_16)
     2    0.00                           clknet_0_sysclk_i (net)
                  0.03    0.00   10.15 ^ clkbuf_1_1_0_sysclk_i/A (sky130_fd_sc_hd__clkbuf_2)
                  0.04    0.08   10.23 ^ clkbuf_1_1_0_sysclk_i/X (sky130_fd_sc_hd__clkbuf_2)
     2    0.00                           clknet_1_1_0_sysclk_i (net)
                  0.04    0.00   10.23 ^ clkbuf_2_2_0_sysclk_i/A (sky130_fd_sc_hd__clkbuf_2)
                  0.06    0.10   10.34 ^ clkbuf_2_2_0_sysclk_i/X (sky130_fd_sc_hd__clkbuf_2)
     5    0.01                           clknet_2_2_0_sysclk_i (net)
                  0.06    0.00   10.34 ^ _675_/CLK (sky130_fd_sc_hd__dfrtp_1)
                         -0.25   10.09   clock uncertainty
                          0.00   10.09   clock reconvergence pessimism
                          0.22   10.30   library recovery time
                                 10.30   data required time
-----------------------------------------------------------------------------
                                 10.30   data required time
                                 -2.20   data arrival time
-----------------------------------------------------------------------------
                                  8.11   slack (MET)


Startpoint: rstn_i (input port clocked by sysclk_i)
Endpoint: _676_ (recovery check against rising-edge clock sysclk_i)
Path Group: **async_default**
Path Type: max

Fanout     Cap    Slew   Delay    Time   Description
-----------------------------------------------------------------------------
                          0.00    0.00   clock sysclk_i (rise edge)
                          0.00    0.00   clock network delay (propagated)
                          2.00    2.00 ^ input external delay
                  0.05    0.03    2.03 ^ rstn_i (in)
     1    0.00                           rstn_i (net)
                  0.05    0.00    2.03 ^ input14/A (sky130_fd_sc_hd__buf_6)
                  0.11    0.17    2.20 ^ input14/X (sky130_fd_sc_hd__buf_6)
    14    0.05                           net14 (net)
                  0.11    0.00    2.20 ^ _676_/RESET_B (sky130_fd_sc_hd__dfrtp_1)
                                  2.20   data arrival time

                         10.00   10.00   clock sysclk_i (rise edge)
                          0.00   10.00   clock source latency
                  0.07    0.04   10.04 ^ sysclk_i (in)
     1    0.01                           sysclk_i (net)
                  0.07    0.00   10.04 ^ clkbuf_0_sysclk_i/A (sky130_fd_sc_hd__clkbuf_16)
                  0.03    0.11   10.15 ^ clkbuf_0_sysclk_i/X (sky130_fd_sc_hd__clkbuf_16)
     2    0.00                           clknet_0_sysclk_i (net)
                  0.03    0.00   10.15 ^ clkbuf_1_1_0_sysclk_i/A (sky130_fd_sc_hd__clkbuf_2)
                  0.04    0.08   10.23 ^ clkbuf_1_1_0_sysclk_i/X (sky130_fd_sc_hd__clkbuf_2)
     2    0.00                           clknet_1_1_0_sysclk_i (net)
                  0.04    0.00   10.23 ^ clkbuf_2_2_0_sysclk_i/A (sky130_fd_sc_hd__clkbuf_2)
                  0.06    0.10   10.34 ^ clkbuf_2_2_0_sysclk_i/X (sky130_fd_sc_hd__clkbuf_2)
     5    0.01                           clknet_2_2_0_sysclk_i (net)
                  0.06    0.00   10.34 ^ _676_/CLK (sky130_fd_sc_hd__dfrtp_1)
                         -0.25   10.09   clock uncertainty
                          0.00   10.09   clock reconvergence pessimism
                          0.22   10.30   library recovery time
                                 10.30   data required time
-----------------------------------------------------------------------------
                                 10.30   data required time
                                 -2.20   data arrival time
-----------------------------------------------------------------------------
                                  8.11   slack (MET)


Startpoint: rstn_i (input port clocked by sysclk_i)
Endpoint: _671_ (recovery check against rising-edge clock sysclk_i)
Path Group: **async_default**
Path Type: max

Fanout     Cap    Slew   Delay    Time   Description
-----------------------------------------------------------------------------
                          0.00    0.00   clock sysclk_i (rise edge)
                          0.00    0.00   clock network delay (propagated)
                          2.00    2.00 ^ input external delay
                  0.05    0.03    2.03 ^ rstn_i (in)
     1    0.00                           rstn_i (net)
                  0.05    0.00    2.03 ^ input14/A (sky130_fd_sc_hd__buf_6)
                  0.11    0.17    2.20 ^ input14/X (sky130_fd_sc_hd__buf_6)
    14    0.05                           net14 (net)
                  0.11    0.00    2.20 ^ _671_/RESET_B (sky130_fd_sc_hd__dfrtp_1)
                                  2.20   data arrival time

                         10.00   10.00   clock sysclk_i (rise edge)
                          0.00   10.00   clock source latency
                  0.07    0.04   10.04 ^ sysclk_i (in)
     1    0.01                           sysclk_i (net)
                  0.07    0.00   10.04 ^ clkbuf_0_sysclk_i/A (sky130_fd_sc_hd__clkbuf_16)
                  0.03    0.11   10.15 ^ clkbuf_0_sysclk_i/X (sky130_fd_sc_hd__clkbuf_16)
     2    0.00                           clknet_0_sysclk_i (net)
                  0.03    0.00   10.15 ^ clkbuf_1_1_0_sysclk_i/A (sky130_fd_sc_hd__clkbuf_2)
                  0.04    0.08   10.23 ^ clkbuf_1_1_0_sysclk_i/X (sky130_fd_sc_hd__clkbuf_2)
     2    0.00                           clknet_1_1_0_sysclk_i (net)
                  0.04    0.00   10.23 ^ clkbuf_2_3_0_sysclk_i/A (sky130_fd_sc_hd__clkbuf_2)
                  0.08    0.12   10.35 ^ clkbuf_2_3_0_sysclk_i/X (sky130_fd_sc_hd__clkbuf_2)
     7    0.01                           clknet_2_3_0_sysclk_i (net)
                  0.08    0.00   10.35 ^ _671_/CLK (sky130_fd_sc_hd__dfrtp_1)
                         -0.25   10.10   clock uncertainty
                          0.00   10.10   clock reconvergence pessimism
                          0.22   10.32   library recovery time
                                 10.32   data required time
-----------------------------------------------------------------------------
                                 10.32   data required time
                                 -2.20   data arrival time
-----------------------------------------------------------------------------
                                  8.13   slack (MET)


Startpoint: _645_ (falling edge-triggered flip-flop)
Endpoint: segment_xhxx[2] (output port clocked by sysclk_i)
Path Group: sysclk_i
Path Type: max

Fanout     Cap    Slew   Delay    Time   Description
-----------------------------------------------------------------------------
                  0.02    0.00    0.00 v _645_/CLK_N (sky130_fd_sc_hd__dfbbn_2)
                  0.07    0.69    0.69 v _645_/Q (sky130_fd_sc_hd__dfbbn_2)
     6    0.02                           inst_count24h.count_int[2] (net)
                  0.07    0.00    0.69 v _441_/A (sky130_fd_sc_hd__inv_2)
                  0.03    0.06    0.75 ^ _441_/Y (sky130_fd_sc_hd__inv_2)
     3    0.00                           _184_ (net)
                  0.03    0.00    0.75 ^ _442_/A (sky130_fd_sc_hd__or2_1)
                  0.03    0.09    0.84 ^ _442_/X (sky130_fd_sc_hd__or2_1)
     1    0.00                           _185_ (net)
                  0.03    0.00    0.84 ^ _443_/A (sky130_fd_sc_hd__dlymetal6s2s_1)
                  0.13    0.15    0.99 ^ _443_/X (sky130_fd_sc_hd__dlymetal6s2s_1)
     3    0.01                           _024_ (net)
                  0.13    0.00    0.99 ^ _444_/A (sky130_fd_sc_hd__clkinv_2)
                  0.03    0.05    1.05 v _444_/Y (sky130_fd_sc_hd__clkinv_2)
     1    0.00                           _023_ (net)
                  0.03    0.00    1.05 v _630_/A0 (sky130_fd_sc_hd__mux2_1)
                  0.05    0.29    1.34 v _630_/X (sky130_fd_sc_hd__mux2_1)
     1    0.00                           _031_ (net)
                  0.05    0.00    1.34 v _452_/A (sky130_fd_sc_hd__nor3b_1)
                  0.20    0.24    1.59 ^ _452_/Y (sky130_fd_sc_hd__nor3b_1)
     2    0.00                           _190_ (net)
                  0.20    0.00    1.59 ^ _453_/A (sky130_fd_sc_hd__or2b_1)
                  0.04    0.14    1.72 ^ _453_/X (sky130_fd_sc_hd__or2b_1)
     1    0.00                           _191_ (net)
                  0.04    0.00    1.72 ^ _454_/A (sky130_fd_sc_hd__clkbuf_1)
                  0.09    0.12    1.84 ^ _454_/X (sky130_fd_sc_hd__clkbuf_1)
     2    0.01                           _032_ (net)
                  0.09    0.00    1.84 ^ _631_/A0 (sky130_fd_sc_hd__mux2_1)
                  0.09    0.19    2.03 ^ _631_/X (sky130_fd_sc_hd__mux2_1)
     4    0.01                           _034_ (net)
                  0.09    0.00    2.03 ^ _470_/B (sky130_fd_sc_hd__or2_1)
                  0.05    0.12    2.15 ^ _470_/X (sky130_fd_sc_hd__or2_1)
     2    0.00                           _204_ (net)
                  0.05    0.00    2.15 ^ _471_/A (sky130_fd_sc_hd__clkbuf_2)
                  0.09    0.15    2.30 ^ _471_/X (sky130_fd_sc_hd__clkbuf_2)
     5    0.01                           _205_ (net)
                  0.09    0.00    2.30 ^ _487_/A (sky130_fd_sc_hd__inv_2)
                  0.03    0.05    2.35 v _487_/Y (sky130_fd_sc_hd__inv_2)
     3    0.01                           _220_ (net)
                  0.03    0.00    2.35 v _489_/A3 (sky130_fd_sc_hd__a31o_1)
                  0.04    0.22    2.58 v _489_/X (sky130_fd_sc_hd__a31o_1)
     2    0.00                           _222_ (net)
                  0.04    0.00    2.58 v _495_/A (sky130_fd_sc_hd__or3b_1)
                  0.09    0.43    3.01 v _495_/X (sky130_fd_sc_hd__or3b_1)
     3    0.01                           _227_ (net)
                  0.09    0.00    3.01 v _496_/B (sky130_fd_sc_hd__or3b_2)
                  0.07    0.48    3.49 v _496_/X (sky130_fd_sc_hd__or3b_2)
     1    0.00                           _228_ (net)
                  0.07    0.00    3.49 v _497_/A (sky130_fd_sc_hd__clkbuf_1)
                  0.02    0.10    3.59 v _497_/X (sky130_fd_sc_hd__clkbuf_1)
     1    0.00                           net25 (net)
                  0.02    0.00    3.59 v output25/A (sky130_fd_sc_hd__buf_2)
                  0.09    0.19    3.78 v output25/X (sky130_fd_sc_hd__buf_2)
     1    0.03                           segment_xhxx[2] (net)
                  0.09    0.00    3.78 v segment_xhxx[2] (out)
                                  3.78   data arrival time

                         10.00   10.00   clock sysclk_i (rise edge)
                          0.00   10.00   clock network delay (propagated)
                         -0.25    9.75   clock uncertainty
                          0.00    9.75   clock reconvergence pessimism
                         -2.00    7.75   output external delay
                                  7.75   data required time
-----------------------------------------------------------------------------
                                  7.75   data required time
                                 -3.78   data arrival time
-----------------------------------------------------------------------------
                                  3.97   slack (MET)


Startpoint: _645_ (falling edge-triggered flip-flop)
Endpoint: segment_xhxx[3] (output port clocked by sysclk_i)
Path Group: sysclk_i
Path Type: max

Fanout     Cap    Slew   Delay    Time   Description
-----------------------------------------------------------------------------
                  0.02    0.00    0.00 v _645_/CLK_N (sky130_fd_sc_hd__dfbbn_2)
                  0.07    0.69    0.69 v _645_/Q (sky130_fd_sc_hd__dfbbn_2)
     6    0.02                           inst_count24h.count_int[2] (net)
                  0.07    0.00    0.69 v _441_/A (sky130_fd_sc_hd__inv_2)
                  0.03    0.06    0.75 ^ _441_/Y (sky130_fd_sc_hd__inv_2)
     3    0.00                           _184_ (net)
                  0.03    0.00    0.75 ^ _442_/A (sky130_fd_sc_hd__or2_1)
                  0.03    0.09    0.84 ^ _442_/X (sky130_fd_sc_hd__or2_1)
     1    0.00                           _185_ (net)
                  0.03    0.00    0.84 ^ _443_/A (sky130_fd_sc_hd__dlymetal6s2s_1)
                  0.13    0.15    0.99 ^ _443_/X (sky130_fd_sc_hd__dlymetal6s2s_1)
     3    0.01                           _024_ (net)
                  0.13    0.00    0.99 ^ _444_/A (sky130_fd_sc_hd__clkinv_2)
                  0.03    0.05    1.05 v _444_/Y (sky130_fd_sc_hd__clkinv_2)
     1    0.00                           _023_ (net)
                  0.03    0.00    1.05 v _630_/A0 (sky130_fd_sc_hd__mux2_1)
                  0.05    0.29    1.34 v _630_/X (sky130_fd_sc_hd__mux2_1)
     1    0.00                           _031_ (net)
                  0.05    0.00    1.34 v _452_/A (sky130_fd_sc_hd__nor3b_1)
                  0.20    0.24    1.59 ^ _452_/Y (sky130_fd_sc_hd__nor3b_1)
     2    0.00                           _190_ (net)
                  0.20    0.00    1.59 ^ _453_/A (sky130_fd_sc_hd__or2b_1)
                  0.04    0.14    1.72 ^ _453_/X (sky130_fd_sc_hd__or2b_1)
     1    0.00                           _191_ (net)
                  0.04    0.00    1.72 ^ _454_/A (sky130_fd_sc_hd__clkbuf_1)
                  0.09    0.12    1.84 ^ _454_/X (sky130_fd_sc_hd__clkbuf_1)
     2    0.01                           _032_ (net)
                  0.09    0.00    1.84 ^ _463_/A (sky130_fd_sc_hd__clkinv_2)
                  0.03    0.05    1.89 v _463_/Y (sky130_fd_sc_hd__clkinv_2)
     1    0.00                           _040_ (net)
                  0.03    0.00    1.89 v _634_/A0 (sky130_fd_sc_hd__mux2_1)
                  0.10    0.36    2.25 v _634_/X (sky130_fd_sc_hd__mux2_1)
     4    0.01                           _041_ (net)
                  0.10    0.00    2.25 v _473_/B2 (sky130_fd_sc_hd__o22a_1)
                  0.06    0.21    2.46 v _473_/X (sky130_fd_sc_hd__o22a_1)
     3    0.01                           _207_ (net)
                  0.06    0.00    2.46 v _479_/B (sky130_fd_sc_hd__or2_1)
                  0.06    0.24    2.70 v _479_/X (sky130_fd_sc_hd__or2_1)
     2    0.00                           _212_ (net)
                  0.06    0.00    2.70 v _480_/C1 (sky130_fd_sc_hd__o311a_1)
                  0.06    0.13    2.83 v _480_/X (sky130_fd_sc_hd__o311a_1)
     1    0.00                           _213_ (net)
                  0.06    0.00    2.83 v _481_/A (sky130_fd_sc_hd__inv_2)
                  0.03    0.05    2.88 ^ _481_/Y (sky130_fd_sc_hd__inv_2)
     2    0.00                           _214_ (net)
                  0.03    0.00    2.88 ^ _484_/A (sky130_fd_sc_hd__or2_1)
                  0.07    0.12    2.99 ^ _484_/X (sky130_fd_sc_hd__or2_1)
     3    0.01                           _217_ (net)
                  0.07    0.00    2.99 ^ _499_/A (sky130_fd_sc_hd__nor2_1)
                  0.02    0.05    3.04 v _499_/Y (sky130_fd_sc_hd__nor2_1)
     1    0.00                           _230_ (net)
                  0.02    0.00    3.04 v _500_/D (sky130_fd_sc_hd__or4_1)
                  0.08    0.42    3.46 v _500_/X (sky130_fd_sc_hd__or4_1)
     1    0.00                           _231_ (net)
                  0.08    0.00    3.46 v _501_/A (sky130_fd_sc_hd__clkbuf_1)
                  0.02    0.10    3.56 v _501_/X (sky130_fd_sc_hd__clkbuf_1)
     1    0.00                           net26 (net)
                  0.02    0.00    3.56 v output26/A (sky130_fd_sc_hd__buf_2)
                  0.09    0.19    3.75 v output26/X (sky130_fd_sc_hd__buf_2)
     1    0.03                           segment_xhxx[3] (net)
                  0.09    0.00    3.75 v segment_xhxx[3] (out)
                                  3.75   data arrival time

                         10.00   10.00   clock sysclk_i (rise edge)
                          0.00   10.00   clock network delay (propagated)
                         -0.25    9.75   clock uncertainty
                          0.00    9.75   clock reconvergence pessimism
                         -2.00    7.75   output external delay
                                  7.75   data required time
-----------------------------------------------------------------------------
                                  7.75   data required time
                                 -3.75   data arrival time
-----------------------------------------------------------------------------
                                  4.00   slack (MET)


Startpoint: _646_ (falling edge-triggered flip-flop)
Endpoint: segment_xhxx[1] (output port clocked by sysclk_i)
Path Group: sysclk_i
Path Type: max

Fanout     Cap    Slew   Delay    Time   Description
-----------------------------------------------------------------------------
                  0.02    0.00    0.00 v _646_/CLK_N (sky130_fd_sc_hd__dfbbn_2)
                  0.17    0.68    0.68 ^ _646_/Q (sky130_fd_sc_hd__dfbbn_2)
     8    0.03                           inst_count24h.count_int[3] (net)
                  0.17    0.00    0.68 ^ _457_/A (sky130_fd_sc_hd__inv_2)
                  0.04    0.06    0.74 v _457_/Y (sky130_fd_sc_hd__inv_2)
     3    0.01                           _194_ (net)
                  0.04    0.00    0.74 v _458_/A (sky130_fd_sc_hd__or3_1)
                  0.06    0.39    1.13 v _458_/X (sky130_fd_sc_hd__or3_1)
     1    0.00                           _195_ (net)
                  0.06    0.00    1.13 v _459_/A3 (sky130_fd_sc_hd__o32a_1)
                  0.06    0.32    1.45 v _459_/X (sky130_fd_sc_hd__o32a_1)
     1    0.00                           _196_ (net)
                  0.06    0.00    1.45 v _460_/A (sky130_fd_sc_hd__inv_2)
                  0.07    0.09    1.54 ^ _460_/Y (sky130_fd_sc_hd__inv_2)
     4    0.01                           _033_ (net)
                  0.07    0.00    1.54 ^ _633_/S (sky130_fd_sc_hd__mux2_1)
                  0.10    0.41    1.95 v _633_/X (sky130_fd_sc_hd__mux2_1)
     5    0.01                           _038_ (net)
                  0.10    0.00    1.95 v _465_/A (sky130_fd_sc_hd__inv_2)
                  0.04    0.07    2.02 ^ _465_/Y (sky130_fd_sc_hd__inv_2)
     2    0.00                           _199_ (net)
                  0.04    0.00    2.02 ^ _466_/A (sky130_fd_sc_hd__dlymetal6s2s_1)
                  0.12    0.15    2.17 ^ _466_/X (sky130_fd_sc_hd__dlymetal6s2s_1)
     5    0.01                           _200_ (net)
                  0.12    0.00    2.17 ^ _467_/B (sky130_fd_sc_hd__or2_1)
                  0.05    0.13    2.30 ^ _467_/X (sky130_fd_sc_hd__or2_1)
     2    0.00                           _201_ (net)
                  0.05    0.00    2.30 ^ _468_/A (sky130_fd_sc_hd__dlymetal6s2s_1)
                  0.15    0.18    2.47 ^ _468_/X (sky130_fd_sc_hd__dlymetal6s2s_1)
     5    0.01                           _202_ (net)
                  0.15    0.00    2.47 ^ _482_/B1 (sky130_fd_sc_hd__o32a_1)
                  0.06    0.19    2.66 ^ _482_/X (sky130_fd_sc_hd__o32a_1)
     2    0.00                           _215_ (net)
                  0.06    0.00    2.66 ^ _483_/B1 (sky130_fd_sc_hd__o21ai_1)
                  0.06    0.08    2.74 v _483_/Y (sky130_fd_sc_hd__o21ai_1)
     3    0.00                           _216_ (net)
                  0.06    0.00    2.74 v _484_/B (sky130_fd_sc_hd__or2_1)
                  0.06    0.25    2.99 v _484_/X (sky130_fd_sc_hd__or2_1)
     3    0.01                           _217_ (net)
                  0.06    0.00    2.99 v _491_/A (sky130_fd_sc_hd__or2_1)
                  0.04    0.24    3.23 v _491_/X (sky130_fd_sc_hd__or2_1)
     1    0.00                           _224_ (net)
                  0.04    0.00    3.23 v _492_/A (sky130_fd_sc_hd__clkbuf_1)
                  0.02    0.09    3.32 v _492_/X (sky130_fd_sc_hd__clkbuf_1)
     1    0.00                           net24 (net)
                  0.02    0.00    3.32 v output24/A (sky130_fd_sc_hd__buf_2)
                  0.09    0.19    3.51 v output24/X (sky130_fd_sc_hd__buf_2)
     1    0.03                           segment_xhxx[1] (net)
                  0.09    0.00    3.51 v segment_xhxx[1] (out)
                                  3.51   data arrival time

                         10.00   10.00   clock sysclk_i (rise edge)
                          0.00   10.00   clock network delay (propagated)
                         -0.25    9.75   clock uncertainty
                          0.00    9.75   clock reconvergence pessimism
                         -2.00    7.75   output external delay
                                  7.75   data required time
-----------------------------------------------------------------------------
                                  7.75   data required time
                                 -3.51   data arrival time
-----------------------------------------------------------------------------
                                  4.24   slack (MET)


Startpoint: _645_ (falling edge-triggered flip-flop)
Endpoint: segment_xhxx[6] (output port clocked by sysclk_i)
Path Group: sysclk_i
Path Type: max

Fanout     Cap    Slew   Delay    Time   Description
-----------------------------------------------------------------------------
                  0.02    0.00    0.00 v _645_/CLK_N (sky130_fd_sc_hd__dfbbn_2)
                  0.07    0.69    0.69 v _645_/Q (sky130_fd_sc_hd__dfbbn_2)
     6    0.02                           inst_count24h.count_int[2] (net)
                  0.07    0.00    0.69 v _441_/A (sky130_fd_sc_hd__inv_2)
                  0.03    0.06    0.75 ^ _441_/Y (sky130_fd_sc_hd__inv_2)
     3    0.00                           _184_ (net)
                  0.03    0.00    0.75 ^ _442_/A (sky130_fd_sc_hd__or2_1)
                  0.03    0.09    0.84 ^ _442_/X (sky130_fd_sc_hd__or2_1)
     1    0.00                           _185_ (net)
                  0.03    0.00    0.84 ^ _443_/A (sky130_fd_sc_hd__dlymetal6s2s_1)
                  0.13    0.15    0.99 ^ _443_/X (sky130_fd_sc_hd__dlymetal6s2s_1)
     3    0.01                           _024_ (net)
                  0.13    0.00    0.99 ^ _444_/A (sky130_fd_sc_hd__clkinv_2)
                  0.03    0.05    1.05 v _444_/Y (sky130_fd_sc_hd__clkinv_2)
     1    0.00                           _023_ (net)
                  0.03    0.00    1.05 v _630_/A0 (sky130_fd_sc_hd__mux2_1)
                  0.05    0.29    1.34 v _630_/X (sky130_fd_sc_hd__mux2_1)
     1    0.00                           _031_ (net)
                  0.05    0.00    1.34 v _452_/A (sky130_fd_sc_hd__nor3b_1)
                  0.20    0.24    1.59 ^ _452_/Y (sky130_fd_sc_hd__nor3b_1)
     2    0.00                           _190_ (net)
                  0.20    0.00    1.59 ^ _453_/A (sky130_fd_sc_hd__or2b_1)
                  0.04    0.14    1.72 ^ _453_/X (sky130_fd_sc_hd__or2b_1)
     1    0.00                           _191_ (net)
                  0.04    0.00    1.72 ^ _454_/A (sky130_fd_sc_hd__clkbuf_1)
                  0.09    0.12    1.84 ^ _454_/X (sky130_fd_sc_hd__clkbuf_1)
     2    0.01                           _032_ (net)
                  0.09    0.00    1.84 ^ _631_/A0 (sky130_fd_sc_hd__mux2_1)
                  0.09    0.19    2.03 ^ _631_/X (sky130_fd_sc_hd__mux2_1)
     4    0.01                           _034_ (net)
                  0.09    0.00    2.03 ^ _470_/B (sky130_fd_sc_hd__or2_1)
                  0.05    0.12    2.15 ^ _470_/X (sky130_fd_sc_hd__or2_1)
     2    0.00                           _204_ (net)
                  0.05    0.00    2.15 ^ _471_/A (sky130_fd_sc_hd__clkbuf_2)
                  0.09    0.15    2.30 ^ _471_/X (sky130_fd_sc_hd__clkbuf_2)
     5    0.01                           _205_ (net)
                  0.09    0.00    2.30 ^ _487_/A (sky130_fd_sc_hd__inv_2)
                  0.03    0.05    2.35 v _487_/Y (sky130_fd_sc_hd__inv_2)
     3    0.01                           _220_ (net)
                  0.03    0.00    2.35 v _489_/A3 (sky130_fd_sc_hd__a31o_1)
                  0.04    0.22    2.58 v _489_/X (sky130_fd_sc_hd__a31o_1)
     2    0.00                           _222_ (net)
                  0.04    0.00    2.58 v _495_/A (sky130_fd_sc_hd__or3b_1)
                  0.09    0.43    3.01 v _495_/X (sky130_fd_sc_hd__or3b_1)
     3    0.01                           _227_ (net)
                  0.09    0.00    3.01 v _507_/B2 (sky130_fd_sc_hd__o32a_2)
                  0.05    0.19    3.20 v _507_/X (sky130_fd_sc_hd__o32a_2)
     1    0.00                           net29 (net)
                  0.05    0.00    3.20 v output29/A (sky130_fd_sc_hd__buf_2)
                  0.09    0.20    3.40 v output29/X (sky130_fd_sc_hd__buf_2)
     1    0.03                           segment_xhxx[6] (net)
                  0.09    0.00    3.40 v segment_xhxx[6] (out)
                                  3.40   data arrival time

                         10.00   10.00   clock sysclk_i (rise edge)
                          0.00   10.00   clock network delay (propagated)
                         -0.25    9.75   clock uncertainty
                          0.00    9.75   clock reconvergence pessimism
                         -2.00    7.75   output external delay
                                  7.75   data required time
-----------------------------------------------------------------------------
                                  7.75   data required time
                                 -3.40   data arrival time
-----------------------------------------------------------------------------
                                  4.35   slack (MET)


Startpoint: _645_ (falling edge-triggered flip-flop)
Endpoint: segment_xhxx[5] (output port clocked by sysclk_i)
Path Group: sysclk_i
Path Type: max

Fanout     Cap    Slew   Delay    Time   Description
-----------------------------------------------------------------------------
                  0.02    0.00    0.00 v _645_/CLK_N (sky130_fd_sc_hd__dfbbn_2)
                  0.07    0.69    0.69 v _645_/Q (sky130_fd_sc_hd__dfbbn_2)
     6    0.02                           inst_count24h.count_int[2] (net)
                  0.07    0.00    0.69 v _441_/A (sky130_fd_sc_hd__inv_2)
                  0.03    0.06    0.75 ^ _441_/Y (sky130_fd_sc_hd__inv_2)
     3    0.00                           _184_ (net)
                  0.03    0.00    0.75 ^ _442_/A (sky130_fd_sc_hd__or2_1)
                  0.03    0.09    0.84 ^ _442_/X (sky130_fd_sc_hd__or2_1)
     1    0.00                           _185_ (net)
                  0.03    0.00    0.84 ^ _443_/A (sky130_fd_sc_hd__dlymetal6s2s_1)
                  0.13    0.15    0.99 ^ _443_/X (sky130_fd_sc_hd__dlymetal6s2s_1)
     3    0.01                           _024_ (net)
                  0.13    0.00    0.99 ^ _444_/A (sky130_fd_sc_hd__clkinv_2)
                  0.03    0.05    1.05 v _444_/Y (sky130_fd_sc_hd__clkinv_2)
     1    0.00                           _023_ (net)
                  0.03    0.00    1.05 v _630_/A0 (sky130_fd_sc_hd__mux2_1)
                  0.05    0.29    1.34 v _630_/X (sky130_fd_sc_hd__mux2_1)
     1    0.00                           _031_ (net)
                  0.05    0.00    1.34 v _452_/A (sky130_fd_sc_hd__nor3b_1)
                  0.20    0.24    1.59 ^ _452_/Y (sky130_fd_sc_hd__nor3b_1)
     2    0.00                           _190_ (net)
                  0.20    0.00    1.59 ^ _453_/A (sky130_fd_sc_hd__or2b_1)
                  0.04    0.14    1.72 ^ _453_/X (sky130_fd_sc_hd__or2b_1)
     1    0.00                           _191_ (net)
                  0.04    0.00    1.72 ^ _454_/A (sky130_fd_sc_hd__clkbuf_1)
                  0.09    0.12    1.84 ^ _454_/X (sky130_fd_sc_hd__clkbuf_1)
     2    0.01                           _032_ (net)
                  0.09    0.00    1.84 ^ _631_/A0 (sky130_fd_sc_hd__mux2_1)
                  0.09    0.19    2.03 ^ _631_/X (sky130_fd_sc_hd__mux2_1)
     4    0.01                           _034_ (net)
                  0.09    0.00    2.03 ^ _470_/B (sky130_fd_sc_hd__or2_1)
                  0.05    0.12    2.15 ^ _470_/X (sky130_fd_sc_hd__or2_1)
     2    0.00                           _204_ (net)
                  0.05    0.00    2.15 ^ _471_/A (sky130_fd_sc_hd__clkbuf_2)
                  0.09    0.15    2.30 ^ _471_/X (sky130_fd_sc_hd__clkbuf_2)
     5    0.01                           _205_ (net)
                  0.09    0.00    2.30 ^ _487_/A (sky130_fd_sc_hd__inv_2)
                  0.03    0.05    2.35 v _487_/Y (sky130_fd_sc_hd__inv_2)
     3    0.01                           _220_ (net)
                  0.03    0.00    2.35 v _489_/A3 (sky130_fd_sc_hd__a31o_1)
                  0.04    0.22    2.58 v _489_/X (sky130_fd_sc_hd__a31o_1)
     2    0.00                           _222_ (net)
                  0.04    0.00    2.58 v _490_/B (sky130_fd_sc_hd__or2_1)
                  0.05    0.22    2.80 v _490_/X (sky130_fd_sc_hd__or2_1)
     2    0.00                           _223_ (net)
                  0.05    0.00    2.80 v _504_/C1 (sky130_fd_sc_hd__a311o_1)
                  0.05    0.28    3.08 v _504_/X (sky130_fd_sc_hd__a311o_1)
     1    0.00                           net28 (net)
                  0.05    0.00    3.08 v output28/A (sky130_fd_sc_hd__buf_2)
                  0.09    0.20    3.28 v output28/X (sky130_fd_sc_hd__buf_2)
     1    0.03                           segment_xhxx[5] (net)
                  0.09    0.00    3.28 v segment_xhxx[5] (out)
                                  3.28   data arrival time

                         10.00   10.00   clock sysclk_i (rise edge)
                          0.00   10.00   clock network delay (propagated)
                         -0.25    9.75   clock uncertainty
                          0.00    9.75   clock reconvergence pessimism
                         -2.00    7.75   output external delay
                                  7.75   data required time
-----------------------------------------------------------------------------
                                  7.75   data required time
                                 -3.28   data arrival time
-----------------------------------------------------------------------------
                                  4.47   slack (MET)


