
===========================================================================
report_checks -path_delay min (Hold)
============================================================================
Startpoint: _648_ (rising edge-triggered flip-flop clocked by sysclk_i)
Endpoint: _684_ (removal check against rising-edge clock sysclk_i)
Path Group: **async_default**
Path Type: min

Fanout     Cap    Slew   Delay    Time   Description
-----------------------------------------------------------------------------
                          0.00    0.00   clock sysclk_i (rise edge)
                          0.00    0.00   clock source latency
                  0.07    0.04    0.04 ^ sysclk_i (in)
     1    0.01                           sysclk_i (net)
                  0.07    0.00    0.04 ^ clkbuf_0_sysclk_i/A (sky130_fd_sc_hd__clkbuf_16)
                  0.03    0.11    0.15 ^ clkbuf_0_sysclk_i/X (sky130_fd_sc_hd__clkbuf_16)
     2    0.00                           clknet_0_sysclk_i (net)
                  0.03    0.00    0.15 ^ clkbuf_1_1_0_sysclk_i/A (sky130_fd_sc_hd__clkbuf_2)
                  0.04    0.08    0.23 ^ clkbuf_1_1_0_sysclk_i/X (sky130_fd_sc_hd__clkbuf_2)
     2    0.00                           clknet_1_1_0_sysclk_i (net)
                  0.04    0.00    0.23 ^ clkbuf_2_2_0_sysclk_i/A (sky130_fd_sc_hd__clkbuf_2)
                  0.06    0.10    0.34 ^ clkbuf_2_2_0_sysclk_i/X (sky130_fd_sc_hd__clkbuf_2)
     5    0.01                           clknet_2_2_0_sysclk_i (net)
                  0.06    0.00    0.34 ^ _648_/CLK (sky130_fd_sc_hd__dfrtp_4)
                  0.17    0.46    0.80 ^ _648_/Q (sky130_fd_sc_hd__dfrtp_4)
    22    0.05                           inst_count10m.rstn_i (net)
                  0.17    0.00    0.80 ^ hold3/A (sky130_fd_sc_hd__dlymetal6s2s_1)
                  0.11    0.15    0.95 ^ hold3/X (sky130_fd_sc_hd__dlymetal6s2s_1)
     2    0.01                           net46 (net)
                  0.11    0.00    0.95 ^ _684_/SET_B (sky130_fd_sc_hd__dfstp_2)
                                  0.95   data arrival time

                          0.00    0.00   clock sysclk_i (rise edge)
                          0.00    0.00   clock source latency
                  0.07    0.05    0.05 ^ sysclk_i (in)
     1    0.01                           sysclk_i (net)
                  0.07    0.00    0.05 ^ clkbuf_0_sysclk_i/A (sky130_fd_sc_hd__clkbuf_16)
                  0.03    0.13    0.18 ^ clkbuf_0_sysclk_i/X (sky130_fd_sc_hd__clkbuf_16)
     2    0.00                           clknet_0_sysclk_i (net)
                  0.03    0.00    0.18 ^ clkbuf_1_0_0_sysclk_i/A (sky130_fd_sc_hd__clkbuf_2)
                  0.04    0.10    0.29 ^ clkbuf_1_0_0_sysclk_i/X (sky130_fd_sc_hd__clkbuf_2)
     2    0.00                           clknet_1_0_0_sysclk_i (net)
                  0.04    0.00    0.29 ^ clkbuf_2_1_0_sysclk_i/A (sky130_fd_sc_hd__clkbuf_2)
                  0.09    0.15    0.43 ^ clkbuf_2_1_0_sysclk_i/X (sky130_fd_sc_hd__clkbuf_2)
     8    0.01                           clknet_2_1_0_sysclk_i (net)
                  0.09    0.00    0.43 ^ _684_/CLK (sky130_fd_sc_hd__dfstp_2)
                          0.25    0.68   clock uncertainty
                         -0.03    0.65   clock reconvergence pessimism
                          0.16    0.81   library removal time
                                  0.81   data required time
-----------------------------------------------------------------------------
                                  0.81   data required time
                                 -0.95   data arrival time
-----------------------------------------------------------------------------
                                  0.14   slack (MET)


Startpoint: _648_ (rising edge-triggered flip-flop clocked by sysclk_i)
Endpoint: _650_ (removal check against rising-edge clock sysclk_i)
Path Group: **async_default**
Path Type: min

Fanout     Cap    Slew   Delay    Time   Description
-----------------------------------------------------------------------------
                          0.00    0.00   clock sysclk_i (rise edge)
                          0.00    0.00   clock source latency
                  0.07    0.04    0.04 ^ sysclk_i (in)
     1    0.01                           sysclk_i (net)
                  0.07    0.00    0.04 ^ clkbuf_0_sysclk_i/A (sky130_fd_sc_hd__clkbuf_16)
                  0.03    0.11    0.15 ^ clkbuf_0_sysclk_i/X (sky130_fd_sc_hd__clkbuf_16)
     2    0.00                           clknet_0_sysclk_i (net)
                  0.03    0.00    0.15 ^ clkbuf_1_1_0_sysclk_i/A (sky130_fd_sc_hd__clkbuf_2)
                  0.04    0.08    0.23 ^ clkbuf_1_1_0_sysclk_i/X (sky130_fd_sc_hd__clkbuf_2)
     2    0.00                           clknet_1_1_0_sysclk_i (net)
                  0.04    0.00    0.23 ^ clkbuf_2_2_0_sysclk_i/A (sky130_fd_sc_hd__clkbuf_2)
                  0.06    0.10    0.34 ^ clkbuf_2_2_0_sysclk_i/X (sky130_fd_sc_hd__clkbuf_2)
     5    0.01                           clknet_2_2_0_sysclk_i (net)
                  0.06    0.00    0.34 ^ _648_/CLK (sky130_fd_sc_hd__dfrtp_4)
                  0.17    0.46    0.80 ^ _648_/Q (sky130_fd_sc_hd__dfrtp_4)
    22    0.05                           inst_count10m.rstn_i (net)
                  0.17    0.00    0.80 ^ hold3/A (sky130_fd_sc_hd__dlymetal6s2s_1)
                  0.11    0.15    0.95 ^ hold3/X (sky130_fd_sc_hd__dlymetal6s2s_1)
     2    0.01                           net46 (net)
                  0.11    0.00    0.95 ^ hold1/A (sky130_fd_sc_hd__buf_6)
                  0.03    0.10    1.05 ^ hold1/X (sky130_fd_sc_hd__buf_6)
     2    0.01                           net44 (net)
                  0.03    0.00    1.05 ^ _650_/RESET_B (sky130_fd_sc_hd__dfrtp_1)
                                  1.05   data arrival time

                          0.00    0.00   clock sysclk_i (rise edge)
                          0.00    0.00   clock source latency
                  0.07    0.05    0.05 ^ sysclk_i (in)
     1    0.01                           sysclk_i (net)
                  0.07    0.00    0.05 ^ clkbuf_0_sysclk_i/A (sky130_fd_sc_hd__clkbuf_16)
                  0.03    0.13    0.18 ^ clkbuf_0_sysclk_i/X (sky130_fd_sc_hd__clkbuf_16)
     2    0.00                           clknet_0_sysclk_i (net)
                  0.03    0.00    0.18 ^ clkbuf_1_1_0_sysclk_i/A (sky130_fd_sc_hd__clkbuf_2)
                  0.04    0.10    0.29 ^ clkbuf_1_1_0_sysclk_i/X (sky130_fd_sc_hd__clkbuf_2)
     2    0.00                           clknet_1_1_0_sysclk_i (net)
                  0.04    0.00    0.29 ^ clkbuf_2_2_0_sysclk_i/A (sky130_fd_sc_hd__clkbuf_2)
                  0.06    0.13    0.41 ^ clkbuf_2_2_0_sysclk_i/X (sky130_fd_sc_hd__clkbuf_2)
     5    0.01                           clknet_2_2_0_sysclk_i (net)
                  0.06    0.00    0.41 ^ _650_/CLK (sky130_fd_sc_hd__dfrtp_1)
                          0.25    0.66   clock uncertainty
                         -0.07    0.59   clock reconvergence pessimism
                          0.32    0.91   library removal time
                                  0.91   data required time
-----------------------------------------------------------------------------
                                  0.91   data required time
                                 -1.05   data arrival time
-----------------------------------------------------------------------------
                                  0.14   slack (MET)


Startpoint: _648_ (rising edge-triggered flip-flop clocked by sysclk_i)
Endpoint: _651_ (removal check against rising-edge clock sysclk_i)
Path Group: **async_default**
Path Type: min

Fanout     Cap    Slew   Delay    Time   Description
-----------------------------------------------------------------------------
                          0.00    0.00   clock sysclk_i (rise edge)
                          0.00    0.00   clock source latency
                  0.07    0.04    0.04 ^ sysclk_i (in)
     1    0.01                           sysclk_i (net)
                  0.07    0.00    0.04 ^ clkbuf_0_sysclk_i/A (sky130_fd_sc_hd__clkbuf_16)
                  0.03    0.11    0.15 ^ clkbuf_0_sysclk_i/X (sky130_fd_sc_hd__clkbuf_16)
     2    0.00                           clknet_0_sysclk_i (net)
                  0.03    0.00    0.15 ^ clkbuf_1_1_0_sysclk_i/A (sky130_fd_sc_hd__clkbuf_2)
                  0.04    0.08    0.23 ^ clkbuf_1_1_0_sysclk_i/X (sky130_fd_sc_hd__clkbuf_2)
     2    0.00                           clknet_1_1_0_sysclk_i (net)
                  0.04    0.00    0.23 ^ clkbuf_2_2_0_sysclk_i/A (sky130_fd_sc_hd__clkbuf_2)
                  0.06    0.10    0.34 ^ clkbuf_2_2_0_sysclk_i/X (sky130_fd_sc_hd__clkbuf_2)
     5    0.01                           clknet_2_2_0_sysclk_i (net)
                  0.06    0.00    0.34 ^ _648_/CLK (sky130_fd_sc_hd__dfrtp_4)
                  0.17    0.46    0.80 ^ _648_/Q (sky130_fd_sc_hd__dfrtp_4)
    22    0.05                           inst_count10m.rstn_i (net)
                  0.17    0.00    0.80 ^ hold3/A (sky130_fd_sc_hd__dlymetal6s2s_1)
                  0.11    0.15    0.95 ^ hold3/X (sky130_fd_sc_hd__dlymetal6s2s_1)
     2    0.01                           net46 (net)
                  0.11    0.00    0.95 ^ hold1/A (sky130_fd_sc_hd__buf_6)
                  0.03    0.10    1.05 ^ hold1/X (sky130_fd_sc_hd__buf_6)
     2    0.01                           net44 (net)
                  0.03    0.00    1.05 ^ hold2/A (sky130_fd_sc_hd__clkbuf_8)
                  0.10    0.15    1.20 ^ hold2/X (sky130_fd_sc_hd__clkbuf_8)
    14    0.05                           net45 (net)
                  0.10    0.00    1.20 ^ _651_/RESET_B (sky130_fd_sc_hd__dfrtp_1)
                                  1.20   data arrival time

                          0.00    0.00   clock sysclk_i (rise edge)
                          0.00    0.00   clock source latency
                  0.07    0.05    0.05 ^ sysclk_i (in)
     1    0.01                           sysclk_i (net)
                  0.07    0.00    0.05 ^ clkbuf_0_sysclk_i/A (sky130_fd_sc_hd__clkbuf_16)
                  0.03    0.13    0.18 ^ clkbuf_0_sysclk_i/X (sky130_fd_sc_hd__clkbuf_16)
     2    0.00                           clknet_0_sysclk_i (net)
                  0.03    0.00    0.18 ^ clkbuf_1_0_0_sysclk_i/A (sky130_fd_sc_hd__clkbuf_2)
                  0.04    0.10    0.29 ^ clkbuf_1_0_0_sysclk_i/X (sky130_fd_sc_hd__clkbuf_2)
     2    0.00                           clknet_1_0_0_sysclk_i (net)
                  0.04    0.00    0.29 ^ clkbuf_2_0_0_sysclk_i/A (sky130_fd_sc_hd__clkbuf_2)
                  0.11    0.16    0.45 ^ clkbuf_2_0_0_sysclk_i/X (sky130_fd_sc_hd__clkbuf_2)
    10    0.02                           clknet_2_0_0_sysclk_i (net)
                  0.11    0.00    0.45 ^ _651_/CLK (sky130_fd_sc_hd__dfrtp_1)
                          0.25    0.70   clock uncertainty
                         -0.03    0.66   clock reconvergence pessimism
                          0.35    1.02   library removal time
                                  1.02   data required time
-----------------------------------------------------------------------------
                                  1.02   data required time
                                 -1.20   data arrival time
-----------------------------------------------------------------------------
                                  0.18   slack (MET)


Startpoint: _648_ (rising edge-triggered flip-flop clocked by sysclk_i)
Endpoint: _652_ (removal check against rising-edge clock sysclk_i)
Path Group: **async_default**
Path Type: min

Fanout     Cap    Slew   Delay    Time   Description
-----------------------------------------------------------------------------
                          0.00    0.00   clock sysclk_i (rise edge)
                          0.00    0.00   clock source latency
                  0.07    0.04    0.04 ^ sysclk_i (in)
     1    0.01                           sysclk_i (net)
                  0.07    0.00    0.04 ^ clkbuf_0_sysclk_i/A (sky130_fd_sc_hd__clkbuf_16)
                  0.03    0.11    0.15 ^ clkbuf_0_sysclk_i/X (sky130_fd_sc_hd__clkbuf_16)
     2    0.00                           clknet_0_sysclk_i (net)
                  0.03    0.00    0.15 ^ clkbuf_1_1_0_sysclk_i/A (sky130_fd_sc_hd__clkbuf_2)
                  0.04    0.08    0.23 ^ clkbuf_1_1_0_sysclk_i/X (sky130_fd_sc_hd__clkbuf_2)
     2    0.00                           clknet_1_1_0_sysclk_i (net)
                  0.04    0.00    0.23 ^ clkbuf_2_2_0_sysclk_i/A (sky130_fd_sc_hd__clkbuf_2)
                  0.06    0.10    0.34 ^ clkbuf_2_2_0_sysclk_i/X (sky130_fd_sc_hd__clkbuf_2)
     5    0.01                           clknet_2_2_0_sysclk_i (net)
                  0.06    0.00    0.34 ^ _648_/CLK (sky130_fd_sc_hd__dfrtp_4)
                  0.17    0.46    0.80 ^ _648_/Q (sky130_fd_sc_hd__dfrtp_4)
    22    0.05                           inst_count10m.rstn_i (net)
                  0.17    0.00    0.80 ^ hold3/A (sky130_fd_sc_hd__dlymetal6s2s_1)
                  0.11    0.15    0.95 ^ hold3/X (sky130_fd_sc_hd__dlymetal6s2s_1)
     2    0.01                           net46 (net)
                  0.11    0.00    0.95 ^ hold1/A (sky130_fd_sc_hd__buf_6)
                  0.03    0.10    1.05 ^ hold1/X (sky130_fd_sc_hd__buf_6)
     2    0.01                           net44 (net)
                  0.03    0.00    1.05 ^ hold2/A (sky130_fd_sc_hd__clkbuf_8)
                  0.10    0.15    1.20 ^ hold2/X (sky130_fd_sc_hd__clkbuf_8)
    14    0.05                           net45 (net)
                  0.10    0.00    1.20 ^ _652_/RESET_B (sky130_fd_sc_hd__dfrtp_1)
                                  1.20   data arrival time

                          0.00    0.00   clock sysclk_i (rise edge)
                          0.00    0.00   clock source latency
                  0.07    0.05    0.05 ^ sysclk_i (in)
     1    0.01                           sysclk_i (net)
                  0.07    0.00    0.05 ^ clkbuf_0_sysclk_i/A (sky130_fd_sc_hd__clkbuf_16)
                  0.03    0.13    0.18 ^ clkbuf_0_sysclk_i/X (sky130_fd_sc_hd__clkbuf_16)
     2    0.00                           clknet_0_sysclk_i (net)
                  0.03    0.00    0.18 ^ clkbuf_1_0_0_sysclk_i/A (sky130_fd_sc_hd__clkbuf_2)
                  0.04    0.10    0.29 ^ clkbuf_1_0_0_sysclk_i/X (sky130_fd_sc_hd__clkbuf_2)
     2    0.00                           clknet_1_0_0_sysclk_i (net)
                  0.04    0.00    0.29 ^ clkbuf_2_0_0_sysclk_i/A (sky130_fd_sc_hd__clkbuf_2)
                  0.11    0.16    0.45 ^ clkbuf_2_0_0_sysclk_i/X (sky130_fd_sc_hd__clkbuf_2)
    10    0.02                           clknet_2_0_0_sysclk_i (net)
                  0.11    0.00    0.45 ^ _652_/CLK (sky130_fd_sc_hd__dfrtp_1)
                          0.25    0.70   clock uncertainty
                         -0.03    0.66   clock reconvergence pessimism
                          0.35    1.02   library removal time
                                  1.02   data required time
-----------------------------------------------------------------------------
                                  1.02   data required time
                                 -1.20   data arrival time
-----------------------------------------------------------------------------
                                  0.18   slack (MET)


Startpoint: _648_ (rising edge-triggered flip-flop clocked by sysclk_i)
Endpoint: _653_ (removal check against rising-edge clock sysclk_i)
Path Group: **async_default**
Path Type: min

Fanout     Cap    Slew   Delay    Time   Description
-----------------------------------------------------------------------------
                          0.00    0.00   clock sysclk_i (rise edge)
                          0.00    0.00   clock source latency
                  0.07    0.04    0.04 ^ sysclk_i (in)
     1    0.01                           sysclk_i (net)
                  0.07    0.00    0.04 ^ clkbuf_0_sysclk_i/A (sky130_fd_sc_hd__clkbuf_16)
                  0.03    0.11    0.15 ^ clkbuf_0_sysclk_i/X (sky130_fd_sc_hd__clkbuf_16)
     2    0.00                           clknet_0_sysclk_i (net)
                  0.03    0.00    0.15 ^ clkbuf_1_1_0_sysclk_i/A (sky130_fd_sc_hd__clkbuf_2)
                  0.04    0.08    0.23 ^ clkbuf_1_1_0_sysclk_i/X (sky130_fd_sc_hd__clkbuf_2)
     2    0.00                           clknet_1_1_0_sysclk_i (net)
                  0.04    0.00    0.23 ^ clkbuf_2_2_0_sysclk_i/A (sky130_fd_sc_hd__clkbuf_2)
                  0.06    0.10    0.34 ^ clkbuf_2_2_0_sysclk_i/X (sky130_fd_sc_hd__clkbuf_2)
     5    0.01                           clknet_2_2_0_sysclk_i (net)
                  0.06    0.00    0.34 ^ _648_/CLK (sky130_fd_sc_hd__dfrtp_4)
                  0.17    0.46    0.80 ^ _648_/Q (sky130_fd_sc_hd__dfrtp_4)
    22    0.05                           inst_count10m.rstn_i (net)
                  0.17    0.00    0.80 ^ hold3/A (sky130_fd_sc_hd__dlymetal6s2s_1)
                  0.11    0.15    0.95 ^ hold3/X (sky130_fd_sc_hd__dlymetal6s2s_1)
     2    0.01                           net46 (net)
                  0.11    0.00    0.95 ^ hold1/A (sky130_fd_sc_hd__buf_6)
                  0.03    0.10    1.05 ^ hold1/X (sky130_fd_sc_hd__buf_6)
     2    0.01                           net44 (net)
                  0.03    0.00    1.05 ^ hold2/A (sky130_fd_sc_hd__clkbuf_8)
                  0.10    0.15    1.20 ^ hold2/X (sky130_fd_sc_hd__clkbuf_8)
    14    0.05                           net45 (net)
                  0.10    0.00    1.20 ^ _653_/RESET_B (sky130_fd_sc_hd__dfrtp_1)
                                  1.20   data arrival time

                          0.00    0.00   clock sysclk_i (rise edge)
                          0.00    0.00   clock source latency
                  0.07    0.05    0.05 ^ sysclk_i (in)
     1    0.01                           sysclk_i (net)
                  0.07    0.00    0.05 ^ clkbuf_0_sysclk_i/A (sky130_fd_sc_hd__clkbuf_16)
                  0.03    0.13    0.18 ^ clkbuf_0_sysclk_i/X (sky130_fd_sc_hd__clkbuf_16)
     2    0.00                           clknet_0_sysclk_i (net)
                  0.03    0.00    0.18 ^ clkbuf_1_0_0_sysclk_i/A (sky130_fd_sc_hd__clkbuf_2)
                  0.04    0.10    0.29 ^ clkbuf_1_0_0_sysclk_i/X (sky130_fd_sc_hd__clkbuf_2)
     2    0.00                           clknet_1_0_0_sysclk_i (net)
                  0.04    0.00    0.29 ^ clkbuf_2_0_0_sysclk_i/A (sky130_fd_sc_hd__clkbuf_2)
                  0.11    0.16    0.45 ^ clkbuf_2_0_0_sysclk_i/X (sky130_fd_sc_hd__clkbuf_2)
    10    0.02                           clknet_2_0_0_sysclk_i (net)
                  0.11    0.00    0.45 ^ _653_/CLK (sky130_fd_sc_hd__dfrtp_1)
                          0.25    0.70   clock uncertainty
                         -0.03    0.66   clock reconvergence pessimism
                          0.35    1.02   library removal time
                                  1.02   data required time
-----------------------------------------------------------------------------
                                  1.02   data required time
                                 -1.20   data arrival time
-----------------------------------------------------------------------------
                                  0.18   slack (MET)


Startpoint: _650_ (rising edge-triggered flip-flop clocked by sysclk_i)
Endpoint: _651_ (rising edge-triggered flip-flop clocked by sysclk_i)
Path Group: sysclk_i
Path Type: min

Fanout     Cap    Slew   Delay    Time   Description
-----------------------------------------------------------------------------
                          0.00    0.00   clock sysclk_i (rise edge)
                          0.00    0.00   clock source latency
                  0.07    0.04    0.04 ^ sysclk_i (in)
     1    0.01                           sysclk_i (net)
                  0.07    0.00    0.04 ^ clkbuf_0_sysclk_i/A (sky130_fd_sc_hd__clkbuf_16)
                  0.03    0.11    0.15 ^ clkbuf_0_sysclk_i/X (sky130_fd_sc_hd__clkbuf_16)
     2    0.00                           clknet_0_sysclk_i (net)
                  0.03    0.00    0.15 ^ clkbuf_1_1_0_sysclk_i/A (sky130_fd_sc_hd__clkbuf_2)
                  0.04    0.08    0.23 ^ clkbuf_1_1_0_sysclk_i/X (sky130_fd_sc_hd__clkbuf_2)
     2    0.00                           clknet_1_1_0_sysclk_i (net)
                  0.04    0.00    0.23 ^ clkbuf_2_2_0_sysclk_i/A (sky130_fd_sc_hd__clkbuf_2)
                  0.06    0.10    0.34 ^ clkbuf_2_2_0_sysclk_i/X (sky130_fd_sc_hd__clkbuf_2)
     5    0.01                           clknet_2_2_0_sysclk_i (net)
                  0.06    0.00    0.34 ^ _650_/CLK (sky130_fd_sc_hd__dfrtp_1)
                  0.11    0.34    0.67 ^ _650_/Q (sky130_fd_sc_hd__dfrtp_1)
     3    0.01                           inst_div32768.count_int[0] (net)
                  0.11    0.00    0.67 ^ _596_/A2 (sky130_fd_sc_hd__o21a_1)
                  0.03    0.10    0.77 ^ _596_/X (sky130_fd_sc_hd__o21a_1)
     1    0.00                           _049_ (net)
                  0.03    0.00    0.77 ^ _651_/D (sky130_fd_sc_hd__dfrtp_1)
                                  0.77   data arrival time

                          0.00    0.00   clock sysclk_i (rise edge)
                          0.00    0.00   clock source latency
                  0.07    0.05    0.05 ^ sysclk_i (in)
     1    0.01                           sysclk_i (net)
                  0.07    0.00    0.05 ^ clkbuf_0_sysclk_i/A (sky130_fd_sc_hd__clkbuf_16)
                  0.03    0.13    0.18 ^ clkbuf_0_sysclk_i/X (sky130_fd_sc_hd__clkbuf_16)
     2    0.00                           clknet_0_sysclk_i (net)
                  0.03    0.00    0.18 ^ clkbuf_1_0_0_sysclk_i/A (sky130_fd_sc_hd__clkbuf_2)
                  0.04    0.10    0.29 ^ clkbuf_1_0_0_sysclk_i/X (sky130_fd_sc_hd__clkbuf_2)
     2    0.00                           clknet_1_0_0_sysclk_i (net)
                  0.04    0.00    0.29 ^ clkbuf_2_0_0_sysclk_i/A (sky130_fd_sc_hd__clkbuf_2)
                  0.11    0.16    0.45 ^ clkbuf_2_0_0_sysclk_i/X (sky130_fd_sc_hd__clkbuf_2)
    10    0.02                           clknet_2_0_0_sysclk_i (net)
                  0.11    0.00    0.45 ^ _651_/CLK (sky130_fd_sc_hd__dfrtp_1)
                          0.25    0.70   clock uncertainty
                         -0.03    0.66   clock reconvergence pessimism
                         -0.02    0.64   library hold time
                                  0.64   data required time
-----------------------------------------------------------------------------
                                  0.64   data required time
                                 -0.77   data arrival time
-----------------------------------------------------------------------------
                                  0.13   slack (MET)


Startpoint: _650_ (rising edge-triggered flip-flop clocked by sysclk_i)
Endpoint: _650_ (rising edge-triggered flip-flop clocked by sysclk_i)
Path Group: sysclk_i
Path Type: min

Fanout     Cap    Slew   Delay    Time   Description
-----------------------------------------------------------------------------
                          0.00    0.00   clock sysclk_i (rise edge)
                          0.00    0.00   clock source latency
                  0.07    0.04    0.04 ^ sysclk_i (in)
     1    0.01                           sysclk_i (net)
                  0.07    0.00    0.04 ^ clkbuf_0_sysclk_i/A (sky130_fd_sc_hd__clkbuf_16)
                  0.03    0.11    0.15 ^ clkbuf_0_sysclk_i/X (sky130_fd_sc_hd__clkbuf_16)
     2    0.00                           clknet_0_sysclk_i (net)
                  0.03    0.00    0.15 ^ clkbuf_1_1_0_sysclk_i/A (sky130_fd_sc_hd__clkbuf_2)
                  0.04    0.08    0.23 ^ clkbuf_1_1_0_sysclk_i/X (sky130_fd_sc_hd__clkbuf_2)
     2    0.00                           clknet_1_1_0_sysclk_i (net)
                  0.04    0.00    0.23 ^ clkbuf_2_2_0_sysclk_i/A (sky130_fd_sc_hd__clkbuf_2)
                  0.06    0.10    0.34 ^ clkbuf_2_2_0_sysclk_i/X (sky130_fd_sc_hd__clkbuf_2)
     5    0.01                           clknet_2_2_0_sysclk_i (net)
                  0.06    0.00    0.34 ^ _650_/CLK (sky130_fd_sc_hd__dfrtp_1)
                  0.11    0.34    0.67 ^ _650_/Q (sky130_fd_sc_hd__dfrtp_1)
     3    0.01                           inst_div32768.count_int[0] (net)
                  0.11    0.00    0.67 ^ _593_/A (sky130_fd_sc_hd__clkinv_2)
                  0.03    0.04    0.72 v _593_/Y (sky130_fd_sc_hd__clkinv_2)
     1    0.00                           _043_ (net)
                  0.03    0.00    0.72 v _650_/D (sky130_fd_sc_hd__dfrtp_1)
                                  0.72   data arrival time

                          0.00    0.00   clock sysclk_i (rise edge)
                          0.00    0.00   clock source latency
                  0.07    0.05    0.05 ^ sysclk_i (in)
     1    0.01                           sysclk_i (net)
                  0.07    0.00    0.05 ^ clkbuf_0_sysclk_i/A (sky130_fd_sc_hd__clkbuf_16)
                  0.03    0.13    0.18 ^ clkbuf_0_sysclk_i/X (sky130_fd_sc_hd__clkbuf_16)
     2    0.00                           clknet_0_sysclk_i (net)
                  0.03    0.00    0.18 ^ clkbuf_1_1_0_sysclk_i/A (sky130_fd_sc_hd__clkbuf_2)
                  0.04    0.10    0.29 ^ clkbuf_1_1_0_sysclk_i/X (sky130_fd_sc_hd__clkbuf_2)
     2    0.00                           clknet_1_1_0_sysclk_i (net)
                  0.04    0.00    0.29 ^ clkbuf_2_2_0_sysclk_i/A (sky130_fd_sc_hd__clkbuf_2)
                  0.06    0.13    0.41 ^ clkbuf_2_2_0_sysclk_i/X (sky130_fd_sc_hd__clkbuf_2)
     5    0.01                           clknet_2_2_0_sysclk_i (net)
                  0.06    0.00    0.41 ^ _650_/CLK (sky130_fd_sc_hd__dfrtp_1)
                          0.25    0.66   clock uncertainty
                         -0.07    0.59   clock reconvergence pessimism
                         -0.04    0.55   library hold time
                                  0.55   data required time
-----------------------------------------------------------------------------
                                  0.55   data required time
                                 -0.72   data arrival time
-----------------------------------------------------------------------------
                                  0.17   slack (MET)


Startpoint: _649_ (rising edge-triggered flip-flop clocked by sysclk_i)
Endpoint: _648_ (rising edge-triggered flip-flop clocked by sysclk_i)
Path Group: sysclk_i
Path Type: min

Fanout     Cap    Slew   Delay    Time   Description
-----------------------------------------------------------------------------
                          0.00    0.00   clock sysclk_i (rise edge)
                          0.00    0.00   clock source latency
                  0.07    0.04    0.04 ^ sysclk_i (in)
     1    0.01                           sysclk_i (net)
                  0.07    0.00    0.04 ^ clkbuf_0_sysclk_i/A (sky130_fd_sc_hd__clkbuf_16)
                  0.03    0.11    0.15 ^ clkbuf_0_sysclk_i/X (sky130_fd_sc_hd__clkbuf_16)
     2    0.00                           clknet_0_sysclk_i (net)
                  0.03    0.00    0.15 ^ clkbuf_1_0_0_sysclk_i/A (sky130_fd_sc_hd__clkbuf_2)
                  0.04    0.08    0.23 ^ clkbuf_1_0_0_sysclk_i/X (sky130_fd_sc_hd__clkbuf_2)
     2    0.00                           clknet_1_0_0_sysclk_i (net)
                  0.04    0.00    0.23 ^ clkbuf_2_0_0_sysclk_i/A (sky130_fd_sc_hd__clkbuf_2)
                  0.11    0.13    0.37 ^ clkbuf_2_0_0_sysclk_i/X (sky130_fd_sc_hd__clkbuf_2)
    10    0.02                           clknet_2_0_0_sysclk_i (net)
                  0.11    0.00    0.37 ^ _649_/CLK (sky130_fd_sc_hd__dfrtp_1)
                  0.06    0.31    0.68 ^ _649_/Q (sky130_fd_sc_hd__dfrtp_1)
     2    0.00                           past_smode (net)
                  0.06    0.00    0.68 ^ _595_/A2 (sky130_fd_sc_hd__a21bo_1)
                  0.03    0.09    0.77 ^ _595_/X (sky130_fd_sc_hd__a21bo_1)
     1    0.00                           _000_ (net)
                  0.03    0.00    0.77 ^ _648_/D (sky130_fd_sc_hd__dfrtp_4)
                                  0.77   data arrival time

                          0.00    0.00   clock sysclk_i (rise edge)
                          0.00    0.00   clock source latency
                  0.07    0.05    0.05 ^ sysclk_i (in)
     1    0.01                           sysclk_i (net)
                  0.07    0.00    0.05 ^ clkbuf_0_sysclk_i/A (sky130_fd_sc_hd__clkbuf_16)
                  0.03    0.13    0.18 ^ clkbuf_0_sysclk_i/X (sky130_fd_sc_hd__clkbuf_16)
     2    0.00                           clknet_0_sysclk_i (net)
                  0.03    0.00    0.18 ^ clkbuf_1_1_0_sysclk_i/A (sky130_fd_sc_hd__clkbuf_2)
                  0.04    0.10    0.29 ^ clkbuf_1_1_0_sysclk_i/X (sky130_fd_sc_hd__clkbuf_2)
     2    0.00                           clknet_1_1_0_sysclk_i (net)
                  0.04    0.00    0.29 ^ clkbuf_2_2_0_sysclk_i/A (sky130_fd_sc_hd__clkbuf_2)
                  0.06    0.13    0.41 ^ clkbuf_2_2_0_sysclk_i/X (sky130_fd_sc_hd__clkbuf_2)
     5    0.01                           clknet_2_2_0_sysclk_i (net)
                  0.06    0.00    0.41 ^ _648_/CLK (sky130_fd_sc_hd__dfrtp_4)
                          0.25    0.66   clock uncertainty
                         -0.03    0.63   clock reconvergence pessimism
                         -0.03    0.60   library hold time
                                  0.60   data required time
-----------------------------------------------------------------------------
                                  0.60   data required time
                                 -0.77   data arrival time
-----------------------------------------------------------------------------
                                  0.17   slack (MET)


Startpoint: _664_ (rising edge-triggered flip-flop clocked by sysclk_i)
Endpoint: _664_ (rising edge-triggered flip-flop clocked by sysclk_i)
Path Group: sysclk_i
Path Type: min

Fanout     Cap    Slew   Delay    Time   Description
-----------------------------------------------------------------------------
                          0.00    0.00   clock sysclk_i (rise edge)
                          0.00    0.00   clock source latency
                  0.07    0.04    0.04 ^ sysclk_i (in)
     1    0.01                           sysclk_i (net)
                  0.07    0.00    0.04 ^ clkbuf_0_sysclk_i/A (sky130_fd_sc_hd__clkbuf_16)
                  0.03    0.11    0.15 ^ clkbuf_0_sysclk_i/X (sky130_fd_sc_hd__clkbuf_16)
     2    0.00                           clknet_0_sysclk_i (net)
                  0.03    0.00    0.15 ^ clkbuf_1_0_0_sysclk_i/A (sky130_fd_sc_hd__clkbuf_2)
                  0.04    0.08    0.23 ^ clkbuf_1_0_0_sysclk_i/X (sky130_fd_sc_hd__clkbuf_2)
     2    0.00                           clknet_1_0_0_sysclk_i (net)
                  0.04    0.00    0.23 ^ clkbuf_2_1_0_sysclk_i/A (sky130_fd_sc_hd__clkbuf_2)
                  0.09    0.12    0.35 ^ clkbuf_2_1_0_sysclk_i/X (sky130_fd_sc_hd__clkbuf_2)
     8    0.01                           clknet_2_1_0_sysclk_i (net)
                  0.09    0.00    0.35 ^ _664_/CLK (sky130_fd_sc_hd__dfrtp_1)
                  0.06    0.31    0.66 ^ _664_/Q (sky130_fd_sc_hd__dfrtp_1)
     2    0.00                           inst_div32768.count_int[14] (net)
                  0.06    0.00    0.66 ^ _622_/A1 (sky130_fd_sc_hd__o21a_1)
                  0.03    0.10    0.76 ^ _622_/X (sky130_fd_sc_hd__o21a_1)
     1    0.00                           _048_ (net)
                  0.03    0.00    0.76 ^ _664_/D (sky130_fd_sc_hd__dfrtp_1)
                                  0.76   data arrival time

                          0.00    0.00   clock sysclk_i (rise edge)
                          0.00    0.00   clock source latency
                  0.07    0.05    0.05 ^ sysclk_i (in)
     1    0.01                           sysclk_i (net)
                  0.07    0.00    0.05 ^ clkbuf_0_sysclk_i/A (sky130_fd_sc_hd__clkbuf_16)
                  0.03    0.13    0.18 ^ clkbuf_0_sysclk_i/X (sky130_fd_sc_hd__clkbuf_16)
     2    0.00                           clknet_0_sysclk_i (net)
                  0.03    0.00    0.18 ^ clkbuf_1_0_0_sysclk_i/A (sky130_fd_sc_hd__clkbuf_2)
                  0.04    0.10    0.29 ^ clkbuf_1_0_0_sysclk_i/X (sky130_fd_sc_hd__clkbuf_2)
     2    0.00                           clknet_1_0_0_sysclk_i (net)
                  0.04    0.00    0.29 ^ clkbuf_2_1_0_sysclk_i/A (sky130_fd_sc_hd__clkbuf_2)
                  0.09    0.15    0.43 ^ clkbuf_2_1_0_sysclk_i/X (sky130_fd_sc_hd__clkbuf_2)
     8    0.01                           clknet_2_1_0_sysclk_i (net)
                  0.09    0.00    0.43 ^ _664_/CLK (sky130_fd_sc_hd__dfrtp_1)
                          0.25    0.68   clock uncertainty
                         -0.08    0.60   clock reconvergence pessimism
                         -0.03    0.58   library hold time
                                  0.58   data required time
-----------------------------------------------------------------------------
                                  0.58   data required time
                                 -0.76   data arrival time
-----------------------------------------------------------------------------
                                  0.18   slack (MET)


Startpoint: _653_ (rising edge-triggered flip-flop clocked by sysclk_i)
Endpoint: _653_ (rising edge-triggered flip-flop clocked by sysclk_i)
Path Group: sysclk_i
Path Type: min

Fanout     Cap    Slew   Delay    Time   Description
-----------------------------------------------------------------------------
                          0.00    0.00   clock sysclk_i (rise edge)
                          0.00    0.00   clock source latency
                  0.07    0.04    0.04 ^ sysclk_i (in)
     1    0.01                           sysclk_i (net)
                  0.07    0.00    0.04 ^ clkbuf_0_sysclk_i/A (sky130_fd_sc_hd__clkbuf_16)
                  0.03    0.11    0.15 ^ clkbuf_0_sysclk_i/X (sky130_fd_sc_hd__clkbuf_16)
     2    0.00                           clknet_0_sysclk_i (net)
                  0.03    0.00    0.15 ^ clkbuf_1_0_0_sysclk_i/A (sky130_fd_sc_hd__clkbuf_2)
                  0.04    0.08    0.23 ^ clkbuf_1_0_0_sysclk_i/X (sky130_fd_sc_hd__clkbuf_2)
     2    0.00                           clknet_1_0_0_sysclk_i (net)
                  0.04    0.00    0.23 ^ clkbuf_2_0_0_sysclk_i/A (sky130_fd_sc_hd__clkbuf_2)
                  0.11    0.13    0.37 ^ clkbuf_2_0_0_sysclk_i/X (sky130_fd_sc_hd__clkbuf_2)
    10    0.02                           clknet_2_0_0_sysclk_i (net)
                  0.11    0.00    0.37 ^ _653_/CLK (sky130_fd_sc_hd__dfrtp_1)
                  0.06    0.31    0.68 ^ _653_/Q (sky130_fd_sc_hd__dfrtp_1)
     2    0.00                           inst_div32768.count_int[3] (net)
                  0.06    0.00    0.68 ^ _598_/B1 (sky130_fd_sc_hd__a21oi_1)
                  0.03    0.03    0.71 v _598_/Y (sky130_fd_sc_hd__a21oi_1)
     1    0.00                           _291_ (net)
                  0.03    0.00    0.71 v _599_/B (sky130_fd_sc_hd__nor2_1)
                  0.06    0.06    0.77 ^ _599_/Y (sky130_fd_sc_hd__nor2_1)
     1    0.00                           _051_ (net)
                  0.06    0.00    0.77 ^ _653_/D (sky130_fd_sc_hd__dfrtp_1)
                                  0.77   data arrival time

                          0.00    0.00   clock sysclk_i (rise edge)
                          0.00    0.00   clock source latency
                  0.07    0.05    0.05 ^ sysclk_i (in)
     1    0.01                           sysclk_i (net)
                  0.07    0.00    0.05 ^ clkbuf_0_sysclk_i/A (sky130_fd_sc_hd__clkbuf_16)
                  0.03    0.13    0.18 ^ clkbuf_0_sysclk_i/X (sky130_fd_sc_hd__clkbuf_16)
     2    0.00                           clknet_0_sysclk_i (net)
                  0.03    0.00    0.18 ^ clkbuf_1_0_0_sysclk_i/A (sky130_fd_sc_hd__clkbuf_2)
                  0.04    0.10    0.29 ^ clkbuf_1_0_0_sysclk_i/X (sky130_fd_sc_hd__clkbuf_2)
     2    0.00                           clknet_1_0_0_sysclk_i (net)
                  0.04    0.00    0.29 ^ clkbuf_2_0_0_sysclk_i/A (sky130_fd_sc_hd__clkbuf_2)
                  0.11    0.16    0.45 ^ clkbuf_2_0_0_sysclk_i/X (sky130_fd_sc_hd__clkbuf_2)
    10    0.02                           clknet_2_0_0_sysclk_i (net)
                  0.11    0.00    0.45 ^ _653_/CLK (sky130_fd_sc_hd__dfrtp_1)
                          0.25    0.70   clock uncertainty
                         -0.08    0.62   clock reconvergence pessimism
                         -0.03    0.59   library hold time
                                  0.59   data required time
-----------------------------------------------------------------------------
                                  0.59   data required time
                                 -0.77   data arrival time
-----------------------------------------------------------------------------
                                  0.18   slack (MET)


