0-prep 0h0m1s804ms
1-opensta 0h0m1s88ms
1-yosys 0h0m1s511ms
3-verilog2def_openroad 0h0m1s37ms
4-ioPlacer 0h0m0s753ms
5-tapcell 0h0m0s752ms
7-pdn 0h0m1s144ms
8-replace 0h0m1s461ms
8-resizer_design_optimization 0h0m1s290ms
9-write_verilog 0h0m0s758ms
9-resizer_design_optimization_sta 0h0m1s83ms
11-opendp 0h0m0s788ms
12-cts 0h0m36s928ms
13-write_verilog 0h0m0s762ms
13-resizer_timing_optimization 0h0m1s169ms
14-write_verilog 0h0m0s804ms
14-resizer_timing_optimization_sta 0h0m1s85ms
15-resizer_timing_optimization 0h0m1s239ms
16-write_verilog 0h0m0s759ms
16-resizer_timing_optimization_sta 0h0m1s92ms
18-opendp 0h0m0s790ms
19-fastroute 0h0m1s276ms
20-addspacers 0h0m0s809ms
21-write_verilog 0h0m0s796ms