0-prep 0h0m1s813ms
1-opensta 0h0m1s40ms
1-yosys 0h0m1s528ms
3-verilog2def_openroad 0h0m1s52ms
4-ioPlacer 0h0m0s750ms
5-tapcell 0h0m0s751ms
7-pdn 0h0m1s92ms
8-replace 0h0m1s339ms
8-resizer_design_optimization 0h0m1s396ms
9-write_verilog 0h0m0s765ms
9-resizer_design_optimization_sta 0h0m1s77ms
11-opendp 0h0m0s779ms
12-cts 0h0m36s565ms
13-write_verilog 0h0m0s772ms
13-resizer_timing_optimization 0h0m1s142ms
14-write_verilog 0h0m0s766ms
14-resizer_timing_optimization_sta 0h0m1s65ms
15-resizer_timing_optimization 0h0m1s218ms
16-write_verilog 0h0m0s754ms
16-resizer_timing_optimization_sta 0h0m1s61ms
18-opendp 0h0m0s792ms
19-fastroute 0h0m1s185ms
20-addspacers 0h0m0s773ms
21-write_verilog 0h0m0s775ms