Startpoint: _648_ (rising edge-triggered flip-flop clocked by sysclk_i)
Endpoint: _684_ (removal check against rising-edge clock sysclk_i)
Path Group: **async_default**
Path Type: min

Fanout     Cap    Slew   Delay    Time   Description
-----------------------------------------------------------------------------
                          0.00    0.00   clock sysclk_i (rise edge)
                          0.48    0.48   clock network delay (propagated)
                  0.13    0.00    0.48 ^ _648_/CLK (sky130_fd_sc_hd__dfrtp_4)
                  0.30    0.56    1.05 ^ _648_/Q (sky130_fd_sc_hd__dfrtp_4)
    22    0.10                           inst_count10m.rstn_i (net)
                  0.30    0.01    1.05 ^ hold3/A (sky130_fd_sc_hd__dlymetal6s2s_1)
                  0.23    0.25    1.30 ^ hold3/X (sky130_fd_sc_hd__dlymetal6s2s_1)
     2    0.02                           net46 (net)
                  0.23    0.00    1.31 ^ _684_/SET_B (sky130_fd_sc_hd__dfstp_2)
                                  1.31   data arrival time

                          0.00    0.00   clock sysclk_i (rise edge)
                          0.61    0.61   clock network delay (propagated)
                          0.25    0.86   clock uncertainty
                         -0.05    0.81   clock reconvergence pessimism
                                  0.81 ^ _684_/CLK (sky130_fd_sc_hd__dfstp_2)
                          0.17    0.98   library removal time
                                  0.98   data required time
-----------------------------------------------------------------------------
                                  0.98   data required time
                                 -1.31   data arrival time
-----------------------------------------------------------------------------
                                  0.32   slack (MET)


Startpoint: _650_ (rising edge-triggered flip-flop clocked by sysclk_i)
Endpoint: _651_ (rising edge-triggered flip-flop clocked by sysclk_i)
Path Group: sysclk_i
Path Type: min

Fanout     Cap    Slew   Delay    Time   Description
-----------------------------------------------------------------------------
                          0.00    0.00   clock sysclk_i (rise edge)
                          0.48    0.48   clock network delay (propagated)
                  0.13    0.00    0.48 ^ _650_/CLK (sky130_fd_sc_hd__dfrtp_1)
                  0.13    0.37    0.86 ^ _650_/Q (sky130_fd_sc_hd__dfrtp_1)
     3    0.01                           inst_div32768.count_int[0] (net)
                  0.13    0.00    0.86 ^ _596_/A2 (sky130_fd_sc_hd__o21a_1)
                  0.06    0.12    0.98 ^ _596_/X (sky130_fd_sc_hd__o21a_1)
     1    0.01                           _049_ (net)
                  0.06    0.00    0.98 ^ _651_/D (sky130_fd_sc_hd__dfrtp_1)
                                  0.98   data arrival time

                          0.00    0.00   clock sysclk_i (rise edge)
                          0.63    0.63   clock network delay (propagated)
                          0.25    0.88   clock uncertainty
                         -0.05    0.84   clock reconvergence pessimism
                                  0.84 ^ _651_/CLK (sky130_fd_sc_hd__dfrtp_1)
                         -0.02    0.82   library hold time
                                  0.82   data required time
-----------------------------------------------------------------------------
                                  0.82   data required time
                                 -0.98   data arrival time
-----------------------------------------------------------------------------
                                  0.16   slack (MET)


Startpoint: rstn_i (input port clocked by sysclk_i)
Endpoint: _648_ (recovery check against rising-edge clock sysclk_i)
Path Group: **async_default**
Path Type: max

Fanout     Cap    Slew   Delay    Time   Description
-----------------------------------------------------------------------------
                          0.00    0.00   clock sysclk_i (rise edge)
                          0.00    0.00   clock network delay (propagated)
                          2.00    2.00 ^ input external delay
                  0.06    0.04    2.04 ^ rstn_i (in)
     1    0.01                           rstn_i (net)
                  0.06    0.00    2.04 ^ input14/A (sky130_fd_sc_hd__buf_6)
                  0.17    0.19    2.23 ^ input14/X (sky130_fd_sc_hd__buf_6)
    14    0.08                           net14 (net)
                  0.18    0.03    2.27 ^ _648_/RESET_B (sky130_fd_sc_hd__dfrtp_4)
                                  2.27   data arrival time

                         10.00   10.00   clock sysclk_i (rise edge)
                          0.48   10.48   clock network delay (propagated)
                         -0.25   10.23   clock uncertainty
                          0.00   10.23   clock reconvergence pessimism
                                 10.23 ^ _648_/CLK (sky130_fd_sc_hd__dfrtp_4)
                          0.20   10.43   library recovery time
                                 10.43   data required time
-----------------------------------------------------------------------------
                                 10.43   data required time
                                 -2.27   data arrival time
-----------------------------------------------------------------------------
                                  8.17   slack (MET)


Startpoint: _645_ (falling edge-triggered flip-flop)
Endpoint: segment_xhxx[2] (output port clocked by sysclk_i)
Path Group: sysclk_i
Path Type: max

Fanout     Cap    Slew   Delay    Time   Description
-----------------------------------------------------------------------------
                  0.03    0.00    0.00 v _645_/CLK_N (sky130_fd_sc_hd__dfbbn_2)
                  0.10    0.71    0.71 v _645_/Q (sky130_fd_sc_hd__dfbbn_2)
     6    0.03                           inst_count24h.count_int[2] (net)
                  0.10    0.02    0.73 v _441_/A (sky130_fd_sc_hd__inv_2)
                  0.07    0.10    0.83 ^ _441_/Y (sky130_fd_sc_hd__inv_2)
     3    0.01                           _184_ (net)
                  0.07    0.00    0.83 ^ _442_/A (sky130_fd_sc_hd__or2_1)
                  0.05    0.12    0.95 ^ _442_/X (sky130_fd_sc_hd__or2_1)
     1    0.00                           _185_ (net)
                  0.05    0.00    0.96 ^ _443_/A (sky130_fd_sc_hd__dlymetal6s2s_1)
                  0.17    0.20    1.15 ^ _443_/X (sky130_fd_sc_hd__dlymetal6s2s_1)
     3    0.02                           _024_ (net)
                  0.17    0.01    1.16 ^ _444_/A (sky130_fd_sc_hd__clkinv_2)
                  0.05    0.07    1.24 v _444_/Y (sky130_fd_sc_hd__clkinv_2)
     1    0.00                           _023_ (net)
                  0.05    0.00    1.24 v _630_/A0 (sky130_fd_sc_hd__mux2_1)
                  0.06    0.31    1.54 v _630_/X (sky130_fd_sc_hd__mux2_1)
     1    0.00                           _031_ (net)
                  0.06    0.00    1.55 v _452_/A (sky130_fd_sc_hd__nor3b_1)
                  0.29    0.32    1.87 ^ _452_/Y (sky130_fd_sc_hd__nor3b_1)
     2    0.01                           _190_ (net)
                  0.29    0.00    1.87 ^ _453_/A (sky130_fd_sc_hd__or2b_1)
                  0.05    0.17    2.04 ^ _453_/X (sky130_fd_sc_hd__or2b_1)
     1    0.00                           _191_ (net)
                  0.05    0.00    2.04 ^ _454_/A (sky130_fd_sc_hd__clkbuf_1)
                  0.12    0.15    2.19 ^ _454_/X (sky130_fd_sc_hd__clkbuf_1)
     2    0.01                           _032_ (net)
                  0.12    0.00    2.19 ^ _631_/A0 (sky130_fd_sc_hd__mux2_1)
                  0.15    0.24    2.43 ^ _631_/X (sky130_fd_sc_hd__mux2_1)
     4    0.02                           _034_ (net)
                  0.15    0.01    2.44 ^ _470_/B (sky130_fd_sc_hd__or2_1)
                  0.08    0.16    2.60 ^ _470_/X (sky130_fd_sc_hd__or2_1)
     2    0.01                           _204_ (net)
                  0.08    0.00    2.60 ^ _471_/A (sky130_fd_sc_hd__clkbuf_2)
                  0.15    0.21    2.81 ^ _471_/X (sky130_fd_sc_hd__clkbuf_2)
     5    0.03                           _205_ (net)
                  0.15    0.01    2.81 ^ _487_/A (sky130_fd_sc_hd__inv_2)
                  0.05    0.07    2.89 v _487_/Y (sky130_fd_sc_hd__inv_2)
     3    0.01                           _220_ (net)
                  0.05    0.00    2.89 v _489_/A3 (sky130_fd_sc_hd__a31o_1)
                  0.06    0.26    3.15 v _489_/X (sky130_fd_sc_hd__a31o_1)
     2    0.01                           _222_ (net)
                  0.06    0.00    3.15 v _495_/A (sky130_fd_sc_hd__or3b_1)
                  0.10    0.46    3.62 v _495_/X (sky130_fd_sc_hd__or3b_1)
     3    0.01                           _227_ (net)
                  0.10    0.00    3.62 v _496_/B (sky130_fd_sc_hd__or3b_2)
                  0.12    0.57    4.19 v _496_/X (sky130_fd_sc_hd__or3b_2)
     1    0.02                           _228_ (net)
                  0.12    0.01    4.20 v _497_/A (sky130_fd_sc_hd__clkbuf_1)
                  0.03    0.14    4.34 v _497_/X (sky130_fd_sc_hd__clkbuf_1)
     1    0.00                           net25 (net)
                  0.03    0.00    4.34 v output25/A (sky130_fd_sc_hd__buf_2)
                  0.10    0.19    4.53 v output25/X (sky130_fd_sc_hd__buf_2)
     1    0.03                           segment_xhxx[2] (net)
                  0.10    0.01    4.55 v segment_xhxx[2] (out)
                                  4.55   data arrival time

                         10.00   10.00   clock sysclk_i (rise edge)
                          0.00   10.00   clock network delay (propagated)
                         -0.25    9.75   clock uncertainty
                          0.00    9.75   clock reconvergence pessimism
                         -2.00    7.75   output external delay
                                  7.75   data required time
-----------------------------------------------------------------------------
                                  7.75   data required time
                                 -4.55   data arrival time
-----------------------------------------------------------------------------
                                  3.20   slack (MET)


