0-prep 0h0m1s813ms
1-opensta 0h0m1s128ms
1-yosys 0h0m1s661ms
3-verilog2def_openroad 0h0m1s65ms
4-ioPlacer 0h0m0s786ms
5-tapcell 0h0m0s772ms
7-pdn 0h0m1s324ms
8-replace 0h0m2s48ms
8-resizer_design_optimization 0h0m1s387ms
9-write_verilog 0h0m0s768ms
9-resizer_design_optimization_sta 0h0m1s111ms
11-opendp 0h0m0s811ms
12-cts 0h0m37s80ms
13-write_verilog 0h0m0s780ms
13-resizer_timing_optimization 0h0m1s171ms
14-write_verilog 0h0m0s758ms
14-resizer_timing_optimization_sta 0h0m1s133ms
15-resizer_timing_optimization 0h0m1s262ms
16-write_verilog 0h0m0s755ms
16-resizer_timing_optimization_sta 0h0m1s85ms
18-opendp 0h0m0s801ms
19-fastroute 0h0m1s317ms
20-addspacers 0h0m0s915ms
21-write_verilog 0h0m0s864ms