Instance name,  X location,  Y location,  Voltage 
PHY_348, 5.4, 486.88, 1.8
PHY_349, 491.4, 486.88, 1.8
PHY_344, 5.4, 481.44, 1.8
PHY_346, 5.4, 481.44, 1.8
PHY_345, 491.4, 481.44, 1.8
PHY_347, 491.4, 481.44, 1.8
PHY_340, 5.4, 476, 1.8
PHY_342, 5.4, 476, 1.8
PHY_341, 491.4, 476, 1.8
PHY_343, 491.4, 476, 1.8
PHY_336, 5.4, 470.56, 1.8
PHY_338, 5.4, 470.56, 1.8
PHY_337, 491.4, 470.56, 1.8
PHY_339, 491.4, 470.56, 1.8
PHY_332, 5.4, 465.12, 1.8
PHY_334, 5.4, 465.12, 1.8
PHY_333, 491.4, 465.12, 1.8
PHY_335, 491.4, 465.12, 1.8
PHY_328, 5.4, 459.68, 1.8
PHY_330, 5.4, 459.68, 1.8
PHY_329, 491.4, 459.68, 1.8
PHY_331, 491.4, 459.68, 1.8
PHY_324, 5.4, 454.24, 1.8
PHY_326, 5.4, 454.24, 1.8
PHY_325, 491.4, 454.24, 1.8
PHY_327, 491.4, 454.24, 1.8
PHY_320, 5.4, 448.8, 1.8
PHY_322, 5.4, 448.8, 1.8
PHY_321, 491.4, 448.8, 1.8
PHY_323, 491.4, 448.8, 1.8
PHY_316, 5.4, 443.36, 1.8
PHY_318, 5.4, 443.36, 1.8
PHY_317, 491.4, 443.36, 1.8
PHY_319, 491.4, 443.36, 1.8
PHY_312, 5.4, 437.92, 1.8
PHY_314, 5.4, 437.92, 1.8
PHY_313, 491.4, 437.92, 1.8
PHY_315, 491.4, 437.92, 1.8
PHY_308, 5.4, 432.48, 1.8
PHY_310, 5.4, 432.48, 1.8
PHY_309, 491.4, 432.48, 1.8
PHY_311, 491.4, 432.48, 1.8
PHY_304, 5.4, 427.04, 1.8
PHY_306, 5.4, 427.04, 1.8
PHY_305, 491.4, 427.04, 1.8
PHY_307, 491.4, 427.04, 1.8
PHY_300, 5.4, 421.6, 1.8
PHY_302, 5.4, 421.6, 1.8
PHY_301, 491.4, 421.6, 1.8
PHY_303, 491.4, 421.6, 1.8
PHY_296, 5.4, 416.16, 1.8
PHY_298, 5.4, 416.16, 1.8
PHY_297, 491.4, 416.16, 1.8
PHY_299, 491.4, 416.16, 1.8
PHY_292, 5.4, 410.72, 1.8
PHY_294, 5.4, 410.72, 1.8
PHY_293, 491.4, 410.72, 1.8
PHY_295, 491.4, 410.72, 1.8
PHY_288, 5.4, 405.28, 1.8
PHY_290, 5.4, 405.28, 1.8
PHY_289, 491.4, 405.28, 1.8
PHY_291, 491.4, 405.28, 1.8
PHY_284, 5.4, 399.84, 1.8
PHY_286, 5.4, 399.84, 1.8
PHY_285, 491.4, 399.84, 1.8
PHY_287, 491.4, 399.84, 1.8
PHY_280, 5.4, 394.4, 1.8
PHY_282, 5.4, 394.4, 1.8
PHY_281, 491.4, 394.4, 1.8
PHY_283, 491.4, 394.4, 1.8
PHY_276, 5.4, 388.96, 1.8
PHY_278, 5.4, 388.96, 1.8
PHY_277, 491.4, 388.96, 1.8
PHY_279, 491.4, 388.96, 1.8
PHY_272, 5.4, 383.52, 1.8
PHY_274, 5.4, 383.52, 1.8
PHY_273, 491.4, 383.52, 1.8
PHY_275, 491.4, 383.52, 1.8
PHY_268, 5.4, 378.08, 1.8
PHY_270, 5.4, 378.08, 1.8
PHY_269, 491.4, 378.08, 1.8
PHY_271, 491.4, 378.08, 1.8
PHY_264, 5.4, 372.64, 1.8
PHY_266, 5.4, 372.64, 1.8
PHY_265, 491.4, 372.64, 1.8
PHY_267, 491.4, 372.64, 1.8
PHY_260, 5.4, 367.2, 1.8
PHY_262, 5.4, 367.2, 1.8
PHY_261, 491.4, 367.2, 1.8
PHY_263, 491.4, 367.2, 1.8
PHY_256, 5.4, 361.76, 1.8
PHY_258, 5.4, 361.76, 1.8
PHY_257, 491.4, 361.76, 1.8
PHY_259, 491.4, 361.76, 1.8
PHY_252, 5.4, 356.32, 1.8
PHY_254, 5.4, 356.32, 1.8
PHY_253, 491.4, 356.32, 1.8
PHY_255, 491.4, 356.32, 1.8
PHY_248, 5.4, 350.88, 1.8
PHY_250, 5.4, 350.88, 1.8
PHY_249, 491.4, 350.88, 1.8
PHY_251, 491.4, 350.88, 1.8
PHY_244, 5.4, 345.44, 1.8
PHY_246, 5.4, 345.44, 1.8
PHY_245, 491.4, 345.44, 1.8
PHY_247, 491.4, 345.44, 1.8
PHY_240, 5.4, 340, 1.8
PHY_242, 5.4, 340, 1.8
PHY_241, 491.4, 340, 1.8
PHY_243, 491.4, 340, 1.8
PHY_236, 5.4, 334.56, 1.8
PHY_238, 5.4, 334.56, 1.8
PHY_237, 491.4, 334.56, 1.8
PHY_239, 491.4, 334.56, 1.8
PHY_232, 5.4, 329.12, 1.8
PHY_234, 5.4, 329.12, 1.8
PHY_233, 491.4, 329.12, 1.8
PHY_235, 491.4, 329.12, 1.8
PHY_228, 5.4, 323.68, 1.8
PHY_230, 5.4, 323.68, 1.8
PHY_229, 491.4, 323.68, 1.8
PHY_231, 491.4, 323.68, 1.8
PHY_224, 5.4, 318.24, 1.8
PHY_226, 5.4, 318.24, 1.8
PHY_225, 491.4, 318.24, 1.8
PHY_227, 491.4, 318.24, 1.8
PHY_220, 5.4, 312.8, 1.8
PHY_222, 5.4, 312.8, 1.8
PHY_221, 491.4, 312.8, 1.8
PHY_223, 491.4, 312.8, 1.8
PHY_216, 5.4, 307.36, 1.8
PHY_218, 5.4, 307.36, 1.8
PHY_217, 491.4, 307.36, 1.8
PHY_219, 491.4, 307.36, 1.8
PHY_212, 5.4, 301.92, 1.8
PHY_214, 5.4, 301.92, 1.8
PHY_213, 491.4, 301.92, 1.8
PHY_215, 491.4, 301.92, 1.8
PHY_208, 5.4, 296.48, 1.8
PHY_210, 5.4, 296.48, 1.8
PHY_209, 491.4, 296.48, 1.8
PHY_211, 491.4, 296.48, 1.8
PHY_204, 5.4, 291.04, 1.8
PHY_206, 5.4, 291.04, 1.8
PHY_205, 491.4, 291.04, 1.8
PHY_207, 491.4, 291.04, 1.8
PHY_200, 5.4, 285.6, 1.8
PHY_202, 5.4, 285.6, 1.8
PHY_201, 491.4, 285.6, 1.8
PHY_203, 491.4, 285.6, 1.8
PHY_196, 5.4, 280.16, 1.8
PHY_198, 5.4, 280.16, 1.8
PHY_197, 491.4, 280.16, 1.8
PHY_199, 491.4, 280.16, 1.8
PHY_192, 5.4, 274.72, 1.8
PHY_194, 5.4, 274.72, 1.8
PHY_193, 491.4, 274.72, 1.8
PHY_195, 491.4, 274.72, 1.8
PHY_188, 5.4, 269.28, 1.8
PHY_190, 5.4, 269.28, 1.8
PHY_189, 491.4, 269.28, 1.8
PHY_191, 491.4, 269.28, 1.8
PHY_184, 5.4, 263.84, 1.8
PHY_186, 5.4, 263.84, 1.8
PHY_185, 491.4, 263.84, 1.8
PHY_187, 491.4, 263.84, 1.8
PHY_180, 5.4, 258.4, 1.8
PHY_182, 5.4, 258.4, 1.8
PHY_181, 491.4, 258.4, 1.8
PHY_183, 491.4, 258.4, 1.8
PHY_176, 5.4, 252.96, 1.8
PHY_178, 5.4, 252.96, 1.8
PHY_177, 491.4, 252.96, 1.8
PHY_179, 491.4, 252.96, 1.8
PHY_172, 5.4, 247.52, 1.8
PHY_174, 5.4, 247.52, 1.8
PHY_173, 491.4, 247.52, 1.8
PHY_175, 491.4, 247.52, 1.8
PHY_168, 5.4, 242.08, 1.8
PHY_170, 5.4, 242.08, 1.8
PHY_169, 491.4, 242.08, 1.8
PHY_171, 491.4, 242.08, 1.8
PHY_164, 5.4, 236.64, 1.8
PHY_166, 5.4, 236.64, 1.8
PHY_165, 491.4, 236.64, 1.8
PHY_167, 491.4, 236.64, 1.8
PHY_160, 5.4, 231.2, 1.8
PHY_162, 5.4, 231.2, 1.8
PHY_161, 491.4, 231.2, 1.8
PHY_163, 491.4, 231.2, 1.8
PHY_156, 5.4, 225.76, 1.8
PHY_158, 5.4, 225.76, 1.8
PHY_157, 491.4, 225.76, 1.8
PHY_159, 491.4, 225.76, 1.8
PHY_152, 5.4, 220.32, 1.8
PHY_154, 5.4, 220.32, 1.8
PHY_153, 491.4, 220.32, 1.8
PHY_155, 491.4, 220.32, 1.8
PHY_148, 5.4, 214.88, 1.8
PHY_150, 5.4, 214.88, 1.8
PHY_149, 491.4, 214.88, 1.8
PHY_151, 491.4, 214.88, 1.8
PHY_144, 5.4, 209.44, 1.8
PHY_146, 5.4, 209.44, 1.8
PHY_145, 491.4, 209.44, 1.8
PHY_147, 491.4, 209.44, 1.8
PHY_140, 5.4, 204, 1.8
PHY_142, 5.4, 204, 1.8
PHY_141, 491.4, 204, 1.8
PHY_143, 491.4, 204, 1.8
PHY_136, 5.4, 198.56, 1.8
PHY_138, 5.4, 198.56, 1.8
PHY_137, 491.4, 198.56, 1.8
PHY_139, 491.4, 198.56, 1.8
PHY_132, 5.4, 193.12, 1.8
PHY_134, 5.4, 193.12, 1.8
PHY_133, 491.4, 193.12, 1.8
PHY_135, 491.4, 193.12, 1.8
PHY_128, 5.4, 187.68, 1.8
PHY_130, 5.4, 187.68, 1.8
PHY_129, 491.4, 187.68, 1.8
PHY_131, 491.4, 187.68, 1.8
PHY_124, 5.4, 182.24, 1.8
PHY_126, 5.4, 182.24, 1.8
PHY_125, 491.4, 182.24, 1.8
PHY_127, 491.4, 182.24, 1.8
PHY_120, 5.4, 176.8, 1.8
PHY_122, 5.4, 176.8, 1.8
PHY_121, 491.4, 176.8, 1.8
PHY_123, 491.4, 176.8, 1.8
PHY_116, 5.4, 171.36, 1.8
PHY_118, 5.4, 171.36, 1.8
PHY_117, 491.4, 171.36, 1.8
PHY_119, 491.4, 171.36, 1.8
PHY_112, 5.4, 165.92, 1.8
PHY_114, 5.4, 165.92, 1.8
PHY_113, 491.4, 165.92, 1.8
PHY_115, 491.4, 165.92, 1.8
PHY_108, 5.4, 160.48, 1.8
PHY_110, 5.4, 160.48, 1.8
PHY_109, 491.4, 160.48, 1.8
PHY_111, 491.4, 160.48, 1.8
PHY_104, 5.4, 155.04, 1.8
PHY_106, 5.4, 155.04, 1.8
PHY_105, 491.4, 155.04, 1.8
PHY_107, 491.4, 155.04, 1.8
PHY_100, 5.4, 149.6, 1.8
PHY_102, 5.4, 149.6, 1.8
PHY_101, 491.4, 149.6, 1.8
PHY_103, 491.4, 149.6, 1.8
PHY_96, 5.4, 144.16, 1.8
PHY_98, 5.4, 144.16, 1.8
PHY_97, 491.4, 144.16, 1.8
PHY_99, 491.4, 144.16, 1.8
PHY_92, 5.4, 138.72, 1.8
PHY_94, 5.4, 138.72, 1.8
PHY_93, 491.4, 138.72, 1.8
PHY_95, 491.4, 138.72, 1.8
PHY_88, 5.4, 133.28, 1.8
PHY_90, 5.4, 133.28, 1.8
PHY_89, 491.4, 133.28, 1.8
PHY_91, 491.4, 133.28, 1.8
PHY_84, 5.4, 127.84, 1.8
PHY_86, 5.4, 127.84, 1.8
PHY_85, 491.4, 127.84, 1.8
PHY_87, 491.4, 127.84, 1.8
PHY_80, 5.4, 122.4, 1.8
PHY_82, 5.4, 122.4, 1.8
PHY_81, 491.4, 122.4, 1.8
PHY_83, 491.4, 122.4, 1.8
PHY_76, 5.4, 116.96, 1.8
PHY_78, 5.4, 116.96, 1.8
PHY_77, 491.4, 116.96, 1.8
PHY_79, 491.4, 116.96, 1.8
PHY_72, 5.4, 111.52, 1.8
PHY_74, 5.4, 111.52, 1.8
PHY_73, 491.4, 111.52, 1.8
PHY_75, 491.4, 111.52, 1.8
PHY_68, 5.4, 106.08, 1.8
PHY_70, 5.4, 106.08, 1.8
PHY_69, 491.4, 106.08, 1.8
PHY_71, 491.4, 106.08, 1.8
PHY_64, 5.4, 100.64, 1.8
PHY_66, 5.4, 100.64, 1.8
PHY_65, 491.4, 100.64, 1.8
PHY_67, 491.4, 100.64, 1.8
PHY_60, 5.4, 95.2, 1.8
PHY_62, 5.4, 95.2, 1.8
PHY_61, 491.4, 95.2, 1.8
PHY_63, 491.4, 95.2, 1.8
PHY_56, 5.4, 89.76, 1.8
PHY_58, 5.4, 89.76, 1.8
PHY_57, 491.4, 89.76, 1.8
PHY_59, 491.4, 89.76, 1.8
PHY_52, 5.4, 84.32, 1.8
PHY_54, 5.4, 84.32, 1.8
PHY_53, 491.4, 84.32, 1.8
PHY_55, 491.4, 84.32, 1.8
PHY_48, 5.4, 78.88, 1.8
PHY_50, 5.4, 78.88, 1.8
PHY_49, 491.4, 78.88, 1.8
PHY_51, 491.4, 78.88, 1.8
PHY_44, 5.4, 73.44, 1.8
PHY_46, 5.4, 73.44, 1.8
PHY_45, 491.4, 73.44, 1.8
PHY_47, 491.4, 73.44, 1.8
PHY_40, 5.4, 68, 1.8
PHY_42, 5.4, 68, 1.8
PHY_41, 491.4, 68, 1.8
PHY_43, 491.4, 68, 1.8
PHY_36, 5.4, 62.56, 1.8
PHY_38, 5.4, 62.56, 1.8
PHY_37, 491.4, 62.56, 1.8
PHY_39, 491.4, 62.56, 1.8
PHY_32, 5.4, 57.12, 1.8
PHY_34, 5.4, 57.12, 1.8
PHY_33, 491.4, 57.12, 1.8
PHY_35, 491.4, 57.12, 1.8
PHY_28, 5.4, 51.68, 1.8
PHY_30, 5.4, 51.68, 1.8
PHY_29, 491.4, 51.68, 1.8
PHY_31, 491.4, 51.68, 1.8
PHY_24, 5.4, 46.24, 1.8
PHY_26, 5.4, 46.24, 1.8
PHY_25, 491.4, 46.24, 1.8
PHY_27, 491.4, 46.24, 1.8
PHY_20, 5.4, 40.8, 1.8
PHY_22, 5.4, 40.8, 1.8
PHY_21, 491.4, 40.8, 1.8
PHY_23, 491.4, 40.8, 1.8
PHY_16, 5.4, 35.36, 1.8
PHY_18, 5.4, 35.36, 1.8
PHY_17, 491.4, 35.36, 1.8
PHY_19, 491.4, 35.36, 1.8
PHY_12, 5.4, 29.92, 1.8
PHY_14, 5.4, 29.92, 1.8
PHY_13, 491.4, 29.92, 1.8
PHY_15, 491.4, 29.92, 1.8
PHY_10, 5.4, 24.48, 1.8
PHY_8, 5.4, 24.48, 1.8
PHY_11, 491.4, 24.48, 1.8
PHY_9, 491.4, 24.48, 1.8
PHY_4, 5.4, 19.04, 1.8
PHY_6, 5.4, 19.04, 1.8
PHY_5, 491.4, 19.04, 1.8
PHY_7, 491.4, 19.04, 1.8
PHY_0, 5.4, 13.6, 1.8
PHY_2, 5.4, 13.6, 1.8
_392_, 5.4, 13.6, 1.8
_393_, 5.4, 13.6, 1.8
_394_, 5.4, 13.6, 1.8
_395_, 5.4, 13.6, 1.8
_396_, 5.4, 13.6, 1.8
_397_, 5.4, 13.6, 1.8
_398_, 5.4, 13.6, 1.8
_399_, 5.4, 13.6, 1.8
_400_, 5.4, 13.6, 1.8
_401_, 5.4, 13.6, 1.8
_402_, 5.4, 13.6, 1.8
_403_, 5.4, 13.6, 1.8
_404_, 5.4, 13.6, 1.8
_405_, 5.4, 13.6, 1.8
_406_, 5.4, 13.6, 1.8
_407_, 5.4, 13.6, 1.8
_408_, 5.4, 13.6, 1.8
_409_, 5.4, 13.6, 1.8
_410_, 5.4, 13.6, 1.8
_411_, 5.4, 13.6, 1.8
_412_, 5.4, 13.6, 1.8
_413_, 5.4, 13.6, 1.8
_414_, 5.4, 13.6, 1.8
_415_, 5.4, 13.6, 1.8
_416_, 5.4, 13.6, 1.8
_417_, 5.4, 13.6, 1.8
_418_, 5.4, 13.6, 1.8
_419_, 5.4, 13.6, 1.8
_420_, 5.4, 13.6, 1.8
_421_, 5.4, 13.6, 1.8
_422_, 5.4, 13.6, 1.8
_423_, 5.4, 13.6, 1.8
_424_, 5.4, 13.6, 1.8
_425_, 5.4, 13.6, 1.8
_426_, 5.4, 13.6, 1.8
_427_, 5.4, 13.6, 1.8
_428_, 5.4, 13.6, 1.8
_429_, 5.4, 13.6, 1.8
_430_, 5.4, 13.6, 1.8
_431_, 5.4, 13.6, 1.8
_432_, 5.4, 13.6, 1.8
_433_, 5.4, 13.6, 1.8
_434_, 5.4, 13.6, 1.8
_435_, 5.4, 13.6, 1.8
_436_, 5.4, 13.6, 1.8
_437_, 5.4, 13.6, 1.8
_438_, 5.4, 13.6, 1.8
_439_, 5.4, 13.6, 1.8
_440_, 5.4, 13.6, 1.8
_441_, 5.4, 13.6, 1.8
_442_, 5.4, 13.6, 1.8
_443_, 5.4, 13.6, 1.8
_444_, 5.4, 13.6, 1.8
_445_, 5.4, 13.6, 1.8
_446_, 5.4, 13.6, 1.8
_447_, 5.4, 13.6, 1.8
_448_, 5.4, 13.6, 1.8
_449_, 5.4, 13.6, 1.8
_450_, 5.4, 13.6, 1.8
_451_, 5.4, 13.6, 1.8
_452_, 5.4, 13.6, 1.8
_453_, 5.4, 13.6, 1.8
_454_, 5.4, 13.6, 1.8
_455_, 5.4, 13.6, 1.8
_456_, 5.4, 13.6, 1.8
_457_, 5.4, 13.6, 1.8
_458_, 5.4, 13.6, 1.8
_459_, 5.4, 13.6, 1.8
_460_, 5.4, 13.6, 1.8
_461_, 5.4, 13.6, 1.8
_462_, 5.4, 13.6, 1.8
_463_, 5.4, 13.6, 1.8
_464_, 5.4, 13.6, 1.8
_465_, 5.4, 13.6, 1.8
_466_, 5.4, 13.6, 1.8
_467_, 5.4, 13.6, 1.8
_468_, 5.4, 13.6, 1.8
_469_, 5.4, 13.6, 1.8
_470_, 5.4, 13.6, 1.8
_471_, 5.4, 13.6, 1.8
_472_, 5.4, 13.6, 1.8
_473_, 5.4, 13.6, 1.8
_474_, 5.4, 13.6, 1.8
_475_, 5.4, 13.6, 1.8
_476_, 5.4, 13.6, 1.8
_477_, 5.4, 13.6, 1.8
_478_, 5.4, 13.6, 1.8
_479_, 5.4, 13.6, 1.8
_480_, 5.4, 13.6, 1.8
_481_, 5.4, 13.6, 1.8
_482_, 5.4, 13.6, 1.8
_483_, 5.4, 13.6, 1.8
_484_, 5.4, 13.6, 1.8
_485_, 5.4, 13.6, 1.8
_486_, 5.4, 13.6, 1.8
_487_, 5.4, 13.6, 1.8
_488_, 5.4, 13.6, 1.8
_489_, 5.4, 13.6, 1.8
_490_, 5.4, 13.6, 1.8
_491_, 5.4, 13.6, 1.8
_492_, 5.4, 13.6, 1.8
_493_, 5.4, 13.6, 1.8
_494_, 5.4, 13.6, 1.8
_495_, 5.4, 13.6, 1.8
_496_, 5.4, 13.6, 1.8
_497_, 5.4, 13.6, 1.8
_498_, 5.4, 13.6, 1.8
_499_, 5.4, 13.6, 1.8
_500_, 5.4, 13.6, 1.8
_501_, 5.4, 13.6, 1.8
_502_, 5.4, 13.6, 1.8
_503_, 5.4, 13.6, 1.8
_504_, 5.4, 13.6, 1.8
_505_, 5.4, 13.6, 1.8
_506_, 5.4, 13.6, 1.8
_507_, 5.4, 13.6, 1.8
_508_, 5.4, 13.6, 1.8
_509_, 5.4, 13.6, 1.8
_510_, 5.4, 13.6, 1.8
_511_, 5.4, 13.6, 1.8
_512_, 5.4, 13.6, 1.8
_513_, 5.4, 13.6, 1.8
_514_, 5.4, 13.6, 1.8
_515_, 5.4, 13.6, 1.8
_516_, 5.4, 13.6, 1.8
_517_, 5.4, 13.6, 1.8
_518_, 5.4, 13.6, 1.8
_519_, 5.4, 13.6, 1.8
_520_, 5.4, 13.6, 1.8
_521_, 5.4, 13.6, 1.8
_522_, 5.4, 13.6, 1.8
_523_, 5.4, 13.6, 1.8
_524_, 5.4, 13.6, 1.8
_525_, 5.4, 13.6, 1.8
_526_, 5.4, 13.6, 1.8
_527_, 5.4, 13.6, 1.8
_528_, 5.4, 13.6, 1.8
_529_, 5.4, 13.6, 1.8
_530_, 5.4, 13.6, 1.8
_531_, 5.4, 13.6, 1.8
_532_, 5.4, 13.6, 1.8
_533_, 5.4, 13.6, 1.8
_534_, 5.4, 13.6, 1.8
_535_, 5.4, 13.6, 1.8
_536_, 5.4, 13.6, 1.8
_537_, 5.4, 13.6, 1.8
_538_, 5.4, 13.6, 1.8
_539_, 5.4, 13.6, 1.8
_540_, 5.4, 13.6, 1.8
_541_, 5.4, 13.6, 1.8
_542_, 5.4, 13.6, 1.8
_543_, 5.4, 13.6, 1.8
_544_, 5.4, 13.6, 1.8
_545_, 5.4, 13.6, 1.8
_546_, 5.4, 13.6, 1.8
_547_, 5.4, 13.6, 1.8
_548_, 5.4, 13.6, 1.8
_549_, 5.4, 13.6, 1.8
_550_, 5.4, 13.6, 1.8
_551_, 5.4, 13.6, 1.8
_552_, 5.4, 13.6, 1.8
_553_, 5.4, 13.6, 1.8
_554_, 5.4, 13.6, 1.8
_555_, 5.4, 13.6, 1.8
_556_, 5.4, 13.6, 1.8
_557_, 5.4, 13.6, 1.8
_558_, 5.4, 13.6, 1.8
_559_, 5.4, 13.6, 1.8
_560_, 5.4, 13.6, 1.8
_561_, 5.4, 13.6, 1.8
_562_, 5.4, 13.6, 1.8
_563_, 5.4, 13.6, 1.8
_564_, 5.4, 13.6, 1.8
_565_, 5.4, 13.6, 1.8
_566_, 5.4, 13.6, 1.8
_567_, 5.4, 13.6, 1.8
_568_, 5.4, 13.6, 1.8
_569_, 5.4, 13.6, 1.8
_570_, 5.4, 13.6, 1.8
_571_, 5.4, 13.6, 1.8
_572_, 5.4, 13.6, 1.8
_573_, 5.4, 13.6, 1.8
_574_, 5.4, 13.6, 1.8
_575_, 5.4, 13.6, 1.8
_576_, 5.4, 13.6, 1.8
_577_, 5.4, 13.6, 1.8
_578_, 5.4, 13.6, 1.8
_579_, 5.4, 13.6, 1.8
_580_, 5.4, 13.6, 1.8
_581_, 5.4, 13.6, 1.8
_582_, 5.4, 13.6, 1.8
_583_, 5.4, 13.6, 1.8
_584_, 5.4, 13.6, 1.8
_585_, 5.4, 13.6, 1.8
_586_, 5.4, 13.6, 1.8
_587_, 5.4, 13.6, 1.8
_588_, 5.4, 13.6, 1.8
_589_, 5.4, 13.6, 1.8
_590_, 5.4, 13.6, 1.8
_591_, 5.4, 13.6, 1.8
_592_, 5.4, 13.6, 1.8
_593_, 5.4, 13.6, 1.8
_594_, 5.4, 13.6, 1.8
_595_, 5.4, 13.6, 1.8
_596_, 5.4, 13.6, 1.8
_597_, 5.4, 13.6, 1.8
_598_, 5.4, 13.6, 1.8
_599_, 5.4, 13.6, 1.8
_600_, 5.4, 13.6, 1.8
_601_, 5.4, 13.6, 1.8
_602_, 5.4, 13.6, 1.8
_603_, 5.4, 13.6, 1.8
_604_, 5.4, 13.6, 1.8
_605_, 5.4, 13.6, 1.8
_606_, 5.4, 13.6, 1.8
_607_, 5.4, 13.6, 1.8
_608_, 5.4, 13.6, 1.8
_609_, 5.4, 13.6, 1.8
_610_, 5.4, 13.6, 1.8
_611_, 5.4, 13.6, 1.8
_612_, 5.4, 13.6, 1.8
_613_, 5.4, 13.6, 1.8
_614_, 5.4, 13.6, 1.8
_615_, 5.4, 13.6, 1.8
_616_, 5.4, 13.6, 1.8
_617_, 5.4, 13.6, 1.8
_618_, 5.4, 13.6, 1.8
_619_, 5.4, 13.6, 1.8
_620_, 5.4, 13.6, 1.8
_621_, 5.4, 13.6, 1.8
_622_, 5.4, 13.6, 1.8
_623_, 5.4, 13.6, 1.8
_624_, 5.4, 13.6, 1.8
_625_, 5.4, 13.6, 1.8
_626_, 5.4, 13.6, 1.8
_627_, 5.4, 13.6, 1.8
_628_, 5.4, 13.6, 1.8
_629_, 5.4, 13.6, 1.8
_630_, 5.4, 13.6, 1.8
_631_, 5.4, 13.6, 1.8
_632_, 5.4, 13.6, 1.8
_633_, 5.4, 13.6, 1.8
_634_, 5.4, 13.6, 1.8
_635_, 5.4, 13.6, 1.8
_636_, 5.4, 13.6, 1.8
_637_, 5.4, 13.6, 1.8
_638_, 5.4, 13.6, 1.8
_639_, 5.4, 13.6, 1.8
_640_, 5.4, 13.6, 1.8
_641_, 5.4, 13.6, 1.8
_642_, 5.4, 13.6, 1.8
_643_, 5.4, 13.6, 1.8
_644_, 5.4, 13.6, 1.8
_645_, 5.4, 13.6, 1.8
_646_, 5.4, 13.6, 1.8
_647_, 5.4, 13.6, 1.8
_648_, 5.4, 13.6, 1.8
_649_, 5.4, 13.6, 1.8
_650_, 5.4, 13.6, 1.8
_651_, 5.4, 13.6, 1.8
_652_, 5.4, 13.6, 1.8
_653_, 5.4, 13.6, 1.8
_654_, 5.4, 13.6, 1.8
_655_, 5.4, 13.6, 1.8
_656_, 5.4, 13.6, 1.8
_657_, 5.4, 13.6, 1.8
_658_, 5.4, 13.6, 1.8
_659_, 5.4, 13.6, 1.8
_660_, 5.4, 13.6, 1.8
_661_, 5.4, 13.6, 1.8
_662_, 5.4, 13.6, 1.8
_663_, 5.4, 13.6, 1.8
_664_, 5.4, 13.6, 1.8
_665_, 5.4, 13.6, 1.8
_666_, 5.4, 13.6, 1.8
_667_, 5.4, 13.6, 1.8
_668_, 5.4, 13.6, 1.8
_669_, 5.4, 13.6, 1.8
_670_, 5.4, 13.6, 1.8
_671_, 5.4, 13.6, 1.8
_672_, 5.4, 13.6, 1.8
_673_, 5.4, 13.6, 1.8
_674_, 5.4, 13.6, 1.8
_675_, 5.4, 13.6, 1.8
_676_, 5.4, 13.6, 1.8
_677_, 5.4, 13.6, 1.8
_678_, 5.4, 13.6, 1.8
_679_, 5.4, 13.6, 1.8
_680_, 5.4, 13.6, 1.8
_681_, 5.4, 13.6, 1.8
_682_, 5.4, 13.6, 1.8
_683_, 5.4, 13.6, 1.8
_684_, 5.4, 13.6, 1.8
_685_, 5.4, 13.6, 1.8
_686_, 5.4, 13.6, 1.8
_687_, 5.4, 13.6, 1.8
_688_, 5.4, 13.6, 1.8
_689_, 5.4, 13.6, 1.8
_690_, 5.4, 13.6, 1.8
_691_, 5.4, 13.6, 1.8
_692_, 5.4, 13.6, 1.8
_693_, 5.4, 13.6, 1.8
_694_, 5.4, 13.6, 1.8
_695_, 5.4, 13.6, 1.8
_696_, 5.4, 13.6, 1.8
_697_, 5.4, 13.6, 1.8
_698_, 5.4, 13.6, 1.8
_699_, 5.4, 13.6, 1.8
_700_, 5.4, 13.6, 1.8
_701_, 5.4, 13.6, 1.8
_702_, 5.4, 13.6, 1.8
_703_, 5.4, 13.6, 1.8
_704_, 5.4, 13.6, 1.8
_705_, 5.4, 13.6, 1.8
_706_, 5.4, 13.6, 1.8
_707_, 5.4, 13.6, 1.8
_708_, 5.4, 13.6, 1.8
_709_, 5.4, 13.6, 1.8
_710_, 5.4, 13.6, 1.8
_711_, 5.4, 13.6, 1.8
_712_, 5.4, 13.6, 1.8
_713_, 5.4, 13.6, 1.8
_714_, 5.4, 13.6, 1.8
_715_, 5.4, 13.6, 1.8
_716_, 5.4, 13.6, 1.8
_717_, 5.4, 13.6, 1.8
_718_, 5.4, 13.6, 1.8
_719_, 5.4, 13.6, 1.8
_720_, 5.4, 13.6, 1.8
_721_, 5.4, 13.6, 1.8
_722_, 5.4, 13.6, 1.8
_723_, 5.4, 13.6, 1.8
_724_, 5.4, 13.6, 1.8
_725_, 5.4, 13.6, 1.8
_726_, 5.4, 13.6, 1.8
_727_, 5.4, 13.6, 1.8
_728_, 5.4, 13.6, 1.8
_729_, 5.4, 13.6, 1.8
_730_, 5.4, 13.6, 1.8
_731_, 5.4, 13.6, 1.8
_732_, 5.4, 13.6, 1.8
_733_, 5.4, 13.6, 1.8
_734_, 5.4, 13.6, 1.8
_735_, 5.4, 13.6, 1.8
_736_, 5.4, 13.6, 1.8
_737_, 5.4, 13.6, 1.8
_738_, 5.4, 13.6, 1.8
_739_, 5.4, 13.6, 1.8
_740_, 5.4, 13.6, 1.8
_741_, 5.4, 13.6, 1.8
_742_, 5.4, 13.6, 1.8
_743_, 5.4, 13.6, 1.8
_744_, 5.4, 13.6, 1.8
_745_, 5.4, 13.6, 1.8
_746_, 5.4, 13.6, 1.8
_747_, 5.4, 13.6, 1.8
_748_, 5.4, 13.6, 1.8
_749_, 5.4, 13.6, 1.8
_750_, 5.4, 13.6, 1.8
_751_, 5.4, 13.6, 1.8
_752_, 5.4, 13.6, 1.8
_753_, 5.4, 13.6, 1.8
_754_, 5.4, 13.6, 1.8
_755_, 5.4, 13.6, 1.8
_756_, 5.4, 13.6, 1.8
_757_, 5.4, 13.6, 1.8
_758_, 5.4, 13.6, 1.8
_759_, 5.4, 13.6, 1.8
_760_, 5.4, 13.6, 1.8
_761_, 5.4, 13.6, 1.8
_762_, 5.4, 13.6, 1.8
_763_, 5.4, 13.6, 1.8
_764_, 5.4, 13.6, 1.8
_765_, 5.4, 13.6, 1.8
_766_, 5.4, 13.6, 1.8
_767_, 5.4, 13.6, 1.8
_768_, 5.4, 13.6, 1.8
_769_, 5.4, 13.6, 1.8
_770_, 5.4, 13.6, 1.8
_771_, 5.4, 13.6, 1.8
_772_, 5.4, 13.6, 1.8
_773_, 5.4, 13.6, 1.8
_774_, 5.4, 13.6, 1.8
_775_, 5.4, 13.6, 1.8
_776_, 5.4, 13.6, 1.8
_777_, 5.4, 13.6, 1.8
_778_, 5.4, 13.6, 1.8
_779_, 5.4, 13.6, 1.8
_780_, 5.4, 13.6, 1.8
_781_, 5.4, 13.6, 1.8
_782_, 5.4, 13.6, 1.8
_783_, 5.4, 13.6, 1.8
_784_, 5.4, 13.6, 1.8
_785_, 5.4, 13.6, 1.8
_786_, 5.4, 13.6, 1.8
_787_, 5.4, 13.6, 1.8
_788_, 5.4, 13.6, 1.8
_789_, 5.4, 13.6, 1.8
_790_, 5.4, 13.6, 1.8
_791_, 5.4, 13.6, 1.8
_792_, 5.4, 13.6, 1.8
_793_, 5.4, 13.6, 1.8
_794_, 5.4, 13.6, 1.8
_795_, 5.4, 13.6, 1.8
_796_, 5.4, 13.6, 1.8
_797_, 5.4, 13.6, 1.8
_798_, 5.4, 13.6, 1.8
_799_, 5.4, 13.6, 1.8
_800_, 5.4, 13.6, 1.8
_801_, 5.4, 13.6, 1.8
_802_, 5.4, 13.6, 1.8
_803_, 5.4, 13.6, 1.8
_804_, 5.4, 13.6, 1.8
_805_, 5.4, 13.6, 1.8
_806_, 5.4, 13.6, 1.8
_807_, 5.4, 13.6, 1.8
_808_, 5.4, 13.6, 1.8
_809_, 5.4, 13.6, 1.8
_810_, 5.4, 13.6, 1.8
_811_, 5.4, 13.6, 1.8
_812_, 5.4, 13.6, 1.8
_813_, 5.4, 13.6, 1.8
_814_, 5.4, 13.6, 1.8
_815_, 5.4, 13.6, 1.8
_816_, 5.4, 13.6, 1.8
_817_, 5.4, 13.6, 1.8
_818_, 5.4, 13.6, 1.8
_819_, 5.4, 13.6, 1.8
_820_, 5.4, 13.6, 1.8
_821_, 5.4, 13.6, 1.8
_822_, 5.4, 13.6, 1.8
_823_, 5.4, 13.6, 1.8
_824_, 5.4, 13.6, 1.8
_825_, 5.4, 13.6, 1.8
_826_, 5.4, 13.6, 1.8
_827_, 5.4, 13.6, 1.8
_828_, 5.4, 13.6, 1.8
_829_, 5.4, 13.6, 1.8
_830_, 5.4, 13.6, 1.8
_831_, 5.4, 13.6, 1.8
_832_, 5.4, 13.6, 1.8
_833_, 5.4, 13.6, 1.8
_834_, 5.4, 13.6, 1.8
_835_, 5.4, 13.6, 1.8
_836_, 5.4, 13.6, 1.8
_837_, 5.4, 13.6, 1.8
_838_, 5.4, 13.6, 1.8
_839_, 5.4, 13.6, 1.8
_840_, 5.4, 13.6, 1.8
_841_, 5.4, 13.6, 1.8
_842_, 5.4, 13.6, 1.8
_843_, 5.4, 13.6, 1.8
_844_, 5.4, 13.6, 1.8
_845_, 5.4, 13.6, 1.8
_846_, 5.4, 13.6, 1.8
_847_, 5.4, 13.6, 1.8
_848_, 5.4, 13.6, 1.8
_849_, 5.4, 13.6, 1.8
PHY_1, 491.4, 13.6, 1.8
PHY_3, 491.4, 13.6, 1.8

