
===========================================================================
report_checks -unconstrained
============================================================================
Startpoint: rstn_i (input port clocked by sysclk_i)
Endpoint: _648_ (recovery check against rising-edge clock sysclk_i)
Path Group: **async_default**
Path Type: max

Fanout     Cap    Slew   Delay    Time   Description
-----------------------------------------------------------------------------
                  0.15    0.00    0.00   clock sysclk_i (rise edge)
                          0.00    0.00   clock network delay (ideal)
                          2.00    2.00 ^ input external delay
                  0.09    0.06    2.06 ^ rstn_i (in)
     1    0.01                           rstn_i (net)
                  0.09    0.00    2.06 ^ input14/A (sky130_fd_sc_hd__buf_12)
                  0.07    0.15    2.21 ^ input14/X (sky130_fd_sc_hd__buf_12)
    14    0.05                           net14 (net)
                  0.07    0.00    2.21 ^ _648_/RESET_B (sky130_fd_sc_hd__dfrtp_4)
                                  2.21   data arrival time

                  0.15   10.00   10.00   clock sysclk_i (rise edge)
                          0.00   10.00   clock network delay (ideal)
                         -0.25    9.75   clock uncertainty
                          0.00    9.75   clock reconvergence pessimism
                                  9.75 ^ _648_/CLK (sky130_fd_sc_hd__dfrtp_4)
                          0.24    9.99   library recovery time
                                  9.99   data required time
-----------------------------------------------------------------------------
                                  9.99   data required time
                                 -2.21   data arrival time
-----------------------------------------------------------------------------
                                  7.78   slack (MET)


Startpoint: _645_ (falling edge-triggered flip-flop)
Endpoint: segment_xhxx[3] (output port clocked by sysclk_i)
Path Group: sysclk_i
Path Type: max

Fanout     Cap    Slew   Delay    Time   Description
-----------------------------------------------------------------------------
                  0.02    0.00    0.00 v _645_/CLK_N (sky130_fd_sc_hd__dfbbn_2)
                  0.07    0.70    0.70 v _645_/Q (sky130_fd_sc_hd__dfbbn_2)
     6    0.03                           inst_count24h.count_int[2] (net)
                  0.07    0.00    0.70 v _441_/A (sky130_fd_sc_hd__inv_2)
                  0.04    0.06    0.77 ^ _441_/Y (sky130_fd_sc_hd__inv_2)
     3    0.00                           _184_ (net)
                  0.04    0.00    0.77 ^ _442_/A (sky130_fd_sc_hd__or2_1)
                  0.04    0.09    0.86 ^ _442_/X (sky130_fd_sc_hd__or2_1)
     1    0.00                           _185_ (net)
                  0.04    0.00    0.86 ^ _443_/A (sky130_fd_sc_hd__clkbuf_1)
                  0.12    0.14    1.00 ^ _443_/X (sky130_fd_sc_hd__clkbuf_1)
     3    0.01                           _024_ (net)
                  0.12    0.00    1.00 ^ _444_/A (sky130_fd_sc_hd__inv_2)
                  0.02    0.03    1.03 v _444_/Y (sky130_fd_sc_hd__inv_2)
     1    0.00                           _023_ (net)
                  0.02    0.00    1.03 v _630_/A0 (sky130_fd_sc_hd__mux2_1)
                  0.05    0.29    1.32 v _630_/X (sky130_fd_sc_hd__mux2_1)
     1    0.00                           _031_ (net)
                  0.05    0.00    1.32 v _452_/A (sky130_fd_sc_hd__nor3b_1)
                  0.20    0.24    1.56 ^ _452_/Y (sky130_fd_sc_hd__nor3b_1)
     2    0.00                           _190_ (net)
                  0.20    0.00    1.56 ^ _453_/A (sky130_fd_sc_hd__or2b_1)
                  0.04    0.14    1.70 ^ _453_/X (sky130_fd_sc_hd__or2b_1)
     1    0.00                           _191_ (net)
                  0.04    0.00    1.70 ^ _454_/A (sky130_fd_sc_hd__clkbuf_1)
                  0.09    0.12    1.82 ^ _454_/X (sky130_fd_sc_hd__clkbuf_1)
     2    0.01                           _032_ (net)
                  0.09    0.00    1.82 ^ _463_/A (sky130_fd_sc_hd__clkinv_2)
                  0.03    0.05    1.87 v _463_/Y (sky130_fd_sc_hd__clkinv_2)
     1    0.00                           _040_ (net)
                  0.03    0.00    1.87 v _634_/A0 (sky130_fd_sc_hd__mux2_1)
                  0.10    0.36    2.23 v _634_/X (sky130_fd_sc_hd__mux2_1)
     4    0.01                           _041_ (net)
                  0.10    0.00    2.23 v _473_/B2 (sky130_fd_sc_hd__o22a_1)
                  0.06    0.21    2.44 v _473_/X (sky130_fd_sc_hd__o22a_1)
     3    0.01                           _207_ (net)
                  0.06    0.00    2.44 v _479_/B (sky130_fd_sc_hd__or2_1)
                  0.06    0.24    2.68 v _479_/X (sky130_fd_sc_hd__or2_1)
     2    0.00                           _212_ (net)
                  0.06    0.00    2.68 v _480_/C1 (sky130_fd_sc_hd__o311a_1)
                  0.06    0.13    2.80 v _480_/X (sky130_fd_sc_hd__o311a_1)
     1    0.00                           _213_ (net)
                  0.06    0.00    2.80 v _481_/A (sky130_fd_sc_hd__inv_2)
                  0.03    0.06    2.86 ^ _481_/Y (sky130_fd_sc_hd__inv_2)
     2    0.00                           _214_ (net)
                  0.03    0.00    2.86 ^ _484_/A (sky130_fd_sc_hd__or2_1)
                  0.10    0.14    3.00 ^ _484_/X (sky130_fd_sc_hd__or2_1)
     3    0.01                           _217_ (net)
                  0.10    0.00    3.00 ^ _499_/A (sky130_fd_sc_hd__nor2_1)
                  0.03    0.05    3.05 v _499_/Y (sky130_fd_sc_hd__nor2_1)
     1    0.00                           _230_ (net)
                  0.03    0.00    3.05 v _500_/D (sky130_fd_sc_hd__or4_1)
                  0.07    0.41    3.47 v _500_/X (sky130_fd_sc_hd__or4_1)
     1    0.00                           _231_ (net)
                  0.07    0.00    3.47 v _501_/A (sky130_fd_sc_hd__buf_2)
                  0.09    0.21    3.68 v _501_/X (sky130_fd_sc_hd__buf_2)
     1    0.03                           segment_xhxx[3] (net)
                  0.09    0.00    3.68 v segment_xhxx[3] (out)
                                  3.68   data arrival time

                  0.15   10.00   10.00   clock sysclk_i (rise edge)
                          0.00   10.00   clock network delay (ideal)
                         -0.25    9.75   clock uncertainty
                          0.00    9.75   clock reconvergence pessimism
                         -2.00    7.75   output external delay
                                  7.75   data required time
-----------------------------------------------------------------------------
                                  7.75   data required time
                                 -3.68   data arrival time
-----------------------------------------------------------------------------
                                  4.07   slack (MET)



===========================================================================
report_checks --slack_max -0.01
============================================================================
No paths found.
