Startpoint: _648_ (rising edge-triggered flip-flop clocked by sysclk_i)
Endpoint: _650_ (removal check against rising-edge clock sysclk_i)
Path Group: **async_default**
Path Type: min

Fanout     Cap    Slew   Delay    Time   Description
-----------------------------------------------------------------------------
                  0.15    0.00    0.00   clock sysclk_i (rise edge)
                          0.00    0.00   clock network delay (ideal)
                  0.15    0.00    0.00 ^ _648_/CLK (sky130_fd_sc_hd__dfrtp_2)
                  0.76    0.95    0.95 ^ _648_/Q (sky130_fd_sc_hd__dfrtp_2)
    37    0.16                           inst_count10m.rstn_i (net)
                  0.76    0.00    0.95 ^ _650_/RESET_B (sky130_fd_sc_hd__dfrtp_2)
                                  0.95   data arrival time

                  0.15    0.00    0.00   clock sysclk_i (rise edge)
                          0.00    0.00   clock network delay (ideal)
                          0.25    0.25   clock uncertainty
                          0.00    0.25   clock reconvergence pessimism
                                  0.25 ^ _650_/CLK (sky130_fd_sc_hd__dfrtp_2)
                          0.70    0.95   library removal time
                                  0.95   data required time
-----------------------------------------------------------------------------
                                  0.95   data required time
                                 -0.95   data arrival time
-----------------------------------------------------------------------------
                                  0.00   slack (MET)


Startpoint: _650_ (rising edge-triggered flip-flop clocked by sysclk_i)
Endpoint: _650_ (rising edge-triggered flip-flop clocked by sysclk_i)
Path Group: sysclk_i
Path Type: min

Fanout     Cap    Slew   Delay    Time   Description
-----------------------------------------------------------------------------
                  0.15    0.00    0.00   clock sysclk_i (rise edge)
                          0.00    0.00   clock network delay (ideal)
                  0.15    0.00    0.00 ^ _650_/CLK (sky130_fd_sc_hd__dfrtp_2)
                  0.08    0.52    0.52 ^ _650_/Q (sky130_fd_sc_hd__dfrtp_2)
     3    0.01                           inst_div32768.count_int[0] (net)
                  0.08    0.00    0.52 ^ _593_/A (sky130_fd_sc_hd__inv_2)
                  0.02    0.03    0.54 v _593_/Y (sky130_fd_sc_hd__inv_2)
     1    0.00                           _043_ (net)
                  0.02    0.00    0.54 v _650_/D (sky130_fd_sc_hd__dfrtp_2)
                                  0.54   data arrival time

                  0.15    0.00    0.00   clock sysclk_i (rise edge)
                          0.00    0.00   clock network delay (ideal)
                          0.25    0.25   clock uncertainty
                          0.00    0.25   clock reconvergence pessimism
                                  0.25 ^ _650_/CLK (sky130_fd_sc_hd__dfrtp_2)
                          0.12    0.37   library hold time
                                  0.37   data required time
-----------------------------------------------------------------------------
                                  0.37   data required time
                                 -0.54   data arrival time
-----------------------------------------------------------------------------
                                  0.18   slack (MET)


Startpoint: rstn_i (input port clocked by sysclk_i)
Endpoint: _671_ (recovery check against rising-edge clock sysclk_i)
Path Group: **async_default**
Path Type: max

Fanout     Cap    Slew   Delay    Time   Description
-----------------------------------------------------------------------------
                  0.15    0.00    0.00   clock sysclk_i (rise edge)
                          0.00    0.00   clock network delay (ideal)
                          2.00    2.00 ^ input external delay
                  0.99    0.77    2.77 ^ rstn_i (in)
    14    0.12                           rstn_i (net)
                  0.99    0.00    2.77 ^ _671_/RESET_B (sky130_fd_sc_hd__dfrtp_2)
                                  2.77   data arrival time

                  0.15   10.00   10.00   clock sysclk_i (rise edge)
                          0.00   10.00   clock network delay (ideal)
                         -0.25    9.75   clock uncertainty
                          0.00    9.75   clock reconvergence pessimism
                                  9.75 ^ _671_/CLK (sky130_fd_sc_hd__dfrtp_2)
                          0.17    9.92   library recovery time
                                  9.92   data required time
-----------------------------------------------------------------------------
                                  9.92   data required time
                                 -2.77   data arrival time
-----------------------------------------------------------------------------
                                  7.14   slack (MET)


Startpoint: _645_ (falling edge-triggered flip-flop)
Endpoint: segment_xhxx[2] (output port clocked by sysclk_i)
Path Group: sysclk_i
Path Type: max

Fanout     Cap    Slew   Delay    Time   Description
-----------------------------------------------------------------------------
                  0.03    0.00    0.00 v _645_/CLK_N (sky130_fd_sc_hd__dfbbn_2)
                  0.07    0.70    0.70 v _645_/Q (sky130_fd_sc_hd__dfbbn_2)
     6    0.02                           inst_count24h.count_int[2] (net)
                  0.07    0.00    0.70 v _441_/A (sky130_fd_sc_hd__inv_2)
                  0.04    0.07    0.77 ^ _441_/Y (sky130_fd_sc_hd__inv_2)
     3    0.01                           _184_ (net)
                  0.04    0.00    0.77 ^ _442_/A (sky130_fd_sc_hd__or2_2)
                  0.03    0.10    0.87 ^ _442_/X (sky130_fd_sc_hd__or2_2)
     1    0.00                           _185_ (net)
                  0.03    0.00    0.87 ^ _443_/A (sky130_fd_sc_hd__buf_1)
                  0.16    0.17    1.04 ^ _443_/X (sky130_fd_sc_hd__buf_1)
     3    0.01                           _024_ (net)
                  0.16    0.00    1.04 ^ _444_/A (sky130_fd_sc_hd__inv_2)
                  0.03    0.04    1.09 v _444_/Y (sky130_fd_sc_hd__inv_2)
     1    0.00                           _023_ (net)
                  0.03    0.00    1.09 v _630_/A0 (sky130_fd_sc_hd__mux2_1)
                  0.07    0.32    1.41 v _630_/X (sky130_fd_sc_hd__mux2_1)
     1    0.01                           _031_ (net)
                  0.07    0.00    1.41 v _452_/A (sky130_fd_sc_hd__nor3b_2)
                  0.18    0.24    1.65 ^ _452_/Y (sky130_fd_sc_hd__nor3b_2)
     2    0.01                           _190_ (net)
                  0.18    0.00    1.65 ^ _453_/A (sky130_fd_sc_hd__or2b_2)
                  0.03    0.16    1.80 ^ _453_/X (sky130_fd_sc_hd__or2b_2)
     1    0.00                           _191_ (net)
                  0.03    0.00    1.80 ^ _454_/A (sky130_fd_sc_hd__buf_1)
                  0.10    0.13    1.93 ^ _454_/X (sky130_fd_sc_hd__buf_1)
     2    0.01                           _032_ (net)
                  0.10    0.00    1.93 ^ _631_/A0 (sky130_fd_sc_hd__mux2_1)
                  0.10    0.20    2.13 ^ _631_/X (sky130_fd_sc_hd__mux2_1)
     4    0.01                           _034_ (net)
                  0.10    0.00    2.13 ^ _470_/B (sky130_fd_sc_hd__or2_2)
                  0.04    0.14    2.27 ^ _470_/X (sky130_fd_sc_hd__or2_2)
     2    0.01                           _204_ (net)
                  0.04    0.00    2.27 ^ _471_/A (sky130_fd_sc_hd__buf_1)
                  0.22    0.22    2.49 ^ _471_/X (sky130_fd_sc_hd__buf_1)
     5    0.02                           _205_ (net)
                  0.22    0.00    2.49 ^ _487_/A (sky130_fd_sc_hd__inv_2)
                  0.05    0.07    2.56 v _487_/Y (sky130_fd_sc_hd__inv_2)
     3    0.01                           _220_ (net)
                  0.05    0.00    2.56 v _489_/A3 (sky130_fd_sc_hd__a31o_2)
                  0.04    0.27    2.83 v _489_/X (sky130_fd_sc_hd__a31o_2)
     2    0.00                           _222_ (net)
                  0.04    0.00    2.83 v _495_/A (sky130_fd_sc_hd__or3b_2)
                  0.10    0.54    3.38 v _495_/X (sky130_fd_sc_hd__or3b_2)
     3    0.01                           _227_ (net)
                  0.10    0.00    3.38 v _496_/B (sky130_fd_sc_hd__or3b_2)
                  0.25    0.73    4.11 v _496_/X (sky130_fd_sc_hd__or3b_2)
     1    0.07                           _228_ (net)
                  0.25    0.02    4.13 v _497_/A (sky130_fd_sc_hd__buf_1)
                  0.22    0.34    4.47 v _497_/X (sky130_fd_sc_hd__buf_1)
     1    0.03                           segment_xhxx[2] (net)
                  0.22    0.00    4.47 v segment_xhxx[2] (out)
                                  4.47   data arrival time

                  0.15   10.00   10.00   clock sysclk_i (rise edge)
                          0.00   10.00   clock network delay (ideal)
                         -0.25    9.75   clock uncertainty
                          0.00    9.75   clock reconvergence pessimism
                         -2.00    7.75   output external delay
                                  7.75   data required time
-----------------------------------------------------------------------------
                                  7.75   data required time
                                 -4.47   data arrival time
-----------------------------------------------------------------------------
                                  3.28   slack (MET)


