
===========================================================================
report_checks -unconstrained
============================================================================
Startpoint: rst_i (input port clocked by sysclk_i)
Endpoint: _836_ (recovery check against rising-edge clock sysclk_i)
Path Group: **async_default**
Path Type: max

Fanout     Cap    Slew   Delay    Time   Description
-----------------------------------------------------------------------------
                  0.15    0.00    0.00   clock sysclk_i (rise edge)
                          0.00    0.00   clock network delay (ideal)
                          2.00    2.00 v input external delay
                  0.01    0.01    2.01 v rst_i (in)
     1    0.00                           rst_i (net)
                  0.01    0.00    2.01 v input14/A (sky130_fd_sc_hd__buf_2)
                  0.03    0.12    2.12 v input14/X (sky130_fd_sc_hd__buf_2)
     1    0.00                           net14 (net)
                  0.03    0.00    2.12 v _445_/A (sky130_fd_sc_hd__inv_2)
                  0.02    0.04    2.16 ^ _445_/Y (sky130_fd_sc_hd__inv_2)
     2    0.00                           _191_ (net)
                  0.02    0.00    2.16 ^ _465_/A (sky130_fd_sc_hd__dlymetal6s2s_1)
                  0.13    0.15    2.31 ^ _465_/X (sky130_fd_sc_hd__dlymetal6s2s_1)
     5    0.01                           _201_ (net)
                  0.13    0.00    2.31 ^ _466_/A (sky130_fd_sc_hd__dlymetal6s2s_1)
                  0.14    0.20    2.51 ^ _466_/X (sky130_fd_sc_hd__dlymetal6s2s_1)
     5    0.01                           _202_ (net)
                  0.14    0.00    2.51 ^ _481_/A (sky130_fd_sc_hd__clkbuf_1)
                  0.04    0.11    2.62 ^ _481_/X (sky130_fd_sc_hd__clkbuf_1)
     1    0.00                           _209_ (net)
                  0.04    0.00    2.62 ^ _482_/A (sky130_fd_sc_hd__clkbuf_1)
                  0.06    0.09    2.71 ^ _482_/X (sky130_fd_sc_hd__clkbuf_1)
     1    0.00                           _118_ (net)
                  0.06    0.00    2.71 ^ _836_/RESET_B (sky130_fd_sc_hd__dfrtp_1)
                                  2.71   data arrival time

                  0.15   10.00   10.00   clock sysclk_i (rise edge)
                          0.00   10.00   clock network delay (ideal)
                         -0.25    9.75   clock uncertainty
                          0.00    9.75   clock reconvergence pessimism
                                  9.75 ^ _836_/CLK (sky130_fd_sc_hd__dfrtp_1)
                          0.26   10.01   library recovery time
                                 10.01   data required time
-----------------------------------------------------------------------------
                                 10.01   data required time
                                 -2.71   data arrival time
-----------------------------------------------------------------------------
                                  7.30   slack (MET)


Startpoint: _809_ (falling edge-triggered flip-flop)
Endpoint: segment_xhxx[3] (output port clocked by sysclk_i)
Path Group: sysclk_i
Path Type: max

Fanout     Cap    Slew   Delay    Time   Description
-----------------------------------------------------------------------------
                  0.02    0.00    0.00 v _809_/CLK_N (sky130_fd_sc_hd__dfbbn_2)
                  0.07    0.70    0.70 v _809_/Q (sky130_fd_sc_hd__dfbbn_2)
     6    0.03                           inst_count24h.count_int[2] (net)
                  0.07    0.00    0.70 v _616_/A (sky130_fd_sc_hd__inv_2)
                  0.04    0.06    0.77 ^ _616_/Y (sky130_fd_sc_hd__inv_2)
     3    0.00                           _277_ (net)
                  0.04    0.00    0.77 ^ _617_/A (sky130_fd_sc_hd__or2_1)
                  0.04    0.09    0.86 ^ _617_/X (sky130_fd_sc_hd__or2_1)
     1    0.00                           _278_ (net)
                  0.04    0.00    0.86 ^ _618_/A (sky130_fd_sc_hd__clkbuf_1)
                  0.13    0.15    1.00 ^ _618_/X (sky130_fd_sc_hd__clkbuf_1)
     3    0.01                           _024_ (net)
                  0.13    0.00    1.00 ^ _619_/A (sky130_fd_sc_hd__clkinv_2)
                  0.03    0.06    1.06 v _619_/Y (sky130_fd_sc_hd__clkinv_2)
     1    0.00                           _023_ (net)
                  0.03    0.00    1.06 v _794_/A0 (sky130_fd_sc_hd__mux2_1)
                  0.05    0.29    1.35 v _794_/X (sky130_fd_sc_hd__mux2_1)
     1    0.00                           _031_ (net)
                  0.05    0.00    1.35 v _627_/A (sky130_fd_sc_hd__nor3b_1)
                  0.20    0.24    1.60 ^ _627_/Y (sky130_fd_sc_hd__nor3b_1)
     2    0.00                           _283_ (net)
                  0.20    0.00    1.60 ^ _628_/A (sky130_fd_sc_hd__or2b_1)
                  0.04    0.14    1.73 ^ _628_/X (sky130_fd_sc_hd__or2b_1)
     1    0.00                           _284_ (net)
                  0.04    0.00    1.73 ^ _629_/A (sky130_fd_sc_hd__clkbuf_1)
                  0.09    0.12    1.85 ^ _629_/X (sky130_fd_sc_hd__clkbuf_1)
     2    0.01                           _032_ (net)
                  0.09    0.00    1.85 ^ _638_/A (sky130_fd_sc_hd__clkinv_2)
                  0.03    0.05    1.90 v _638_/Y (sky130_fd_sc_hd__clkinv_2)
     1    0.00                           _040_ (net)
                  0.03    0.00    1.90 v _798_/A0 (sky130_fd_sc_hd__mux2_1)
                  0.10    0.36    2.26 v _798_/X (sky130_fd_sc_hd__mux2_1)
     4    0.01                           _041_ (net)
                  0.10    0.00    2.26 v _648_/B2 (sky130_fd_sc_hd__o22a_1)
                  0.06    0.21    2.47 v _648_/X (sky130_fd_sc_hd__o22a_1)
     3    0.01                           _300_ (net)
                  0.06    0.00    2.47 v _654_/B (sky130_fd_sc_hd__or2_1)
                  0.06    0.24    2.71 v _654_/X (sky130_fd_sc_hd__or2_1)
     2    0.00                           _305_ (net)
                  0.06    0.00    2.71 v _655_/C1 (sky130_fd_sc_hd__o311a_1)
                  0.06    0.13    2.84 v _655_/X (sky130_fd_sc_hd__o311a_1)
     1    0.00                           _306_ (net)
                  0.06    0.00    2.84 v _656_/A (sky130_fd_sc_hd__inv_2)
                  0.03    0.06    2.89 ^ _656_/Y (sky130_fd_sc_hd__inv_2)
     2    0.00                           _307_ (net)
                  0.03    0.00    2.89 ^ _659_/A (sky130_fd_sc_hd__or2_1)
                  0.10    0.14    3.03 ^ _659_/X (sky130_fd_sc_hd__or2_1)
     3    0.01                           _310_ (net)
                  0.10    0.00    3.03 ^ _674_/A (sky130_fd_sc_hd__nor2_1)
                  0.03    0.06    3.09 v _674_/Y (sky130_fd_sc_hd__nor2_1)
     1    0.00                           _323_ (net)
                  0.03    0.00    3.09 v _675_/D (sky130_fd_sc_hd__or4_4)
                  0.08    0.43    3.52 v _675_/X (sky130_fd_sc_hd__or4_4)
     1    0.00                           _324_ (net)
                  0.08    0.00    3.52 v _676_/A (sky130_fd_sc_hd__buf_2)
                  0.09    0.21    3.73 v _676_/X (sky130_fd_sc_hd__buf_2)
     1    0.03                           segment_xhxx[3] (net)
                  0.09    0.00    3.73 v segment_xhxx[3] (out)
                                  3.73   data arrival time

                  0.15   10.00   10.00   clock sysclk_i (rise edge)
                          0.00   10.00   clock network delay (ideal)
                         -0.25    9.75   clock uncertainty
                          0.00    9.75   clock reconvergence pessimism
                         -2.00    7.75   output external delay
                                  7.75   data required time
-----------------------------------------------------------------------------
                                  7.75   data required time
                                 -3.73   data arrival time
-----------------------------------------------------------------------------
                                  4.02   slack (MET)



===========================================================================
report_checks --slack_max -0.01
============================================================================
No paths found.
