Startpoint: _648_ (rising edge-triggered flip-flop clocked by sysclk_i)
Endpoint: _664_ (removal check against rising-edge clock sysclk_i)
Path Group: **async_default**
Path Type: min

Fanout     Cap    Slew   Delay    Time   Description
-----------------------------------------------------------------------------
                  0.15    0.00    0.00   clock sysclk_i (rise edge)
                          0.00    0.00   clock network delay (ideal)
                  0.15    0.00    0.00 ^ _648_/CLK (sky130_fd_sc_hd__dfrtp_2)
                  0.79    0.95    0.95 ^ _648_/Q (sky130_fd_sc_hd__dfrtp_2)
    37    0.17                           inst_count10m.rstn_i (net)
                  0.79    0.00    0.96 ^ _664_/RESET_B (sky130_fd_sc_hd__dfrtp_2)
                                  0.96   data arrival time

                  0.15    0.00    0.00   clock sysclk_i (rise edge)
                          0.00    0.00   clock network delay (ideal)
                          0.25    0.25   clock uncertainty
                          0.00    0.25   clock reconvergence pessimism
                                  0.25 ^ _664_/CLK (sky130_fd_sc_hd__dfrtp_2)
                          0.69    0.94   library removal time
                                  0.94   data required time
-----------------------------------------------------------------------------
                                  0.94   data required time
                                 -0.96   data arrival time
-----------------------------------------------------------------------------
                                  0.01   slack (MET)


Startpoint: _650_ (rising edge-triggered flip-flop clocked by sysclk_i)
Endpoint: _650_ (rising edge-triggered flip-flop clocked by sysclk_i)
Path Group: sysclk_i
Path Type: min

Fanout     Cap    Slew   Delay    Time   Description
-----------------------------------------------------------------------------
                  0.15    0.00    0.00   clock sysclk_i (rise edge)
                          0.00    0.00   clock network delay (ideal)
                  0.15    0.00    0.00 ^ _650_/CLK (sky130_fd_sc_hd__dfrtp_2)
                  0.08    0.50    0.50 ^ _650_/Q (sky130_fd_sc_hd__dfrtp_2)
     3    0.01                           inst_div32768.count_int[0] (net)
                  0.08    0.00    0.50 ^ _593_/A (sky130_fd_sc_hd__inv_2)
                  0.02    0.03    0.53 v _593_/Y (sky130_fd_sc_hd__inv_2)
     1    0.00                           _043_ (net)
                  0.02    0.00    0.53 v _650_/D (sky130_fd_sc_hd__dfrtp_2)
                                  0.53   data arrival time

                  0.15    0.00    0.00   clock sysclk_i (rise edge)
                          0.00    0.00   clock network delay (ideal)
                          0.25    0.25   clock uncertainty
                          0.00    0.25   clock reconvergence pessimism
                                  0.25 ^ _650_/CLK (sky130_fd_sc_hd__dfrtp_2)
                          0.11    0.36   library hold time
                                  0.36   data required time
-----------------------------------------------------------------------------
                                  0.36   data required time
                                 -0.53   data arrival time
-----------------------------------------------------------------------------
                                  0.17   slack (MET)


Startpoint: rstn_i (input port clocked by sysclk_i)
Endpoint: _648_ (recovery check against rising-edge clock sysclk_i)
Path Group: **async_default**
Path Type: max

Fanout     Cap    Slew   Delay    Time   Description
-----------------------------------------------------------------------------
                  0.15    0.00    0.00   clock sysclk_i (rise edge)
                          0.00    0.00   clock network delay (ideal)
                          2.00    2.00 ^ input external delay
                  0.84    0.65    2.65 ^ rstn_i (in)
    14    0.10                           rstn_i (net)
                  0.84    0.00    2.65 ^ _648_/RESET_B (sky130_fd_sc_hd__dfrtp_2)
                                  2.65   data arrival time

                  0.15   10.00   10.00   clock sysclk_i (rise edge)
                          0.00   10.00   clock network delay (ideal)
                         -0.25    9.75   clock uncertainty
                          0.00    9.75   clock reconvergence pessimism
                                  9.75 ^ _648_/CLK (sky130_fd_sc_hd__dfrtp_2)
                          0.19    9.94   library recovery time
                                  9.94   data required time
-----------------------------------------------------------------------------
                                  9.94   data required time
                                 -2.65   data arrival time
-----------------------------------------------------------------------------
                                  7.29   slack (MET)


Startpoint: _645_ (falling edge-triggered flip-flop)
Endpoint: segment_xhxx[2] (output port clocked by sysclk_i)
Path Group: sysclk_i
Path Type: max

Fanout     Cap    Slew   Delay    Time   Description
-----------------------------------------------------------------------------
                  0.02    0.00    0.00 v _645_/CLK_N (sky130_fd_sc_hd__dfbbn_2)
                  0.07    0.70    0.70 v _645_/Q (sky130_fd_sc_hd__dfbbn_2)
     6    0.02                           inst_count24h.count_int[2] (net)
                  0.07    0.00    0.70 v _441_/A (sky130_fd_sc_hd__inv_2)
                  0.04    0.07    0.77 ^ _441_/Y (sky130_fd_sc_hd__inv_2)
     3    0.01                           _184_ (net)
                  0.04    0.00    0.77 ^ _442_/A (sky130_fd_sc_hd__or2_2)
                  0.03    0.10    0.87 ^ _442_/X (sky130_fd_sc_hd__or2_2)
     1    0.00                           _185_ (net)
                  0.03    0.00    0.87 ^ _443_/A (sky130_fd_sc_hd__buf_1)
                  0.16    0.17    1.04 ^ _443_/X (sky130_fd_sc_hd__buf_1)
     3    0.01                           _024_ (net)
                  0.16    0.00    1.04 ^ _444_/A (sky130_fd_sc_hd__inv_2)
                  0.03    0.04    1.08 v _444_/Y (sky130_fd_sc_hd__inv_2)
     1    0.00                           _023_ (net)
                  0.03    0.00    1.08 v _630_/A0 (sky130_fd_sc_hd__mux2_1)
                  0.06    0.31    1.39 v _630_/X (sky130_fd_sc_hd__mux2_1)
     1    0.00                           _031_ (net)
                  0.06    0.00    1.39 v _452_/A (sky130_fd_sc_hd__nor3b_2)
                  0.18    0.24    1.64 ^ _452_/Y (sky130_fd_sc_hd__nor3b_2)
     2    0.01                           _190_ (net)
                  0.18    0.00    1.64 ^ _453_/A (sky130_fd_sc_hd__or2b_2)
                  0.03    0.15    1.79 ^ _453_/X (sky130_fd_sc_hd__or2b_2)
     1    0.00                           _191_ (net)
                  0.03    0.00    1.79 ^ _454_/A (sky130_fd_sc_hd__buf_1)
                  0.10    0.13    1.91 ^ _454_/X (sky130_fd_sc_hd__buf_1)
     2    0.01                           _032_ (net)
                  0.10    0.00    1.91 ^ _631_/A0 (sky130_fd_sc_hd__mux2_1)
                  0.10    0.20    2.11 ^ _631_/X (sky130_fd_sc_hd__mux2_1)
     4    0.01                           _034_ (net)
                  0.10    0.00    2.11 ^ _470_/B (sky130_fd_sc_hd__or2_2)
                  0.04    0.13    2.25 ^ _470_/X (sky130_fd_sc_hd__or2_2)
     2    0.00                           _204_ (net)
                  0.04    0.00    2.25 ^ _471_/A (sky130_fd_sc_hd__buf_1)
                  0.23    0.23    2.47 ^ _471_/X (sky130_fd_sc_hd__buf_1)
     5    0.02                           _205_ (net)
                  0.23    0.00    2.47 ^ _487_/A (sky130_fd_sc_hd__inv_2)
                  0.06    0.07    2.55 v _487_/Y (sky130_fd_sc_hd__inv_2)
     3    0.01                           _220_ (net)
                  0.06    0.00    2.55 v _489_/A3 (sky130_fd_sc_hd__a31o_2)
                  0.04    0.27    2.82 v _489_/X (sky130_fd_sc_hd__a31o_2)
     2    0.00                           _222_ (net)
                  0.04    0.00    2.82 v _495_/A (sky130_fd_sc_hd__or3b_2)
                  0.10    0.54    3.36 v _495_/X (sky130_fd_sc_hd__or3b_2)
     3    0.01                           _227_ (net)
                  0.10    0.00    3.36 v _496_/B (sky130_fd_sc_hd__or3b_2)
                  0.18    0.67    4.03 v _496_/X (sky130_fd_sc_hd__or3b_2)
     1    0.04                           _228_ (net)
                  0.18    0.01    4.03 v _497_/A (sky130_fd_sc_hd__buf_1)
                  0.22    0.32    4.35 v _497_/X (sky130_fd_sc_hd__buf_1)
     1    0.03                           segment_xhxx[2] (net)
                  0.22    0.00    4.35 v segment_xhxx[2] (out)
                                  4.35   data arrival time

                  0.15   10.00   10.00   clock sysclk_i (rise edge)
                          0.00   10.00   clock network delay (ideal)
                         -0.25    9.75   clock uncertainty
                          0.00    9.75   clock reconvergence pessimism
                         -2.00    7.75   output external delay
                                  7.75   data required time
-----------------------------------------------------------------------------
                                  7.75   data required time
                                 -4.35   data arrival time
-----------------------------------------------------------------------------
                                  3.40   slack (MET)


