0-prep 0h0m1s835ms
1-opensta 0h0m1s38ms
1-yosys 0h0m1s523ms
3-verilog2def_openroad 0h0m1s48ms
4-ioPlacer 0h0m0s758ms
5-tapcell 0h0m0s761ms
7-pdn 0h0m1s89ms
8-replace 0h0m1s343ms
8-resizer_design_optimization 0h0m1s367ms
9-write_verilog 0h0m0s764ms
9-resizer_design_optimization_sta 0h0m1s83ms
11-opendp 0h0m0s810ms
12-cts 0h0m37s8ms
13-write_verilog 0h0m0s759ms
13-resizer_timing_optimization 0h0m1s149ms
14-write_verilog 0h0m0s772ms
14-resizer_timing_optimization_sta 0h0m1s59ms
15-resizer_timing_optimization 0h0m1s224ms
16-write_verilog 0h0m0s755ms
16-resizer_timing_optimization_sta 0h0m1s68ms
18-opendp 0h0m0s780ms
19-fastroute 0h0m1s199ms
20-addspacers 0h0m0s793ms
21-write_verilog 0h0m0s758ms