Instance name,  X location,  Y location,  Voltage 
PHY_200, 5.4, 285.6, 1.8
PHY_202, 5.4, 285.6, 1.8
PHY_201, 291.6, 285.6, 1.8
PHY_203, 291.6, 285.6, 1.8
PHY_196, 5.4, 280.16, 1.8
PHY_198, 5.4, 280.16, 1.8
PHY_197, 291.6, 280.16, 1.8
PHY_199, 291.6, 280.16, 1.8
PHY_192, 5.4, 274.72, 1.8
PHY_194, 5.4, 274.72, 1.8
PHY_193, 291.6, 274.72, 1.8
PHY_195, 291.6, 274.72, 1.8
PHY_188, 5.4, 269.28, 1.8
PHY_190, 5.4, 269.28, 1.8
PHY_189, 291.6, 269.28, 1.8
PHY_191, 291.6, 269.28, 1.8
PHY_184, 5.4, 263.84, 1.8
PHY_186, 5.4, 263.84, 1.8
PHY_185, 291.6, 263.84, 1.8
PHY_187, 291.6, 263.84, 1.8
PHY_180, 5.4, 258.4, 1.8
PHY_182, 5.4, 258.4, 1.8
PHY_181, 291.6, 258.4, 1.8
PHY_183, 291.6, 258.4, 1.8
PHY_176, 5.4, 252.96, 1.8
PHY_178, 5.4, 252.96, 1.8
PHY_177, 291.6, 252.96, 1.8
PHY_179, 291.6, 252.96, 1.8
PHY_172, 5.4, 247.52, 1.8
PHY_174, 5.4, 247.52, 1.8
PHY_173, 291.6, 247.52, 1.8
PHY_175, 291.6, 247.52, 1.8
PHY_168, 5.4, 242.08, 1.8
PHY_170, 5.4, 242.08, 1.8
PHY_169, 291.6, 242.08, 1.8
PHY_171, 291.6, 242.08, 1.8
PHY_164, 5.4, 236.64, 1.8
PHY_166, 5.4, 236.64, 1.8
PHY_165, 291.6, 236.64, 1.8
PHY_167, 291.6, 236.64, 1.8
PHY_160, 5.4, 231.2, 1.8
PHY_162, 5.4, 231.2, 1.8
PHY_161, 291.6, 231.2, 1.8
PHY_163, 291.6, 231.2, 1.8
PHY_156, 5.4, 225.76, 1.8
PHY_158, 5.4, 225.76, 1.8
PHY_157, 291.6, 225.76, 1.8
PHY_159, 291.6, 225.76, 1.8
PHY_152, 5.4, 220.32, 1.8
PHY_154, 5.4, 220.32, 1.8
PHY_153, 291.6, 220.32, 1.8
PHY_155, 291.6, 220.32, 1.8
PHY_148, 5.4, 214.88, 1.8
PHY_150, 5.4, 214.88, 1.8
PHY_149, 291.6, 214.88, 1.8
PHY_151, 291.6, 214.88, 1.8
PHY_144, 5.4, 209.44, 1.8
PHY_146, 5.4, 209.44, 1.8
PHY_145, 291.6, 209.44, 1.8
PHY_147, 291.6, 209.44, 1.8
PHY_140, 5.4, 204, 1.8
PHY_142, 5.4, 204, 1.8
PHY_141, 291.6, 204, 1.8
PHY_143, 291.6, 204, 1.8
PHY_136, 5.4, 198.56, 1.8
PHY_138, 5.4, 198.56, 1.8
PHY_137, 291.6, 198.56, 1.8
PHY_139, 291.6, 198.56, 1.8
PHY_132, 5.4, 193.12, 1.8
PHY_134, 5.4, 193.12, 1.8
PHY_133, 291.6, 193.12, 1.8
PHY_135, 291.6, 193.12, 1.8
PHY_128, 5.4, 187.68, 1.8
PHY_130, 5.4, 187.68, 1.8
PHY_129, 291.6, 187.68, 1.8
PHY_131, 291.6, 187.68, 1.8
PHY_124, 5.4, 182.24, 1.8
PHY_126, 5.4, 182.24, 1.8
PHY_125, 291.6, 182.24, 1.8
PHY_127, 291.6, 182.24, 1.8
PHY_120, 5.4, 176.8, 1.8
PHY_122, 5.4, 176.8, 1.8
PHY_121, 291.6, 176.8, 1.8
PHY_123, 291.6, 176.8, 1.8
PHY_116, 5.4, 171.36, 1.8
PHY_118, 5.4, 171.36, 1.8
PHY_117, 291.6, 171.36, 1.8
PHY_119, 291.6, 171.36, 1.8
PHY_112, 5.4, 165.92, 1.8
PHY_114, 5.4, 165.92, 1.8
PHY_113, 291.6, 165.92, 1.8
PHY_115, 291.6, 165.92, 1.8
PHY_108, 5.4, 160.48, 1.8
PHY_110, 5.4, 160.48, 1.8
PHY_109, 291.6, 160.48, 1.8
PHY_111, 291.6, 160.48, 1.8
PHY_104, 5.4, 155.04, 1.8
PHY_106, 5.4, 155.04, 1.8
PHY_105, 291.6, 155.04, 1.8
PHY_107, 291.6, 155.04, 1.8
PHY_100, 5.4, 149.6, 1.8
PHY_102, 5.4, 149.6, 1.8
PHY_101, 291.6, 149.6, 1.8
PHY_103, 291.6, 149.6, 1.8
PHY_96, 5.4, 144.16, 1.8
PHY_98, 5.4, 144.16, 1.8
PHY_97, 291.6, 144.16, 1.8
PHY_99, 291.6, 144.16, 1.8
PHY_92, 5.4, 138.72, 1.8
PHY_94, 5.4, 138.72, 1.8
PHY_93, 291.6, 138.72, 1.8
PHY_95, 291.6, 138.72, 1.8
PHY_88, 5.4, 133.28, 1.8
PHY_90, 5.4, 133.28, 1.8
PHY_89, 291.6, 133.28, 1.8
PHY_91, 291.6, 133.28, 1.8
PHY_84, 5.4, 127.84, 1.8
PHY_86, 5.4, 127.84, 1.8
PHY_85, 291.6, 127.84, 1.8
PHY_87, 291.6, 127.84, 1.8
PHY_80, 5.4, 122.4, 1.8
PHY_82, 5.4, 122.4, 1.8
PHY_81, 291.6, 122.4, 1.8
PHY_83, 291.6, 122.4, 1.8
PHY_76, 5.4, 116.96, 1.8
PHY_78, 5.4, 116.96, 1.8
PHY_77, 291.6, 116.96, 1.8
PHY_79, 291.6, 116.96, 1.8
PHY_72, 5.4, 111.52, 1.8
PHY_74, 5.4, 111.52, 1.8
PHY_73, 291.6, 111.52, 1.8
PHY_75, 291.6, 111.52, 1.8
PHY_68, 5.4, 106.08, 1.8
PHY_70, 5.4, 106.08, 1.8
PHY_69, 291.6, 106.08, 1.8
PHY_71, 291.6, 106.08, 1.8
PHY_64, 5.4, 100.64, 1.8
PHY_66, 5.4, 100.64, 1.8
PHY_65, 291.6, 100.64, 1.8
PHY_67, 291.6, 100.64, 1.8
PHY_60, 5.4, 95.2, 1.8
PHY_62, 5.4, 95.2, 1.8
PHY_61, 291.6, 95.2, 1.8
PHY_63, 291.6, 95.2, 1.8
PHY_56, 5.4, 89.76, 1.8
PHY_58, 5.4, 89.76, 1.8
PHY_57, 291.6, 89.76, 1.8
PHY_59, 291.6, 89.76, 1.8
PHY_52, 5.4, 84.32, 1.8
PHY_54, 5.4, 84.32, 1.8
PHY_53, 291.6, 84.32, 1.8
PHY_55, 291.6, 84.32, 1.8
PHY_48, 5.4, 78.88, 1.8
PHY_50, 5.4, 78.88, 1.8
PHY_49, 291.6, 78.88, 1.8
PHY_51, 291.6, 78.88, 1.8
PHY_44, 5.4, 73.44, 1.8
PHY_46, 5.4, 73.44, 1.8
PHY_45, 291.6, 73.44, 1.8
PHY_47, 291.6, 73.44, 1.8
PHY_40, 5.4, 68, 1.8
PHY_42, 5.4, 68, 1.8
PHY_41, 291.6, 68, 1.8
PHY_43, 291.6, 68, 1.8
PHY_36, 5.4, 62.56, 1.8
PHY_38, 5.4, 62.56, 1.8
PHY_37, 291.6, 62.56, 1.8
PHY_39, 291.6, 62.56, 1.8
PHY_32, 5.4, 57.12, 1.8
PHY_34, 5.4, 57.12, 1.8
PHY_33, 291.6, 57.12, 1.8
PHY_35, 291.6, 57.12, 1.8
PHY_28, 5.4, 51.68, 1.8
PHY_30, 5.4, 51.68, 1.8
PHY_29, 291.6, 51.68, 1.8
PHY_31, 291.6, 51.68, 1.8
PHY_24, 5.4, 46.24, 1.8
PHY_26, 5.4, 46.24, 1.8
PHY_25, 291.6, 46.24, 1.8
PHY_27, 291.6, 46.24, 1.8
PHY_20, 5.4, 40.8, 1.8
PHY_22, 5.4, 40.8, 1.8
PHY_21, 291.6, 40.8, 1.8
PHY_23, 291.6, 40.8, 1.8
PHY_16, 5.4, 35.36, 1.8
PHY_18, 5.4, 35.36, 1.8
PHY_17, 291.6, 35.36, 1.8
PHY_19, 291.6, 35.36, 1.8
PHY_12, 5.4, 29.92, 1.8
PHY_14, 5.4, 29.92, 1.8
PHY_13, 291.6, 29.92, 1.8
PHY_15, 291.6, 29.92, 1.8
PHY_10, 5.4, 24.48, 1.8
PHY_8, 5.4, 24.48, 1.8
PHY_11, 291.6, 24.48, 1.8
PHY_9, 291.6, 24.48, 1.8
PHY_4, 5.4, 19.04, 1.8
PHY_6, 5.4, 19.04, 1.8
PHY_5, 291.6, 19.04, 1.8
PHY_7, 291.6, 19.04, 1.8
PHY_0, 5.4, 13.6, 1.8
PHY_2, 5.4, 13.6, 1.8
_310_, 5.4, 13.6, 1.8
_311_, 5.4, 13.6, 1.8
_312_, 5.4, 13.6, 1.8
_313_, 5.4, 13.6, 1.8
_314_, 5.4, 13.6, 1.8
_315_, 5.4, 13.6, 1.8
_316_, 5.4, 13.6, 1.8
_317_, 5.4, 13.6, 1.8
_318_, 5.4, 13.6, 1.8
_319_, 5.4, 13.6, 1.8
_320_, 5.4, 13.6, 1.8
_321_, 5.4, 13.6, 1.8
_322_, 5.4, 13.6, 1.8
_323_, 5.4, 13.6, 1.8
_324_, 5.4, 13.6, 1.8
_325_, 5.4, 13.6, 1.8
_326_, 5.4, 13.6, 1.8
_327_, 5.4, 13.6, 1.8
_328_, 5.4, 13.6, 1.8
_329_, 5.4, 13.6, 1.8
_330_, 5.4, 13.6, 1.8
_331_, 5.4, 13.6, 1.8
_332_, 5.4, 13.6, 1.8
_333_, 5.4, 13.6, 1.8
_334_, 5.4, 13.6, 1.8
_335_, 5.4, 13.6, 1.8
_336_, 5.4, 13.6, 1.8
_337_, 5.4, 13.6, 1.8
_338_, 5.4, 13.6, 1.8
_339_, 5.4, 13.6, 1.8
_340_, 5.4, 13.6, 1.8
_341_, 5.4, 13.6, 1.8
_342_, 5.4, 13.6, 1.8
_343_, 5.4, 13.6, 1.8
_344_, 5.4, 13.6, 1.8
_345_, 5.4, 13.6, 1.8
_346_, 5.4, 13.6, 1.8
_347_, 5.4, 13.6, 1.8
_348_, 5.4, 13.6, 1.8
_349_, 5.4, 13.6, 1.8
_350_, 5.4, 13.6, 1.8
_351_, 5.4, 13.6, 1.8
_352_, 5.4, 13.6, 1.8
_353_, 5.4, 13.6, 1.8
_354_, 5.4, 13.6, 1.8
_355_, 5.4, 13.6, 1.8
_356_, 5.4, 13.6, 1.8
_357_, 5.4, 13.6, 1.8
_358_, 5.4, 13.6, 1.8
_359_, 5.4, 13.6, 1.8
_360_, 5.4, 13.6, 1.8
_361_, 5.4, 13.6, 1.8
_362_, 5.4, 13.6, 1.8
_363_, 5.4, 13.6, 1.8
_364_, 5.4, 13.6, 1.8
_365_, 5.4, 13.6, 1.8
_366_, 5.4, 13.6, 1.8
_367_, 5.4, 13.6, 1.8
_368_, 5.4, 13.6, 1.8
_369_, 5.4, 13.6, 1.8
_370_, 5.4, 13.6, 1.8
_371_, 5.4, 13.6, 1.8
_372_, 5.4, 13.6, 1.8
_373_, 5.4, 13.6, 1.8
_374_, 5.4, 13.6, 1.8
_375_, 5.4, 13.6, 1.8
_376_, 5.4, 13.6, 1.8
_377_, 5.4, 13.6, 1.8
_378_, 5.4, 13.6, 1.8
_379_, 5.4, 13.6, 1.8
_380_, 5.4, 13.6, 1.8
_381_, 5.4, 13.6, 1.8
_382_, 5.4, 13.6, 1.8
_383_, 5.4, 13.6, 1.8
_384_, 5.4, 13.6, 1.8
_385_, 5.4, 13.6, 1.8
_386_, 5.4, 13.6, 1.8
_387_, 5.4, 13.6, 1.8
_388_, 5.4, 13.6, 1.8
_389_, 5.4, 13.6, 1.8
_390_, 5.4, 13.6, 1.8
_391_, 5.4, 13.6, 1.8
_392_, 5.4, 13.6, 1.8
_393_, 5.4, 13.6, 1.8
_394_, 5.4, 13.6, 1.8
_395_, 5.4, 13.6, 1.8
_396_, 5.4, 13.6, 1.8
_397_, 5.4, 13.6, 1.8
_398_, 5.4, 13.6, 1.8
_399_, 5.4, 13.6, 1.8
_400_, 5.4, 13.6, 1.8
_401_, 5.4, 13.6, 1.8
_402_, 5.4, 13.6, 1.8
_403_, 5.4, 13.6, 1.8
_404_, 5.4, 13.6, 1.8
_405_, 5.4, 13.6, 1.8
_406_, 5.4, 13.6, 1.8
_407_, 5.4, 13.6, 1.8
_408_, 5.4, 13.6, 1.8
_409_, 5.4, 13.6, 1.8
_410_, 5.4, 13.6, 1.8
_411_, 5.4, 13.6, 1.8
_412_, 5.4, 13.6, 1.8
_413_, 5.4, 13.6, 1.8
_414_, 5.4, 13.6, 1.8
_415_, 5.4, 13.6, 1.8
_416_, 5.4, 13.6, 1.8
_417_, 5.4, 13.6, 1.8
_418_, 5.4, 13.6, 1.8
_419_, 5.4, 13.6, 1.8
_420_, 5.4, 13.6, 1.8
_421_, 5.4, 13.6, 1.8
_422_, 5.4, 13.6, 1.8
_423_, 5.4, 13.6, 1.8
_424_, 5.4, 13.6, 1.8
_425_, 5.4, 13.6, 1.8
_426_, 5.4, 13.6, 1.8
_427_, 5.4, 13.6, 1.8
_428_, 5.4, 13.6, 1.8
_429_, 5.4, 13.6, 1.8
_430_, 5.4, 13.6, 1.8
_431_, 5.4, 13.6, 1.8
_432_, 5.4, 13.6, 1.8
_433_, 5.4, 13.6, 1.8
_434_, 5.4, 13.6, 1.8
_435_, 5.4, 13.6, 1.8
_436_, 5.4, 13.6, 1.8
_437_, 5.4, 13.6, 1.8
_438_, 5.4, 13.6, 1.8
_439_, 5.4, 13.6, 1.8
_440_, 5.4, 13.6, 1.8
_441_, 5.4, 13.6, 1.8
_442_, 5.4, 13.6, 1.8
_443_, 5.4, 13.6, 1.8
_444_, 5.4, 13.6, 1.8
_445_, 5.4, 13.6, 1.8
_446_, 5.4, 13.6, 1.8
_447_, 5.4, 13.6, 1.8
_448_, 5.4, 13.6, 1.8
_449_, 5.4, 13.6, 1.8
_450_, 5.4, 13.6, 1.8
_451_, 5.4, 13.6, 1.8
_452_, 5.4, 13.6, 1.8
_453_, 5.4, 13.6, 1.8
_454_, 5.4, 13.6, 1.8
_455_, 5.4, 13.6, 1.8
_456_, 5.4, 13.6, 1.8
_457_, 5.4, 13.6, 1.8
_458_, 5.4, 13.6, 1.8
_459_, 5.4, 13.6, 1.8
_460_, 5.4, 13.6, 1.8
_461_, 5.4, 13.6, 1.8
_462_, 5.4, 13.6, 1.8
_463_, 5.4, 13.6, 1.8
_464_, 5.4, 13.6, 1.8
_465_, 5.4, 13.6, 1.8
_466_, 5.4, 13.6, 1.8
_467_, 5.4, 13.6, 1.8
_468_, 5.4, 13.6, 1.8
_469_, 5.4, 13.6, 1.8
_470_, 5.4, 13.6, 1.8
_471_, 5.4, 13.6, 1.8
_472_, 5.4, 13.6, 1.8
_473_, 5.4, 13.6, 1.8
_474_, 5.4, 13.6, 1.8
_475_, 5.4, 13.6, 1.8
_476_, 5.4, 13.6, 1.8
_477_, 5.4, 13.6, 1.8
_478_, 5.4, 13.6, 1.8
_479_, 5.4, 13.6, 1.8
_480_, 5.4, 13.6, 1.8
_481_, 5.4, 13.6, 1.8
_482_, 5.4, 13.6, 1.8
_483_, 5.4, 13.6, 1.8
_484_, 5.4, 13.6, 1.8
_485_, 5.4, 13.6, 1.8
_486_, 5.4, 13.6, 1.8
_487_, 5.4, 13.6, 1.8
_488_, 5.4, 13.6, 1.8
_489_, 5.4, 13.6, 1.8
_490_, 5.4, 13.6, 1.8
_491_, 5.4, 13.6, 1.8
_492_, 5.4, 13.6, 1.8
_493_, 5.4, 13.6, 1.8
_494_, 5.4, 13.6, 1.8
_495_, 5.4, 13.6, 1.8
_496_, 5.4, 13.6, 1.8
_497_, 5.4, 13.6, 1.8
_498_, 5.4, 13.6, 1.8
_499_, 5.4, 13.6, 1.8
_500_, 5.4, 13.6, 1.8
_501_, 5.4, 13.6, 1.8
_502_, 5.4, 13.6, 1.8
_503_, 5.4, 13.6, 1.8
_504_, 5.4, 13.6, 1.8
_505_, 5.4, 13.6, 1.8
_506_, 5.4, 13.6, 1.8
_507_, 5.4, 13.6, 1.8
_508_, 5.4, 13.6, 1.8
_509_, 5.4, 13.6, 1.8
_510_, 5.4, 13.6, 1.8
_511_, 5.4, 13.6, 1.8
_512_, 5.4, 13.6, 1.8
_513_, 5.4, 13.6, 1.8
_514_, 5.4, 13.6, 1.8
_515_, 5.4, 13.6, 1.8
_516_, 5.4, 13.6, 1.8
_517_, 5.4, 13.6, 1.8
_518_, 5.4, 13.6, 1.8
_519_, 5.4, 13.6, 1.8
_520_, 5.4, 13.6, 1.8
_521_, 5.4, 13.6, 1.8
_522_, 5.4, 13.6, 1.8
_523_, 5.4, 13.6, 1.8
_524_, 5.4, 13.6, 1.8
_525_, 5.4, 13.6, 1.8
_526_, 5.4, 13.6, 1.8
_527_, 5.4, 13.6, 1.8
_528_, 5.4, 13.6, 1.8
_529_, 5.4, 13.6, 1.8
_530_, 5.4, 13.6, 1.8
_531_, 5.4, 13.6, 1.8
_532_, 5.4, 13.6, 1.8
_533_, 5.4, 13.6, 1.8
_534_, 5.4, 13.6, 1.8
_535_, 5.4, 13.6, 1.8
_536_, 5.4, 13.6, 1.8
_537_, 5.4, 13.6, 1.8
_538_, 5.4, 13.6, 1.8
_539_, 5.4, 13.6, 1.8
_540_, 5.4, 13.6, 1.8
_541_, 5.4, 13.6, 1.8
_542_, 5.4, 13.6, 1.8
_543_, 5.4, 13.6, 1.8
_544_, 5.4, 13.6, 1.8
_545_, 5.4, 13.6, 1.8
_546_, 5.4, 13.6, 1.8
_547_, 5.4, 13.6, 1.8
_548_, 5.4, 13.6, 1.8
_549_, 5.4, 13.6, 1.8
_550_, 5.4, 13.6, 1.8
_551_, 5.4, 13.6, 1.8
_552_, 5.4, 13.6, 1.8
_553_, 5.4, 13.6, 1.8
_554_, 5.4, 13.6, 1.8
_555_, 5.4, 13.6, 1.8
_556_, 5.4, 13.6, 1.8
_557_, 5.4, 13.6, 1.8
_558_, 5.4, 13.6, 1.8
_559_, 5.4, 13.6, 1.8
_560_, 5.4, 13.6, 1.8
_561_, 5.4, 13.6, 1.8
_562_, 5.4, 13.6, 1.8
_563_, 5.4, 13.6, 1.8
_564_, 5.4, 13.6, 1.8
_565_, 5.4, 13.6, 1.8
_566_, 5.4, 13.6, 1.8
_567_, 5.4, 13.6, 1.8
_568_, 5.4, 13.6, 1.8
_569_, 5.4, 13.6, 1.8
_570_, 5.4, 13.6, 1.8
_571_, 5.4, 13.6, 1.8
_572_, 5.4, 13.6, 1.8
_573_, 5.4, 13.6, 1.8
_574_, 5.4, 13.6, 1.8
_575_, 5.4, 13.6, 1.8
_576_, 5.4, 13.6, 1.8
_577_, 5.4, 13.6, 1.8
_578_, 5.4, 13.6, 1.8
_579_, 5.4, 13.6, 1.8
_580_, 5.4, 13.6, 1.8
_581_, 5.4, 13.6, 1.8
_582_, 5.4, 13.6, 1.8
_583_, 5.4, 13.6, 1.8
_584_, 5.4, 13.6, 1.8
_585_, 5.4, 13.6, 1.8
_586_, 5.4, 13.6, 1.8
_587_, 5.4, 13.6, 1.8
_588_, 5.4, 13.6, 1.8
_589_, 5.4, 13.6, 1.8
_590_, 5.4, 13.6, 1.8
_591_, 5.4, 13.6, 1.8
_592_, 5.4, 13.6, 1.8
_593_, 5.4, 13.6, 1.8
_594_, 5.4, 13.6, 1.8
_595_, 5.4, 13.6, 1.8
_596_, 5.4, 13.6, 1.8
_597_, 5.4, 13.6, 1.8
_598_, 5.4, 13.6, 1.8
_599_, 5.4, 13.6, 1.8
_600_, 5.4, 13.6, 1.8
_601_, 5.4, 13.6, 1.8
_602_, 5.4, 13.6, 1.8
_603_, 5.4, 13.6, 1.8
_604_, 5.4, 13.6, 1.8
_605_, 5.4, 13.6, 1.8
_606_, 5.4, 13.6, 1.8
_607_, 5.4, 13.6, 1.8
_608_, 5.4, 13.6, 1.8
_609_, 5.4, 13.6, 1.8
_610_, 5.4, 13.6, 1.8
_611_, 5.4, 13.6, 1.8
_612_, 5.4, 13.6, 1.8
_613_, 5.4, 13.6, 1.8
_614_, 5.4, 13.6, 1.8
_615_, 5.4, 13.6, 1.8
_616_, 5.4, 13.6, 1.8
_617_, 5.4, 13.6, 1.8
_618_, 5.4, 13.6, 1.8
_619_, 5.4, 13.6, 1.8
_620_, 5.4, 13.6, 1.8
_621_, 5.4, 13.6, 1.8
_622_, 5.4, 13.6, 1.8
_623_, 5.4, 13.6, 1.8
_624_, 5.4, 13.6, 1.8
_625_, 5.4, 13.6, 1.8
_626_, 5.4, 13.6, 1.8
_627_, 5.4, 13.6, 1.8
_628_, 5.4, 13.6, 1.8
_629_, 5.4, 13.6, 1.8
_630_, 5.4, 13.6, 1.8
_631_, 5.4, 13.6, 1.8
_632_, 5.4, 13.6, 1.8
_633_, 5.4, 13.6, 1.8
_634_, 5.4, 13.6, 1.8
_635_, 5.4, 13.6, 1.8
_636_, 5.4, 13.6, 1.8
_637_, 5.4, 13.6, 1.8
_638_, 5.4, 13.6, 1.8
_639_, 5.4, 13.6, 1.8
_640_, 5.4, 13.6, 1.8
_641_, 5.4, 13.6, 1.8
_642_, 5.4, 13.6, 1.8
_643_, 5.4, 13.6, 1.8
_644_, 5.4, 13.6, 1.8
_645_, 5.4, 13.6, 1.8
_646_, 5.4, 13.6, 1.8
_647_, 5.4, 13.6, 1.8
_648_, 5.4, 13.6, 1.8
_649_, 5.4, 13.6, 1.8
_650_, 5.4, 13.6, 1.8
_651_, 5.4, 13.6, 1.8
_652_, 5.4, 13.6, 1.8
_653_, 5.4, 13.6, 1.8
_654_, 5.4, 13.6, 1.8
_655_, 5.4, 13.6, 1.8
_656_, 5.4, 13.6, 1.8
_657_, 5.4, 13.6, 1.8
_658_, 5.4, 13.6, 1.8
_659_, 5.4, 13.6, 1.8
_660_, 5.4, 13.6, 1.8
_661_, 5.4, 13.6, 1.8
_662_, 5.4, 13.6, 1.8
_663_, 5.4, 13.6, 1.8
_664_, 5.4, 13.6, 1.8
_665_, 5.4, 13.6, 1.8
_666_, 5.4, 13.6, 1.8
_667_, 5.4, 13.6, 1.8
_668_, 5.4, 13.6, 1.8
_669_, 5.4, 13.6, 1.8
_670_, 5.4, 13.6, 1.8
_671_, 5.4, 13.6, 1.8
_672_, 5.4, 13.6, 1.8
_673_, 5.4, 13.6, 1.8
_674_, 5.4, 13.6, 1.8
_675_, 5.4, 13.6, 1.8
_676_, 5.4, 13.6, 1.8
_677_, 5.4, 13.6, 1.8
_678_, 5.4, 13.6, 1.8
_679_, 5.4, 13.6, 1.8
_680_, 5.4, 13.6, 1.8
_681_, 5.4, 13.6, 1.8
_682_, 5.4, 13.6, 1.8
_683_, 5.4, 13.6, 1.8
_684_, 5.4, 13.6, 1.8
_685_, 5.4, 13.6, 1.8
PHY_1, 291.6, 13.6, 1.8
PHY_3, 291.6, 13.6, 1.8

