OpenROAD GITDIR-NOTFOUND 
This program is licensed under the BSD-3 license. See the LICENSE file for details.
Components of this program may be licensed under more restrictive licenses which must be honored.
[INFO ODB-0222] Reading LEF file: /openlane/designs/asic_watch2/runs/RUN_2021.12.29_14.26.25/tmp/merged_unpadded.lef
[WARNING ODB-0220] WARNING (LEFPARS-2036): SOURCE statement is obsolete in version 5.6 and later.
The LEF parser will ignore this statement.
To avoid this warning in the future, remove this statement from the LEF file with version 5.6 or later. See file /openlane/designs/asic_watch2/runs/RUN_2021.12.29_14.26.25/tmp/merged_unpadded.lef at line 68119.

[INFO ODB-0223]     Created 13 technology layers
[INFO ODB-0224]     Created 25 technology vias
[INFO ODB-0225]     Created 441 library cells
[INFO ODB-0226] Finished LEF file:  /openlane/designs/asic_watch2/runs/RUN_2021.12.29_14.26.25/tmp/merged_unpadded.lef
[INFO ODB-0127] Reading DEF file: /openlane/designs/asic_watch2/runs/RUN_2021.12.29_14.26.25/results/cts/asic_watch2.cts.def
[INFO ODB-0128] Design: asic_watch2
[INFO ODB-0130]     Created 46 pins.
[INFO ODB-0131]     Created 4104 components and 11365 component-terminals.
[INFO ODB-0132]     Created 2 special nets and 9868 connections.
[INFO ODB-0133]     Created 508 nets and 1496 connections.
[INFO ODB-0134] Finished DEF file: /openlane/designs/asic_watch2/runs/RUN_2021.12.29_14.26.25/results/cts/asic_watch2.cts.def
###############################################################################
# Created by write_sdc
# Wed Dec 29 14:27:17 2021
###############################################################################
current_design asic_watch2
###############################################################################
# Timing Constraints
###############################################################################
create_clock -name sysclk_i -period 10.0000 [get_ports {sysclk_i}]
set_clock_transition 0.1500 [get_clocks {sysclk_i}]
set_clock_uncertainty 0.2500 sysclk_i
set_propagated_clock [get_clocks {sysclk_i}]
set_input_delay 2.0000 -clock [get_clocks {sysclk_i}] -add_delay [get_ports {cfg_i[0]}]
set_input_delay 2.0000 -clock [get_clocks {sysclk_i}] -add_delay [get_ports {cfg_i[10]}]
set_input_delay 2.0000 -clock [get_clocks {sysclk_i}] -add_delay [get_ports {cfg_i[11]}]
set_input_delay 2.0000 -clock [get_clocks {sysclk_i}] -add_delay [get_ports {cfg_i[1]}]
set_input_delay 2.0000 -clock [get_clocks {sysclk_i}] -add_delay [get_ports {cfg_i[2]}]
set_input_delay 2.0000 -clock [get_clocks {sysclk_i}] -add_delay [get_ports {cfg_i[3]}]
set_input_delay 2.0000 -clock [get_clocks {sysclk_i}] -add_delay [get_ports {cfg_i[4]}]
set_input_delay 2.0000 -clock [get_clocks {sysclk_i}] -add_delay [get_ports {cfg_i[5]}]
set_input_delay 2.0000 -clock [get_clocks {sysclk_i}] -add_delay [get_ports {cfg_i[6]}]
set_input_delay 2.0000 -clock [get_clocks {sysclk_i}] -add_delay [get_ports {cfg_i[7]}]
set_input_delay 2.0000 -clock [get_clocks {sysclk_i}] -add_delay [get_ports {cfg_i[8]}]
set_input_delay 2.0000 -clock [get_clocks {sysclk_i}] -add_delay [get_ports {cfg_i[9]}]
set_input_delay 2.0000 -clock [get_clocks {sysclk_i}] -add_delay [get_ports {dvalid_i}]
set_input_delay 2.0000 -clock [get_clocks {sysclk_i}] -add_delay [get_ports {rst_i}]
set_input_delay 2.0000 -clock [get_clocks {sysclk_i}] -add_delay [get_ports {smode_i}]
set_output_delay 2.0000 -clock [get_clocks {sysclk_i}] -add_delay [get_ports {segment_hxxx[0]}]
set_output_delay 2.0000 -clock [get_clocks {sysclk_i}] -add_delay [get_ports {segment_hxxx[1]}]
set_output_delay 2.0000 -clock [get_clocks {sysclk_i}] -add_delay [get_ports {segment_hxxx[2]}]
set_output_delay 2.0000 -clock [get_clocks {sysclk_i}] -add_delay [get_ports {segment_hxxx[3]}]
set_output_delay 2.0000 -clock [get_clocks {sysclk_i}] -add_delay [get_ports {segment_hxxx[4]}]
set_output_delay 2.0000 -clock [get_clocks {sysclk_i}] -add_delay [get_ports {segment_hxxx[5]}]
set_output_delay 2.0000 -clock [get_clocks {sysclk_i}] -add_delay [get_ports {segment_hxxx[6]}]
set_output_delay 2.0000 -clock [get_clocks {sysclk_i}] -add_delay [get_ports {segment_xhxx[0]}]
set_output_delay 2.0000 -clock [get_clocks {sysclk_i}] -add_delay [get_ports {segment_xhxx[1]}]
set_output_delay 2.0000 -clock [get_clocks {sysclk_i}] -add_delay [get_ports {segment_xhxx[2]}]
set_output_delay 2.0000 -clock [get_clocks {sysclk_i}] -add_delay [get_ports {segment_xhxx[3]}]
set_output_delay 2.0000 -clock [get_clocks {sysclk_i}] -add_delay [get_ports {segment_xhxx[4]}]
set_output_delay 2.0000 -clock [get_clocks {sysclk_i}] -add_delay [get_ports {segment_xhxx[5]}]
set_output_delay 2.0000 -clock [get_clocks {sysclk_i}] -add_delay [get_ports {segment_xhxx[6]}]
set_output_delay 2.0000 -clock [get_clocks {sysclk_i}] -add_delay [get_ports {segment_xxmx[0]}]
set_output_delay 2.0000 -clock [get_clocks {sysclk_i}] -add_delay [get_ports {segment_xxmx[1]}]
set_output_delay 2.0000 -clock [get_clocks {sysclk_i}] -add_delay [get_ports {segment_xxmx[2]}]
set_output_delay 2.0000 -clock [get_clocks {sysclk_i}] -add_delay [get_ports {segment_xxmx[3]}]
set_output_delay 2.0000 -clock [get_clocks {sysclk_i}] -add_delay [get_ports {segment_xxmx[4]}]
set_output_delay 2.0000 -clock [get_clocks {sysclk_i}] -add_delay [get_ports {segment_xxmx[5]}]
set_output_delay 2.0000 -clock [get_clocks {sysclk_i}] -add_delay [get_ports {segment_xxmx[6]}]
set_output_delay 2.0000 -clock [get_clocks {sysclk_i}] -add_delay [get_ports {segment_xxxm[0]}]
set_output_delay 2.0000 -clock [get_clocks {sysclk_i}] -add_delay [get_ports {segment_xxxm[1]}]
set_output_delay 2.0000 -clock [get_clocks {sysclk_i}] -add_delay [get_ports {segment_xxxm[2]}]
set_output_delay 2.0000 -clock [get_clocks {sysclk_i}] -add_delay [get_ports {segment_xxxm[3]}]
set_output_delay 2.0000 -clock [get_clocks {sysclk_i}] -add_delay [get_ports {segment_xxxm[4]}]
set_output_delay 2.0000 -clock [get_clocks {sysclk_i}] -add_delay [get_ports {segment_xxxm[5]}]
set_output_delay 2.0000 -clock [get_clocks {sysclk_i}] -add_delay [get_ports {segment_xxxm[6]}]
###############################################################################
# Environment
###############################################################################
set_load -pin_load 0.0334 [get_ports {segment_hxxx[6]}]
set_load -pin_load 0.0334 [get_ports {segment_hxxx[5]}]
set_load -pin_load 0.0334 [get_ports {segment_hxxx[4]}]
set_load -pin_load 0.0334 [get_ports {segment_hxxx[3]}]
set_load -pin_load 0.0334 [get_ports {segment_hxxx[2]}]
set_load -pin_load 0.0334 [get_ports {segment_hxxx[1]}]
set_load -pin_load 0.0334 [get_ports {segment_hxxx[0]}]
set_load -pin_load 0.0334 [get_ports {segment_xhxx[6]}]
set_load -pin_load 0.0334 [get_ports {segment_xhxx[5]}]
set_load -pin_load 0.0334 [get_ports {segment_xhxx[4]}]
set_load -pin_load 0.0334 [get_ports {segment_xhxx[3]}]
set_load -pin_load 0.0334 [get_ports {segment_xhxx[2]}]
set_load -pin_load 0.0334 [get_ports {segment_xhxx[1]}]
set_load -pin_load 0.0334 [get_ports {segment_xhxx[0]}]
set_load -pin_load 0.0334 [get_ports {segment_xxmx[6]}]
set_load -pin_load 0.0334 [get_ports {segment_xxmx[5]}]
set_load -pin_load 0.0334 [get_ports {segment_xxmx[4]}]
set_load -pin_load 0.0334 [get_ports {segment_xxmx[3]}]
set_load -pin_load 0.0334 [get_ports {segment_xxmx[2]}]
set_load -pin_load 0.0334 [get_ports {segment_xxmx[1]}]
set_load -pin_load 0.0334 [get_ports {segment_xxmx[0]}]
set_load -pin_load 0.0334 [get_ports {segment_xxxm[6]}]
set_load -pin_load 0.0334 [get_ports {segment_xxxm[5]}]
set_load -pin_load 0.0334 [get_ports {segment_xxxm[4]}]
set_load -pin_load 0.0334 [get_ports {segment_xxxm[3]}]
set_load -pin_load 0.0334 [get_ports {segment_xxxm[2]}]
set_load -pin_load 0.0334 [get_ports {segment_xxxm[1]}]
set_load -pin_load 0.0334 [get_ports {segment_xxxm[0]}]
set_driving_cell -lib_cell sky130_fd_sc_hd__inv_1 -pin {Y} -input_transition_rise 0.0000 -input_transition_fall 0.0000 [get_ports {dvalid_i}]
set_driving_cell -lib_cell sky130_fd_sc_hd__inv_1 -pin {Y} -input_transition_rise 0.0000 -input_transition_fall 0.0000 [get_ports {rst_i}]
set_driving_cell -lib_cell sky130_fd_sc_hd__inv_1 -pin {Y} -input_transition_rise 0.0000 -input_transition_fall 0.0000 [get_ports {smode_i}]
set_driving_cell -lib_cell sky130_fd_sc_hd__inv_1 -pin {Y} -input_transition_rise 0.0000 -input_transition_fall 0.0000 [get_ports {sysclk_i}]
set_driving_cell -lib_cell sky130_fd_sc_hd__inv_1 -pin {Y} -input_transition_rise 0.0000 -input_transition_fall 0.0000 [get_ports {cfg_i[11]}]
set_driving_cell -lib_cell sky130_fd_sc_hd__inv_1 -pin {Y} -input_transition_rise 0.0000 -input_transition_fall 0.0000 [get_ports {cfg_i[10]}]
set_driving_cell -lib_cell sky130_fd_sc_hd__inv_1 -pin {Y} -input_transition_rise 0.0000 -input_transition_fall 0.0000 [get_ports {cfg_i[9]}]
set_driving_cell -lib_cell sky130_fd_sc_hd__inv_1 -pin {Y} -input_transition_rise 0.0000 -input_transition_fall 0.0000 [get_ports {cfg_i[8]}]
set_driving_cell -lib_cell sky130_fd_sc_hd__inv_1 -pin {Y} -input_transition_rise 0.0000 -input_transition_fall 0.0000 [get_ports {cfg_i[7]}]
set_driving_cell -lib_cell sky130_fd_sc_hd__inv_1 -pin {Y} -input_transition_rise 0.0000 -input_transition_fall 0.0000 [get_ports {cfg_i[6]}]
set_driving_cell -lib_cell sky130_fd_sc_hd__inv_1 -pin {Y} -input_transition_rise 0.0000 -input_transition_fall 0.0000 [get_ports {cfg_i[5]}]
set_driving_cell -lib_cell sky130_fd_sc_hd__inv_1 -pin {Y} -input_transition_rise 0.0000 -input_transition_fall 0.0000 [get_ports {cfg_i[4]}]
set_driving_cell -lib_cell sky130_fd_sc_hd__inv_1 -pin {Y} -input_transition_rise 0.0000 -input_transition_fall 0.0000 [get_ports {cfg_i[3]}]
set_driving_cell -lib_cell sky130_fd_sc_hd__inv_1 -pin {Y} -input_transition_rise 0.0000 -input_transition_fall 0.0000 [get_ports {cfg_i[2]}]
set_driving_cell -lib_cell sky130_fd_sc_hd__inv_1 -pin {Y} -input_transition_rise 0.0000 -input_transition_fall 0.0000 [get_ports {cfg_i[1]}]
set_driving_cell -lib_cell sky130_fd_sc_hd__inv_1 -pin {Y} -input_transition_rise 0.0000 -input_transition_fall 0.0000 [get_ports {cfg_i[0]}]
set_timing_derate -early 0.9000
set_timing_derate -late 1.1000
###############################################################################
# Design Rules
###############################################################################
set_max_fanout 5.0000 [current_design]
[INFO]: Setting RC values...
[INFO RSZ-0033] No hold violations found.
Placement Analysis
---------------------------------
total displacement         98.0 u
average displacement        0.0 u
max displacement           18.8 u
original HPWL           21768.8 u
legalized HPWL          22164.7 u
delta HPWL                    2 %

[INFO DPL-0020] Mirrored 211 instances
[INFO DPL-0021] HPWL before           22164.7 u
[INFO DPL-0022] HPWL after            21874.8 u
[INFO DPL-0023] HPWL delta               -1.3 %
