0-prep 0h0m1s814ms
1-opensta 0h0m1s35ms
1-yosys 0h0m1s535ms
3-verilog2def_openroad 0h0m1s39ms
4-ioPlacer 0h0m0s751ms
5-tapcell 0h0m0s771ms
7-pdn 0h0m1s315ms
8-replace 0h0m1s960ms
8-resizer_design_optimization 0h0m1s379ms
9-write_verilog 0h0m0s822ms
9-resizer_design_optimization_sta 0h0m1s155ms
11-opendp 0h0m0s840ms
12-cts 0h0m38s235ms
13-write_verilog 0h0m0s781ms
13-resizer_timing_optimization 0h0m1s180ms
14-write_verilog 0h0m0s785ms
14-resizer_timing_optimization_sta 0h0m1s136ms
15-resizer_timing_optimization 0h0m1s329ms
16-write_verilog 0h0m0s785ms
16-resizer_timing_optimization_sta 0h0m1s139ms
18-opendp 0h0m0s812ms
19-fastroute 0h0m1s417ms
20-addspacers 0h0m0s912ms
21-write_verilog 0h0m0s872ms