[INFO]: Current run directory is /openlane/designs/asic_watch2/runs/RUN_2021.12.29_13.39.02
[INFO]: Preparing LEF Files
[INFO]: Extracting the number of available metal layers from /home/zerotoasic/asic_tools/pdk/sky130A/libs.ref/sky130_fd_sc_hd/techlef/sky130_fd_sc_hd.tlef
[INFO]: The number of available metal layers is 6
[INFO]: The available metal layers are li1 met1 met2 met3 met4 met5
[INFO]: Merging LEF Files...
[INFO]: Trimming Liberty...
[INFO]: Generating Exclude List...
[INFO]: Generating Exclude List...
[INFO]: Creating ::env(DONT_USE_CELLS)...
[INFO]: Storing configs into config.tcl ...
[INFO]: Preparation complete
[INFO]: Running Synthesis...
[INFO]: current step index: 1
[ERROR]: during executing: "yosys -c /openlane/scripts/synth.tcl -l /openlane/designs/asic_watch2/runs/RUN_2021.12.29_13.39.02/logs/synthesis/1-yosys.log |& tee >&@stdout"
[ERROR]: Exit code: 1
[ERROR]: Last 10 lines:
child process exited abnormally

[ERROR]: Please check yosys  log file
[ERROR]: Dumping to /openlane/designs/asic_watch2/runs/RUN_2021.12.29_13.39.02/error.log
[INFO]: Calculating Runtime From the Start...
[INFO]: flow failed for asic_watch2/2021.12.29_13.39.02 in 0h0m2s
[INFO]: Generating Final Summary Report...
[INFO]: Design Name: asic_watch2
Run Directory: /openlane/designs/asic_watch2/runs/RUN_2021.12.29_13.39.02
Source not found.
----------------------------------------

LVS Summary:
Source: /openlane/designs/asic_watch2/runs/RUN_2021.12.29_13.39.02/results/lvs/asic_watch2.lvs_parsed.gds.log
Source not found.
----------------------------------------

Antenna Summary:
No antenna report found.
[INFO]: check full report here: /openlane/designs/asic_watch2/runs/RUN_2021.12.29_13.39.02/reports/final_summary_report.csv
[INFO]: Saving Runtime Environment
[ERROR]: Flow Failed.
