Startpoint: _648_ (rising edge-triggered flip-flop clocked by sysclk_i)
Endpoint: _651_ (removal check against rising-edge clock sysclk_i)
Path Group: **async_default**
Path Type: min

Fanout     Cap    Slew   Delay    Time   Description
-----------------------------------------------------------------------------
                          0.00    0.00   clock sysclk_i (rise edge)
                          0.57    0.57   clock network delay (propagated)
                  0.13    0.00    0.57 ^ _648_/CLK (sky130_fd_sc_hd__dfrtp_4)
                  0.48    0.69    1.25 ^ _648_/Q (sky130_fd_sc_hd__dfrtp_4)
    37    0.17                           inst_count10m.rstn_i (net)
                  0.48    0.00    1.25 ^ _651_/RESET_B (sky130_fd_sc_hd__dfrtp_1)
                                  1.25   data arrival time

                          0.00    0.00   clock sysclk_i (rise edge)
                          0.71    0.71   clock network delay (propagated)
                          0.25    0.96   clock uncertainty
                         -0.07    0.89   clock reconvergence pessimism
                                  0.89 ^ _651_/CLK (sky130_fd_sc_hd__dfrtp_1)
                          0.47    1.36   library removal time
                                  1.36   data required time
-----------------------------------------------------------------------------
                                  1.36   data required time
                                 -1.25   data arrival time
-----------------------------------------------------------------------------
                                 -0.11   slack (VIOLATED)


Startpoint: _650_ (rising edge-triggered flip-flop clocked by sysclk_i)
Endpoint: _650_ (rising edge-triggered flip-flop clocked by sysclk_i)
Path Group: sysclk_i
Path Type: min

Fanout     Cap    Slew   Delay    Time   Description
-----------------------------------------------------------------------------
                          0.00    0.00   clock sysclk_i (rise edge)
                          0.56    0.56   clock network delay (propagated)
                  0.14    0.00    0.56 ^ _650_/CLK (sky130_fd_sc_hd__dfrtp_1)
                  0.12    0.37    0.93 ^ _650_/Q (sky130_fd_sc_hd__dfrtp_1)
     3    0.01                           inst_div32768.count_int[0] (net)
                  0.12    0.00    0.93 ^ _593_/A (sky130_fd_sc_hd__inv_2)
                  0.03    0.03    0.96 v _593_/Y (sky130_fd_sc_hd__inv_2)
     1    0.00                           _043_ (net)
                  0.03    0.00    0.96 v _650_/D (sky130_fd_sc_hd__dfrtp_1)
                                  0.96   data arrival time

                          0.00    0.00   clock sysclk_i (rise edge)
                          0.69    0.69   clock network delay (propagated)
                          0.25    0.94   clock uncertainty
                         -0.13    0.81   clock reconvergence pessimism
                                  0.81 ^ _650_/CLK (sky130_fd_sc_hd__dfrtp_1)
                         -0.02    0.80   library hold time
                                  0.80   data required time
-----------------------------------------------------------------------------
                                  0.80   data required time
                                 -0.96   data arrival time
-----------------------------------------------------------------------------
                                  0.17   slack (MET)


Startpoint: rstn_i (input port clocked by sysclk_i)
Endpoint: _648_ (recovery check against rising-edge clock sysclk_i)
Path Group: **async_default**
Path Type: max

Fanout     Cap    Slew   Delay    Time   Description
-----------------------------------------------------------------------------
                          0.00    0.00   clock sysclk_i (rise edge)
                          0.00    0.00   clock network delay (propagated)
                          2.00    2.00 ^ input external delay
                  0.08    0.06    2.06 ^ rstn_i (in)
     1    0.01                           rstn_i (net)
                  0.08    0.00    2.06 ^ input14/A (sky130_fd_sc_hd__buf_8)
                  0.18    0.22    2.27 ^ input14/X (sky130_fd_sc_hd__buf_8)
    14    0.11                           net14 (net)
                  0.18    0.02    2.29 ^ _648_/RESET_B (sky130_fd_sc_hd__dfrtp_4)
                                  2.29   data arrival time

                         10.00   10.00   clock sysclk_i (rise edge)
                          0.57   10.57   clock network delay (propagated)
                         -0.25   10.32   clock uncertainty
                          0.00   10.32   clock reconvergence pessimism
                                 10.32 ^ _648_/CLK (sky130_fd_sc_hd__dfrtp_4)
                          0.20   10.52   library recovery time
                                 10.52   data required time
-----------------------------------------------------------------------------
                                 10.52   data required time
                                 -2.29   data arrival time
-----------------------------------------------------------------------------
                                  8.22   slack (MET)


Startpoint: _645_ (falling edge-triggered flip-flop)
Endpoint: segment_xhxx[2] (output port clocked by sysclk_i)
Path Group: sysclk_i
Path Type: max

Fanout     Cap    Slew   Delay    Time   Description
-----------------------------------------------------------------------------
                  0.03    0.00    0.00 v _645_/CLK_N (sky130_fd_sc_hd__dfbbn_2)
                  0.09    0.72    0.72 v _645_/Q (sky130_fd_sc_hd__dfbbn_2)
     6    0.04                           inst_count24h.count_int[2] (net)
                  0.09    0.00    0.73 v _441_/A (sky130_fd_sc_hd__inv_2)
                  0.05    0.09    0.81 ^ _441_/Y (sky130_fd_sc_hd__inv_2)
     3    0.01                           _184_ (net)
                  0.05    0.00    0.81 ^ _442_/A (sky130_fd_sc_hd__or2_1)
                  0.04    0.10    0.91 ^ _442_/X (sky130_fd_sc_hd__or2_1)
     1    0.00                           _185_ (net)
                  0.04    0.00    0.91 ^ _443_/A (sky130_fd_sc_hd__dlymetal6s2s_1)
                  0.16    0.18    1.09 ^ _443_/X (sky130_fd_sc_hd__dlymetal6s2s_1)
     3    0.01                           _024_ (net)
                  0.16    0.00    1.09 ^ _444_/A (sky130_fd_sc_hd__clkinv_2)
                  0.04    0.06    1.15 v _444_/Y (sky130_fd_sc_hd__clkinv_2)
     1    0.00                           _023_ (net)
                  0.04    0.00    1.15 v _630_/A0 (sky130_fd_sc_hd__mux2_1)
                  0.06    0.30    1.46 v _630_/X (sky130_fd_sc_hd__mux2_1)
     1    0.00                           _031_ (net)
                  0.06    0.00    1.46 v _452_/A (sky130_fd_sc_hd__nor3b_1)
                  0.24    0.27    1.73 ^ _452_/Y (sky130_fd_sc_hd__nor3b_1)
     2    0.01                           _190_ (net)
                  0.24    0.00    1.73 ^ _453_/A (sky130_fd_sc_hd__or2b_1)
                  0.05    0.16    1.88 ^ _453_/X (sky130_fd_sc_hd__or2b_1)
     1    0.00                           _191_ (net)
                  0.05    0.00    1.88 ^ _454_/A (sky130_fd_sc_hd__clkbuf_1)
                  0.11    0.14    2.03 ^ _454_/X (sky130_fd_sc_hd__clkbuf_1)
     2    0.01                           _032_ (net)
                  0.11    0.00    2.03 ^ _631_/A0 (sky130_fd_sc_hd__mux2_1)
                  0.14    0.23    2.26 ^ _631_/X (sky130_fd_sc_hd__mux2_1)
     4    0.01                           _034_ (net)
                  0.14    0.00    2.26 ^ _470_/B (sky130_fd_sc_hd__or2_1)
                  0.07    0.15    2.41 ^ _470_/X (sky130_fd_sc_hd__or2_1)
     2    0.01                           _204_ (net)
                  0.07    0.00    2.41 ^ _471_/A (sky130_fd_sc_hd__clkbuf_2)
                  0.13    0.19    2.60 ^ _471_/X (sky130_fd_sc_hd__clkbuf_2)
     5    0.02                           _205_ (net)
                  0.13    0.00    2.60 ^ _487_/A (sky130_fd_sc_hd__inv_2)
                  0.05    0.08    2.67 v _487_/Y (sky130_fd_sc_hd__inv_2)
     3    0.01                           _220_ (net)
                  0.05    0.00    2.67 v _493_/A3 (sky130_fd_sc_hd__a31o_1)
                  0.07    0.27    2.94 v _493_/X (sky130_fd_sc_hd__a31o_1)
     3    0.01                           _225_ (net)
                  0.07    0.00    2.94 v _495_/B (sky130_fd_sc_hd__or3b_1)
                  0.11    0.45    3.39 v _495_/X (sky130_fd_sc_hd__or3b_1)
     3    0.01                           _227_ (net)
                  0.11    0.00    3.39 v _496_/B (sky130_fd_sc_hd__or3b_4)
                  0.12    0.52    3.91 v _496_/X (sky130_fd_sc_hd__or3b_4)
     1    0.04                           _228_ (net)
                  0.13    0.01    3.92 v _497_/A (sky130_fd_sc_hd__buf_2)
                  0.09    0.24    4.16 v _497_/X (sky130_fd_sc_hd__buf_2)
     1    0.03                           segment_xhxx[2] (net)
                  0.09    0.00    4.16 v segment_xhxx[2] (out)
                                  4.16   data arrival time

                         10.00   10.00   clock sysclk_i (rise edge)
                          0.00   10.00   clock network delay (propagated)
                         -0.25    9.75   clock uncertainty
                          0.00    9.75   clock reconvergence pessimism
                         -2.00    7.75   output external delay
                                  7.75   data required time
-----------------------------------------------------------------------------
                                  7.75   data required time
                                 -4.16   data arrival time
-----------------------------------------------------------------------------
                                  3.59   slack (MET)


