
===========================================================================
report_checks -path_delay max (Setup)
============================================================================
Startpoint: rstn_i (input port clocked by sysclk_i)
Endpoint: _648_ (recovery check against rising-edge clock sysclk_i)
Path Group: **async_default**
Path Type: max

Fanout     Cap    Slew   Delay    Time   Description
-----------------------------------------------------------------------------
                  0.15    0.00    0.00   clock sysclk_i (rise edge)
                          0.00    0.00   clock network delay (ideal)
                          2.00    2.00 ^ input external delay
                  0.42    0.31    2.31 ^ rstn_i (in)
    14    0.05                           rstn_i (net)
                  0.42    0.00    2.31 ^ _648_/RESET_B (sky130_fd_sc_hd__dfrtp_2)
                                  2.31   data arrival time

                  0.15   10.00   10.00   clock sysclk_i (rise edge)
                          0.00   10.00   clock network delay (ideal)
                         -0.25    9.75   clock uncertainty
                          0.00    9.75   clock reconvergence pessimism
                                  9.75 ^ _648_/CLK (sky130_fd_sc_hd__dfrtp_2)
                          0.14    9.89   library recovery time
                                  9.89   data required time
-----------------------------------------------------------------------------
                                  9.89   data required time
                                 -2.31   data arrival time
-----------------------------------------------------------------------------
                                  7.58   slack (MET)


Startpoint: rstn_i (input port clocked by sysclk_i)
Endpoint: _649_ (recovery check against rising-edge clock sysclk_i)
Path Group: **async_default**
Path Type: max

Fanout     Cap    Slew   Delay    Time   Description
-----------------------------------------------------------------------------
                  0.15    0.00    0.00   clock sysclk_i (rise edge)
                          0.00    0.00   clock network delay (ideal)
                          2.00    2.00 ^ input external delay
                  0.42    0.31    2.31 ^ rstn_i (in)
    14    0.05                           rstn_i (net)
                  0.42    0.00    2.31 ^ _649_/RESET_B (sky130_fd_sc_hd__dfrtp_2)
                                  2.31   data arrival time

                  0.15   10.00   10.00   clock sysclk_i (rise edge)
                          0.00   10.00   clock network delay (ideal)
                         -0.25    9.75   clock uncertainty
                          0.00    9.75   clock reconvergence pessimism
                                  9.75 ^ _649_/CLK (sky130_fd_sc_hd__dfrtp_2)
                          0.14    9.89   library recovery time
                                  9.89   data required time
-----------------------------------------------------------------------------
                                  9.89   data required time
                                 -2.31   data arrival time
-----------------------------------------------------------------------------
                                  7.58   slack (MET)


Startpoint: rstn_i (input port clocked by sysclk_i)
Endpoint: _670_ (recovery check against rising-edge clock sysclk_i)
Path Group: **async_default**
Path Type: max

Fanout     Cap    Slew   Delay    Time   Description
-----------------------------------------------------------------------------
                  0.15    0.00    0.00   clock sysclk_i (rise edge)
                          0.00    0.00   clock network delay (ideal)
                          2.00    2.00 ^ input external delay
                  0.42    0.31    2.31 ^ rstn_i (in)
    14    0.05                           rstn_i (net)
                  0.42    0.00    2.31 ^ _670_/RESET_B (sky130_fd_sc_hd__dfrtp_2)
                                  2.31   data arrival time

                  0.15   10.00   10.00   clock sysclk_i (rise edge)
                          0.00   10.00   clock network delay (ideal)
                         -0.25    9.75   clock uncertainty
                          0.00    9.75   clock reconvergence pessimism
                                  9.75 ^ _670_/CLK (sky130_fd_sc_hd__dfrtp_2)
                          0.14    9.89   library recovery time
                                  9.89   data required time
-----------------------------------------------------------------------------
                                  9.89   data required time
                                 -2.31   data arrival time
-----------------------------------------------------------------------------
                                  7.58   slack (MET)


Startpoint: rstn_i (input port clocked by sysclk_i)
Endpoint: _671_ (recovery check against rising-edge clock sysclk_i)
Path Group: **async_default**
Path Type: max

Fanout     Cap    Slew   Delay    Time   Description
-----------------------------------------------------------------------------
                  0.15    0.00    0.00   clock sysclk_i (rise edge)
                          0.00    0.00   clock network delay (ideal)
                          2.00    2.00 ^ input external delay
                  0.42    0.31    2.31 ^ rstn_i (in)
    14    0.05                           rstn_i (net)
                  0.42    0.00    2.31 ^ _671_/RESET_B (sky130_fd_sc_hd__dfrtp_2)
                                  2.31   data arrival time

                  0.15   10.00   10.00   clock sysclk_i (rise edge)
                          0.00   10.00   clock network delay (ideal)
                         -0.25    9.75   clock uncertainty
                          0.00    9.75   clock reconvergence pessimism
                                  9.75 ^ _671_/CLK (sky130_fd_sc_hd__dfrtp_2)
                          0.14    9.89   library recovery time
                                  9.89   data required time
-----------------------------------------------------------------------------
                                  9.89   data required time
                                 -2.31   data arrival time
-----------------------------------------------------------------------------
                                  7.58   slack (MET)


Startpoint: rstn_i (input port clocked by sysclk_i)
Endpoint: _672_ (recovery check against rising-edge clock sysclk_i)
Path Group: **async_default**
Path Type: max

Fanout     Cap    Slew   Delay    Time   Description
-----------------------------------------------------------------------------
                  0.15    0.00    0.00   clock sysclk_i (rise edge)
                          0.00    0.00   clock network delay (ideal)
                          2.00    2.00 ^ input external delay
                  0.42    0.31    2.31 ^ rstn_i (in)
    14    0.05                           rstn_i (net)
                  0.42    0.00    2.31 ^ _672_/RESET_B (sky130_fd_sc_hd__dfrtp_2)
                                  2.31   data arrival time

                  0.15   10.00   10.00   clock sysclk_i (rise edge)
                          0.00   10.00   clock network delay (ideal)
                         -0.25    9.75   clock uncertainty
                          0.00    9.75   clock reconvergence pessimism
                                  9.75 ^ _672_/CLK (sky130_fd_sc_hd__dfrtp_2)
                          0.14    9.89   library recovery time
                                  9.89   data required time
-----------------------------------------------------------------------------
                                  9.89   data required time
                                 -2.31   data arrival time
-----------------------------------------------------------------------------
                                  7.58   slack (MET)


Startpoint: _646_ (falling edge-triggered flip-flop)
Endpoint: segment_xhxx[3] (output port clocked by sysclk_i)
Path Group: sysclk_i
Path Type: max

Fanout     Cap    Slew   Delay    Time   Description
-----------------------------------------------------------------------------
                  0.02    0.00    0.00 v _646_/CLK_N (sky130_fd_sc_hd__dfbbn_2)
                  0.16    0.67    0.67 ^ _646_/Q (sky130_fd_sc_hd__dfbbn_2)
     8    0.03                           inst_count24h.count_int[3] (net)
                  0.16    0.00    0.67 ^ _457_/A (sky130_fd_sc_hd__inv_2)
                  0.04    0.05    0.73 v _457_/Y (sky130_fd_sc_hd__inv_2)
     3    0.01                           _194_ (net)
                  0.04    0.00    0.73 v _458_/A (sky130_fd_sc_hd__or3_2)
                  0.07    0.50    1.23 v _458_/X (sky130_fd_sc_hd__or3_2)
     1    0.00                           _195_ (net)
                  0.07    0.00    1.23 v _459_/A3 (sky130_fd_sc_hd__o32a_2)
                  0.06    0.37    1.60 v _459_/X (sky130_fd_sc_hd__o32a_2)
     1    0.00                           _196_ (net)
                  0.06    0.00    1.60 v _460_/A (sky130_fd_sc_hd__inv_2)
                  0.07    0.09    1.69 ^ _460_/Y (sky130_fd_sc_hd__inv_2)
     4    0.01                           _033_ (net)
                  0.07    0.00    1.69 ^ _632_/S (sky130_fd_sc_hd__mux2_1)
                  0.11    0.42    2.11 v _632_/X (sky130_fd_sc_hd__mux2_1)
     7    0.01                           _036_ (net)
                  0.11    0.00    2.11 v _477_/A (sky130_fd_sc_hd__or2_2)
                  0.06    0.35    2.46 v _477_/X (sky130_fd_sc_hd__or2_2)
     2    0.00                           _210_ (net)
                  0.06    0.00    2.46 v _478_/B (sky130_fd_sc_hd__or2_2)
                  0.07    0.32    2.78 v _478_/X (sky130_fd_sc_hd__or2_2)
     2    0.01                           _211_ (net)
                  0.07    0.00    2.78 v _480_/B1 (sky130_fd_sc_hd__o311a_2)
                  0.06    0.16    2.93 v _480_/X (sky130_fd_sc_hd__o311a_2)
     1    0.00                           _213_ (net)
                  0.06    0.00    2.93 v _481_/A (sky130_fd_sc_hd__inv_2)
                  0.03    0.05    2.99 ^ _481_/Y (sky130_fd_sc_hd__inv_2)
     2    0.00                           _214_ (net)
                  0.03    0.00    2.99 ^ _484_/A (sky130_fd_sc_hd__or2_2)
                  0.06    0.12    3.11 ^ _484_/X (sky130_fd_sc_hd__or2_2)
     3    0.01                           _217_ (net)
                  0.06    0.00    3.11 ^ _499_/A (sky130_fd_sc_hd__nor2_2)
                  0.02    0.04    3.15 v _499_/Y (sky130_fd_sc_hd__nor2_2)
     1    0.00                           _230_ (net)
                  0.02    0.00    3.15 v _500_/D (sky130_fd_sc_hd__or4_2)
                  0.09    0.57    3.72 v _500_/X (sky130_fd_sc_hd__or4_2)
     1    0.00                           _231_ (net)
                  0.09    0.00    3.72 v _501_/A (sky130_fd_sc_hd__buf_1)
                  0.19    0.26    3.98 v _501_/X (sky130_fd_sc_hd__buf_1)
     1    0.03                           segment_xhxx[3] (net)
                  0.19    0.00    3.98 v segment_xhxx[3] (out)
                                  3.98   data arrival time

                  0.15   10.00   10.00   clock sysclk_i (rise edge)
                          0.00   10.00   clock network delay (ideal)
                         -0.25    9.75   clock uncertainty
                          0.00    9.75   clock reconvergence pessimism
                         -2.00    7.75   output external delay
                                  7.75   data required time
-----------------------------------------------------------------------------
                                  7.75   data required time
                                 -3.98   data arrival time
-----------------------------------------------------------------------------
                                  3.77   slack (MET)


Startpoint: _645_ (falling edge-triggered flip-flop)
Endpoint: segment_xhxx[2] (output port clocked by sysclk_i)
Path Group: sysclk_i
Path Type: max

Fanout     Cap    Slew   Delay    Time   Description
-----------------------------------------------------------------------------
                  0.02    0.00    0.00 v _645_/CLK_N (sky130_fd_sc_hd__dfbbn_2)
                  0.06    0.69    0.69 v _645_/Q (sky130_fd_sc_hd__dfbbn_2)
     6    0.02                           inst_count24h.count_int[2] (net)
                  0.06    0.00    0.69 v _441_/A (sky130_fd_sc_hd__inv_2)
                  0.03    0.06    0.74 ^ _441_/Y (sky130_fd_sc_hd__inv_2)
     3    0.00                           _184_ (net)
                  0.03    0.00    0.74 ^ _442_/A (sky130_fd_sc_hd__or2_2)
                  0.03    0.10    0.84 ^ _442_/X (sky130_fd_sc_hd__or2_2)
     1    0.00                           _185_ (net)
                  0.03    0.00    0.84 ^ _443_/A (sky130_fd_sc_hd__buf_1)
                  0.14    0.15    1.00 ^ _443_/X (sky130_fd_sc_hd__buf_1)
     3    0.01                           _024_ (net)
                  0.14    0.00    1.00 ^ _444_/A (sky130_fd_sc_hd__inv_2)
                  0.03    0.03    1.03 v _444_/Y (sky130_fd_sc_hd__inv_2)
     1    0.00                           _023_ (net)
                  0.03    0.00    1.03 v _630_/A0 (sky130_fd_sc_hd__mux2_1)
                  0.06    0.31    1.34 v _630_/X (sky130_fd_sc_hd__mux2_1)
     1    0.00                           _031_ (net)
                  0.06    0.00    1.34 v _452_/A (sky130_fd_sc_hd__nor3b_2)
                  0.17    0.23    1.57 ^ _452_/Y (sky130_fd_sc_hd__nor3b_2)
     2    0.01                           _190_ (net)
                  0.17    0.00    1.57 ^ _453_/A (sky130_fd_sc_hd__or2b_2)
                  0.03    0.14    1.72 ^ _453_/X (sky130_fd_sc_hd__or2b_2)
     1    0.00                           _191_ (net)
                  0.03    0.00    1.72 ^ _454_/A (sky130_fd_sc_hd__buf_1)
                  0.08    0.11    1.83 ^ _454_/X (sky130_fd_sc_hd__buf_1)
     2    0.01                           _032_ (net)
                  0.08    0.00    1.83 ^ _631_/A0 (sky130_fd_sc_hd__mux2_1)
                  0.09    0.18    2.01 ^ _631_/X (sky130_fd_sc_hd__mux2_1)
     4    0.01                           _034_ (net)
                  0.09    0.00    2.01 ^ _470_/B (sky130_fd_sc_hd__or2_2)
                  0.03    0.13    2.14 ^ _470_/X (sky130_fd_sc_hd__or2_2)
     2    0.00                           _204_ (net)
                  0.03    0.00    2.14 ^ _471_/A (sky130_fd_sc_hd__buf_1)
                  0.18    0.19    2.32 ^ _471_/X (sky130_fd_sc_hd__buf_1)
     5    0.01                           _205_ (net)
                  0.18    0.00    2.32 ^ _487_/A (sky130_fd_sc_hd__inv_2)
                  0.05    0.06    2.38 v _487_/Y (sky130_fd_sc_hd__inv_2)
     3    0.01                           _220_ (net)
                  0.05    0.00    2.38 v _489_/A3 (sky130_fd_sc_hd__a31o_2)
                  0.04    0.26    2.64 v _489_/X (sky130_fd_sc_hd__a31o_2)
     2    0.00                           _222_ (net)
                  0.04    0.00    2.64 v _495_/A (sky130_fd_sc_hd__or3b_2)
                  0.10    0.53    3.18 v _495_/X (sky130_fd_sc_hd__or3b_2)
     3    0.01                           _227_ (net)
                  0.10    0.00    3.18 v _496_/B (sky130_fd_sc_hd__or3b_2)
                  0.07    0.49    3.66 v _496_/X (sky130_fd_sc_hd__or3b_2)
     1    0.00                           _228_ (net)
                  0.07    0.00    3.66 v _497_/A (sky130_fd_sc_hd__buf_1)
                  0.19    0.25    3.92 v _497_/X (sky130_fd_sc_hd__buf_1)
     1    0.03                           segment_xhxx[2] (net)
                  0.19    0.00    3.92 v segment_xhxx[2] (out)
                                  3.92   data arrival time

                  0.15   10.00   10.00   clock sysclk_i (rise edge)
                          0.00   10.00   clock network delay (ideal)
                         -0.25    9.75   clock uncertainty
                          0.00    9.75   clock reconvergence pessimism
                         -2.00    7.75   output external delay
                                  7.75   data required time
-----------------------------------------------------------------------------
                                  7.75   data required time
                                 -3.92   data arrival time
-----------------------------------------------------------------------------
                                  3.83   slack (MET)


Startpoint: _646_ (falling edge-triggered flip-flop)
Endpoint: segment_xhxx[1] (output port clocked by sysclk_i)
Path Group: sysclk_i
Path Type: max

Fanout     Cap    Slew   Delay    Time   Description
-----------------------------------------------------------------------------
                  0.02    0.00    0.00 v _646_/CLK_N (sky130_fd_sc_hd__dfbbn_2)
                  0.16    0.67    0.67 ^ _646_/Q (sky130_fd_sc_hd__dfbbn_2)
     8    0.03                           inst_count24h.count_int[3] (net)
                  0.16    0.00    0.67 ^ _457_/A (sky130_fd_sc_hd__inv_2)
                  0.04    0.05    0.73 v _457_/Y (sky130_fd_sc_hd__inv_2)
     3    0.01                           _194_ (net)
                  0.04    0.00    0.73 v _458_/A (sky130_fd_sc_hd__or3_2)
                  0.07    0.50    1.23 v _458_/X (sky130_fd_sc_hd__or3_2)
     1    0.00                           _195_ (net)
                  0.07    0.00    1.23 v _459_/A3 (sky130_fd_sc_hd__o32a_2)
                  0.06    0.37    1.60 v _459_/X (sky130_fd_sc_hd__o32a_2)
     1    0.00                           _196_ (net)
                  0.06    0.00    1.60 v _460_/A (sky130_fd_sc_hd__inv_2)
                  0.07    0.09    1.69 ^ _460_/Y (sky130_fd_sc_hd__inv_2)
     4    0.01                           _033_ (net)
                  0.07    0.00    1.69 ^ _633_/S (sky130_fd_sc_hd__mux2_1)
                  0.10    0.41    2.09 v _633_/X (sky130_fd_sc_hd__mux2_1)
     5    0.01                           _038_ (net)
                  0.10    0.00    2.09 v _465_/A (sky130_fd_sc_hd__inv_2)
                  0.04    0.07    2.16 ^ _465_/Y (sky130_fd_sc_hd__inv_2)
     2    0.00                           _199_ (net)
                  0.04    0.00    2.16 ^ _466_/A (sky130_fd_sc_hd__buf_1)
                  0.12    0.15    2.31 ^ _466_/X (sky130_fd_sc_hd__buf_1)
     5    0.01                           _200_ (net)
                  0.12    0.00    2.31 ^ _467_/B (sky130_fd_sc_hd__or2_2)
                  0.03    0.14    2.45 ^ _467_/X (sky130_fd_sc_hd__or2_2)
     2    0.00                           _201_ (net)
                  0.03    0.00    2.45 ^ _468_/A (sky130_fd_sc_hd__buf_1)
                  0.15    0.17    2.62 ^ _468_/X (sky130_fd_sc_hd__buf_1)
     5    0.01                           _202_ (net)
                  0.15    0.00    2.62 ^ _482_/B1 (sky130_fd_sc_hd__o32a_2)
                  0.05    0.20    2.81 ^ _482_/X (sky130_fd_sc_hd__o32a_2)
     2    0.01                           _215_ (net)
                  0.05    0.00    2.81 ^ _483_/B1 (sky130_fd_sc_hd__o21ai_2)
                  0.04    0.06    2.87 v _483_/Y (sky130_fd_sc_hd__o21ai_2)
     3    0.00                           _216_ (net)
                  0.04    0.00    2.87 v _484_/B (sky130_fd_sc_hd__or2_2)
                  0.07    0.32    3.19 v _484_/X (sky130_fd_sc_hd__or2_2)
     3    0.01                           _217_ (net)
                  0.07    0.00    3.19 v _491_/A (sky130_fd_sc_hd__or2_2)
                  0.05    0.32    3.51 v _491_/X (sky130_fd_sc_hd__or2_2)
     1    0.00                           _224_ (net)
                  0.05    0.00    3.51 v _492_/A (sky130_fd_sc_hd__buf_1)
                  0.19    0.24    3.75 v _492_/X (sky130_fd_sc_hd__buf_1)
     1    0.03                           segment_xhxx[1] (net)
                  0.19    0.00    3.75 v segment_xhxx[1] (out)
                                  3.75   data arrival time

                  0.15   10.00   10.00   clock sysclk_i (rise edge)
                          0.00   10.00   clock network delay (ideal)
                         -0.25    9.75   clock uncertainty
                          0.00    9.75   clock reconvergence pessimism
                         -2.00    7.75   output external delay
                                  7.75   data required time
-----------------------------------------------------------------------------
                                  7.75   data required time
                                 -3.75   data arrival time
-----------------------------------------------------------------------------
                                  4.00   slack (MET)


Startpoint: _646_ (falling edge-triggered flip-flop)
Endpoint: segment_xhxx[6] (output port clocked by sysclk_i)
Path Group: sysclk_i
Path Type: max

Fanout     Cap    Slew   Delay    Time   Description
-----------------------------------------------------------------------------
                  0.02    0.00    0.00 v _646_/CLK_N (sky130_fd_sc_hd__dfbbn_2)
                  0.16    0.67    0.67 ^ _646_/Q (sky130_fd_sc_hd__dfbbn_2)
     8    0.03                           inst_count24h.count_int[3] (net)
                  0.16    0.00    0.67 ^ _457_/A (sky130_fd_sc_hd__inv_2)
                  0.04    0.05    0.73 v _457_/Y (sky130_fd_sc_hd__inv_2)
     3    0.01                           _194_ (net)
                  0.04    0.00    0.73 v _458_/A (sky130_fd_sc_hd__or3_2)
                  0.07    0.50    1.23 v _458_/X (sky130_fd_sc_hd__or3_2)
     1    0.00                           _195_ (net)
                  0.07    0.00    1.23 v _459_/A3 (sky130_fd_sc_hd__o32a_2)
                  0.06    0.37    1.60 v _459_/X (sky130_fd_sc_hd__o32a_2)
     1    0.00                           _196_ (net)
                  0.06    0.00    1.60 v _460_/A (sky130_fd_sc_hd__inv_2)
                  0.07    0.09    1.69 ^ _460_/Y (sky130_fd_sc_hd__inv_2)
     4    0.01                           _033_ (net)
                  0.07    0.00    1.69 ^ _633_/S (sky130_fd_sc_hd__mux2_1)
                  0.10    0.41    2.09 v _633_/X (sky130_fd_sc_hd__mux2_1)
     5    0.01                           _038_ (net)
                  0.10    0.00    2.09 v _465_/A (sky130_fd_sc_hd__inv_2)
                  0.04    0.07    2.16 ^ _465_/Y (sky130_fd_sc_hd__inv_2)
     2    0.00                           _199_ (net)
                  0.04    0.00    2.16 ^ _466_/A (sky130_fd_sc_hd__buf_1)
                  0.12    0.15    2.31 ^ _466_/X (sky130_fd_sc_hd__buf_1)
     5    0.01                           _200_ (net)
                  0.12    0.00    2.31 ^ _467_/B (sky130_fd_sc_hd__or2_2)
                  0.03    0.14    2.45 ^ _467_/X (sky130_fd_sc_hd__or2_2)
     2    0.00                           _201_ (net)
                  0.03    0.00    2.45 ^ _468_/A (sky130_fd_sc_hd__buf_1)
                  0.15    0.17    2.62 ^ _468_/X (sky130_fd_sc_hd__buf_1)
     5    0.01                           _202_ (net)
                  0.15    0.00    2.62 ^ _482_/B1 (sky130_fd_sc_hd__o32a_2)
                  0.05    0.20    2.81 ^ _482_/X (sky130_fd_sc_hd__o32a_2)
     2    0.01                           _215_ (net)
                  0.05    0.00    2.81 ^ _483_/B1 (sky130_fd_sc_hd__o21ai_2)
                  0.04    0.06    2.87 v _483_/Y (sky130_fd_sc_hd__o21ai_2)
     3    0.00                           _216_ (net)
                  0.04    0.00    2.87 v _484_/B (sky130_fd_sc_hd__or2_2)
                  0.07    0.32    3.19 v _484_/X (sky130_fd_sc_hd__or2_2)
     3    0.01                           _217_ (net)
                  0.07    0.00    3.19 v _507_/B1 (sky130_fd_sc_hd__o32a_2)
                  0.12    0.31    3.50 v _507_/X (sky130_fd_sc_hd__o32a_2)
     1    0.03                           segment_xhxx[6] (net)
                  0.12    0.00    3.50 v segment_xhxx[6] (out)
                                  3.50   data arrival time

                  0.15   10.00   10.00   clock sysclk_i (rise edge)
                          0.00   10.00   clock network delay (ideal)
                         -0.25    9.75   clock uncertainty
                          0.00    9.75   clock reconvergence pessimism
                         -2.00    7.75   output external delay
                                  7.75   data required time
-----------------------------------------------------------------------------
                                  7.75   data required time
                                 -3.50   data arrival time
-----------------------------------------------------------------------------
                                  4.25   slack (MET)


Startpoint: _645_ (falling edge-triggered flip-flop)
Endpoint: segment_xhxx[5] (output port clocked by sysclk_i)
Path Group: sysclk_i
Path Type: max

Fanout     Cap    Slew   Delay    Time   Description
-----------------------------------------------------------------------------
                  0.02    0.00    0.00 v _645_/CLK_N (sky130_fd_sc_hd__dfbbn_2)
                  0.06    0.69    0.69 v _645_/Q (sky130_fd_sc_hd__dfbbn_2)
     6    0.02                           inst_count24h.count_int[2] (net)
                  0.06    0.00    0.69 v _441_/A (sky130_fd_sc_hd__inv_2)
                  0.03    0.06    0.74 ^ _441_/Y (sky130_fd_sc_hd__inv_2)
     3    0.00                           _184_ (net)
                  0.03    0.00    0.74 ^ _442_/A (sky130_fd_sc_hd__or2_2)
                  0.03    0.10    0.84 ^ _442_/X (sky130_fd_sc_hd__or2_2)
     1    0.00                           _185_ (net)
                  0.03    0.00    0.84 ^ _443_/A (sky130_fd_sc_hd__buf_1)
                  0.14    0.15    1.00 ^ _443_/X (sky130_fd_sc_hd__buf_1)
     3    0.01                           _024_ (net)
                  0.14    0.00    1.00 ^ _444_/A (sky130_fd_sc_hd__inv_2)
                  0.03    0.03    1.03 v _444_/Y (sky130_fd_sc_hd__inv_2)
     1    0.00                           _023_ (net)
                  0.03    0.00    1.03 v _630_/A0 (sky130_fd_sc_hd__mux2_1)
                  0.06    0.31    1.34 v _630_/X (sky130_fd_sc_hd__mux2_1)
     1    0.00                           _031_ (net)
                  0.06    0.00    1.34 v _452_/A (sky130_fd_sc_hd__nor3b_2)
                  0.17    0.23    1.57 ^ _452_/Y (sky130_fd_sc_hd__nor3b_2)
     2    0.01                           _190_ (net)
                  0.17    0.00    1.57 ^ _453_/A (sky130_fd_sc_hd__or2b_2)
                  0.03    0.14    1.72 ^ _453_/X (sky130_fd_sc_hd__or2b_2)
     1    0.00                           _191_ (net)
                  0.03    0.00    1.72 ^ _454_/A (sky130_fd_sc_hd__buf_1)
                  0.08    0.11    1.83 ^ _454_/X (sky130_fd_sc_hd__buf_1)
     2    0.01                           _032_ (net)
                  0.08    0.00    1.83 ^ _631_/A0 (sky130_fd_sc_hd__mux2_1)
                  0.09    0.18    2.01 ^ _631_/X (sky130_fd_sc_hd__mux2_1)
     4    0.01                           _034_ (net)
                  0.09    0.00    2.01 ^ _470_/B (sky130_fd_sc_hd__or2_2)
                  0.03    0.13    2.14 ^ _470_/X (sky130_fd_sc_hd__or2_2)
     2    0.00                           _204_ (net)
                  0.03    0.00    2.14 ^ _471_/A (sky130_fd_sc_hd__buf_1)
                  0.18    0.19    2.32 ^ _471_/X (sky130_fd_sc_hd__buf_1)
     5    0.01                           _205_ (net)
                  0.18    0.00    2.32 ^ _487_/A (sky130_fd_sc_hd__inv_2)
                  0.05    0.06    2.38 v _487_/Y (sky130_fd_sc_hd__inv_2)
     3    0.01                           _220_ (net)
                  0.05    0.00    2.38 v _489_/A3 (sky130_fd_sc_hd__a31o_2)
                  0.04    0.26    2.64 v _489_/X (sky130_fd_sc_hd__a31o_2)
     2    0.00                           _222_ (net)
                  0.04    0.00    2.64 v _490_/B (sky130_fd_sc_hd__or2_2)
                  0.06    0.29    2.94 v _490_/X (sky130_fd_sc_hd__or2_2)
     2    0.00                           _223_ (net)
                  0.06    0.00    2.94 v _504_/C1 (sky130_fd_sc_hd__a311o_2)
                  0.13    0.45    3.39 v _504_/X (sky130_fd_sc_hd__a311o_2)
     1    0.03                           segment_xhxx[5] (net)
                  0.13    0.00    3.39 v segment_xhxx[5] (out)
                                  3.39   data arrival time

                  0.15   10.00   10.00   clock sysclk_i (rise edge)
                          0.00   10.00   clock network delay (ideal)
                         -0.25    9.75   clock uncertainty
                          0.00    9.75   clock reconvergence pessimism
                         -2.00    7.75   output external delay
                                  7.75   data required time
-----------------------------------------------------------------------------
                                  7.75   data required time
                                 -3.39   data arrival time
-----------------------------------------------------------------------------
                                  4.36   slack (MET)


