0-prep 0h0m1s807ms
1-opensta 0h0m1s45ms
1-yosys 0h0m1s503ms
3-verilog2def_openroad 0h0m1s44ms
4-ioPlacer 0h0m0s755ms
5-tapcell 0h0m0s753ms
7-pdn 0h0m1s146ms
8-replace 0h0m1s580ms
8-resizer_design_optimization 0h0m1s293ms
9-write_verilog 0h0m0s760ms
9-resizer_design_optimization_sta 0h0m1s80ms
11-opendp 0h0m0s786ms
12-cts 0h0m36s986ms
13-write_verilog 0h0m0s760ms
13-resizer_timing_optimization 0h0m1s141ms
14-write_verilog 0h0m0s770ms
14-resizer_timing_optimization_sta 0h0m1s69ms
15-resizer_timing_optimization 0h0m1s234ms
16-write_verilog 0h0m0s766ms
16-resizer_timing_optimization_sta 0h0m1s99ms
18-opendp 0h0m0s783ms
19-fastroute 0h0m1s265ms
20-addspacers 0h0m0s800ms
21-write_verilog 0h0m0s806ms