0-prep 0h0m1s886ms
1-opensta 0h0m1s55ms
1-yosys 0h0m1s543ms
3-verilog2def_openroad 0h0m1s14ms
4-ioPlacer 0h0m0s731ms
5-tapcell 0h0m0s755ms
7-pdn 0h0m1s327ms
8-replace 0h0m1s916ms
8-resizer_design_optimization 0h0m1s315ms
9-write_verilog 0h0m0s764ms
9-resizer_design_optimization_sta 0h0m1s90ms
11-opendp 0h0m0s810ms
12-cts 0h0m36s912ms
13-write_verilog 0h0m0s780ms
13-resizer_timing_optimization 0h0m1s152ms
14-write_verilog 0h0m0s768ms
14-resizer_timing_optimization_sta 0h0m1s88ms
15-resizer_timing_optimization 0h0m1s264ms
16-write_verilog 0h0m0s762ms
16-resizer_timing_optimization_sta 0h0m1s108ms
18-opendp 0h0m0s803ms
19-fastroute 0h0m1s367ms
20-addspacers 0h0m0s924ms
21-write_verilog 0h0m0s886ms