
===========================================================================
report_checks -unconstrained
============================================================================
Startpoint: rstn_i (input port clocked by sysclk_i)
Endpoint: _648_ (recovery check against rising-edge clock sysclk_i)
Path Group: **async_default**
Path Type: max

Fanout     Cap    Slew   Delay    Time   Description
-----------------------------------------------------------------------------
                  0.15    0.00    0.00   clock sysclk_i (rise edge)
                          0.00    0.00   clock network delay (ideal)
                          2.00    2.00 ^ input external delay
                  0.05    0.03    2.03 ^ rstn_i (in)
     1    0.00                           rstn_i (net)
                  0.05    0.00    2.03 ^ input14/A (sky130_fd_sc_hd__buf_6)
                  0.11    0.17    2.20 ^ input14/X (sky130_fd_sc_hd__buf_6)
    14    0.05                           net14 (net)
                  0.11    0.00    2.20 ^ _648_/RESET_B (sky130_fd_sc_hd__dfrtp_4)
                                  2.20   data arrival time

                  0.15   10.00   10.00   clock sysclk_i (rise edge)
                          0.00   10.00   clock network delay (ideal)
                         -0.25    9.75   clock uncertainty
                          0.00    9.75   clock reconvergence pessimism
                                  9.75 ^ _648_/CLK (sky130_fd_sc_hd__dfrtp_4)
                          0.23    9.98   library recovery time
                                  9.98   data required time
-----------------------------------------------------------------------------
                                  9.98   data required time
                                 -2.20   data arrival time
-----------------------------------------------------------------------------
                                  7.78   slack (MET)


Startpoint: _645_ (falling edge-triggered flip-flop)
Endpoint: segment_xhxx[2] (output port clocked by sysclk_i)
Path Group: sysclk_i
Path Type: max

Fanout     Cap    Slew   Delay    Time   Description
-----------------------------------------------------------------------------
                  0.02    0.00    0.00 v _645_/CLK_N (sky130_fd_sc_hd__dfbbn_2)
                  0.07    0.69    0.69 v _645_/Q (sky130_fd_sc_hd__dfbbn_2)
     6    0.02                           inst_count24h.count_int[2] (net)
                  0.07    0.00    0.69 v _441_/A (sky130_fd_sc_hd__inv_2)
                  0.03    0.06    0.75 ^ _441_/Y (sky130_fd_sc_hd__inv_2)
     3    0.00                           _184_ (net)
                  0.03    0.00    0.75 ^ _442_/A (sky130_fd_sc_hd__or2_1)
                  0.03    0.09    0.84 ^ _442_/X (sky130_fd_sc_hd__or2_1)
     1    0.00                           _185_ (net)
                  0.03    0.00    0.84 ^ _443_/A (sky130_fd_sc_hd__dlymetal6s2s_1)
                  0.13    0.15    0.99 ^ _443_/X (sky130_fd_sc_hd__dlymetal6s2s_1)
     3    0.01                           _024_ (net)
                  0.13    0.00    0.99 ^ _444_/A (sky130_fd_sc_hd__clkinv_2)
                  0.03    0.05    1.05 v _444_/Y (sky130_fd_sc_hd__clkinv_2)
     1    0.00                           _023_ (net)
                  0.03    0.00    1.05 v _630_/A0 (sky130_fd_sc_hd__mux2_1)
                  0.05    0.29    1.34 v _630_/X (sky130_fd_sc_hd__mux2_1)
     1    0.00                           _031_ (net)
                  0.05    0.00    1.34 v _452_/A (sky130_fd_sc_hd__nor3b_1)
                  0.20    0.24    1.59 ^ _452_/Y (sky130_fd_sc_hd__nor3b_1)
     2    0.00                           _190_ (net)
                  0.20    0.00    1.59 ^ _453_/A (sky130_fd_sc_hd__or2b_1)
                  0.04    0.14    1.72 ^ _453_/X (sky130_fd_sc_hd__or2b_1)
     1    0.00                           _191_ (net)
                  0.04    0.00    1.72 ^ _454_/A (sky130_fd_sc_hd__clkbuf_1)
                  0.09    0.12    1.84 ^ _454_/X (sky130_fd_sc_hd__clkbuf_1)
     2    0.01                           _032_ (net)
                  0.09    0.00    1.84 ^ _631_/A0 (sky130_fd_sc_hd__mux2_1)
                  0.09    0.19    2.03 ^ _631_/X (sky130_fd_sc_hd__mux2_1)
     4    0.01                           _034_ (net)
                  0.09    0.00    2.03 ^ _470_/B (sky130_fd_sc_hd__or2_1)
                  0.05    0.12    2.15 ^ _470_/X (sky130_fd_sc_hd__or2_1)
     2    0.00                           _204_ (net)
                  0.05    0.00    2.15 ^ _471_/A (sky130_fd_sc_hd__clkbuf_2)
                  0.09    0.15    2.30 ^ _471_/X (sky130_fd_sc_hd__clkbuf_2)
     5    0.01                           _205_ (net)
                  0.09    0.00    2.30 ^ _487_/A (sky130_fd_sc_hd__inv_2)
                  0.03    0.05    2.35 v _487_/Y (sky130_fd_sc_hd__inv_2)
     3    0.01                           _220_ (net)
                  0.03    0.00    2.35 v _489_/A3 (sky130_fd_sc_hd__a31o_1)
                  0.04    0.22    2.58 v _489_/X (sky130_fd_sc_hd__a31o_1)
     2    0.00                           _222_ (net)
                  0.04    0.00    2.58 v _495_/A (sky130_fd_sc_hd__or3b_1)
                  0.09    0.43    3.01 v _495_/X (sky130_fd_sc_hd__or3b_1)
     3    0.01                           _227_ (net)
                  0.09    0.00    3.01 v _496_/B (sky130_fd_sc_hd__or3b_2)
                  0.07    0.48    3.49 v _496_/X (sky130_fd_sc_hd__or3b_2)
     1    0.00                           _228_ (net)
                  0.07    0.00    3.49 v _497_/A (sky130_fd_sc_hd__clkbuf_1)
                  0.02    0.10    3.59 v _497_/X (sky130_fd_sc_hd__clkbuf_1)
     1    0.00                           net25 (net)
                  0.02    0.00    3.59 v output25/A (sky130_fd_sc_hd__buf_2)
                  0.09    0.19    3.78 v output25/X (sky130_fd_sc_hd__buf_2)
     1    0.03                           segment_xhxx[2] (net)
                  0.09    0.00    3.78 v segment_xhxx[2] (out)
                                  3.78   data arrival time

                  0.15   10.00   10.00   clock sysclk_i (rise edge)
                          0.00   10.00   clock network delay (ideal)
                         -0.25    9.75   clock uncertainty
                          0.00    9.75   clock reconvergence pessimism
                         -2.00    7.75   output external delay
                                  7.75   data required time
-----------------------------------------------------------------------------
                                  7.75   data required time
                                 -3.78   data arrival time
-----------------------------------------------------------------------------
                                  3.97   slack (MET)



===========================================================================
report_checks --slack_max -0.01
============================================================================
No paths found.
