Startpoint: _648_ (rising edge-triggered flip-flop clocked by sysclk_i)
Endpoint: _684_ (removal check against rising-edge clock sysclk_i)
Path Group: **async_default**
Path Type: min

Fanout     Cap    Slew   Delay    Time   Description
-----------------------------------------------------------------------------
                          0.00    0.00   clock sysclk_i (rise edge)
                          0.62    0.62   clock network delay (propagated)
                  0.17    0.00    0.62 ^ _648_/CLK (sky130_fd_sc_hd__dfrtp_4)
                  0.30    0.56    1.18 ^ _648_/Q (sky130_fd_sc_hd__dfrtp_4)
    23    0.10                           inst_count10m.rstn_i (net)
                  0.31    0.03    1.21 ^ _684_/SET_B (sky130_fd_sc_hd__dfstp_2)
                                  1.21   data arrival time

                          0.00    0.00   clock sysclk_i (rise edge)
                          0.76    0.76   clock network delay (propagated)
                          0.25    1.01   clock uncertainty
                         -0.14    0.87   clock reconvergence pessimism
                                  0.87 ^ _684_/CLK (sky130_fd_sc_hd__dfstp_2)
                          0.17    1.04   library removal time
                                  1.04   data required time
-----------------------------------------------------------------------------
                                  1.04   data required time
                                 -1.21   data arrival time
-----------------------------------------------------------------------------
                                  0.17   slack (MET)


Startpoint: _650_ (rising edge-triggered flip-flop clocked by sysclk_i)
Endpoint: _650_ (rising edge-triggered flip-flop clocked by sysclk_i)
Path Group: sysclk_i
Path Type: min

Fanout     Cap    Slew   Delay    Time   Description
-----------------------------------------------------------------------------
                          0.00    0.00   clock sysclk_i (rise edge)
                          0.61    0.61   clock network delay (propagated)
                  0.17    0.00    0.61 ^ _650_/CLK (sky130_fd_sc_hd__dfrtp_1)
                  0.12    0.38    0.99 ^ _650_/Q (sky130_fd_sc_hd__dfrtp_1)
     3    0.01                           inst_div32768.count_int[0] (net)
                  0.12    0.00    0.99 ^ _593_/A (sky130_fd_sc_hd__inv_2)
                  0.03    0.04    1.03 v _593_/Y (sky130_fd_sc_hd__inv_2)
     1    0.00                           _043_ (net)
                  0.03    0.00    1.03 v _650_/D (sky130_fd_sc_hd__dfrtp_1)
                                  1.03   data arrival time

                          0.00    0.00   clock sysclk_i (rise edge)
                          0.75    0.75   clock network delay (propagated)
                          0.25    1.00   clock uncertainty
                         -0.13    0.86   clock reconvergence pessimism
                                  0.86 ^ _650_/CLK (sky130_fd_sc_hd__dfrtp_1)
                         -0.01    0.85   library hold time
                                  0.85   data required time
-----------------------------------------------------------------------------
                                  0.85   data required time
                                 -1.03   data arrival time
-----------------------------------------------------------------------------
                                  0.18   slack (MET)


Startpoint: _648_ (rising edge-triggered flip-flop clocked by sysclk_i)
Endpoint: _651_ (recovery check against rising-edge clock sysclk_i)
Path Group: **async_default**
Path Type: max

Fanout     Cap    Slew   Delay    Time   Description
-----------------------------------------------------------------------------
                          0.00    0.00   clock sysclk_i (rise edge)
                          0.76    0.76   clock network delay (propagated)
                  0.17    0.00    0.76 ^ _648_/CLK (sky130_fd_sc_hd__dfrtp_4)
                  0.30    0.68    1.44 ^ _648_/Q (sky130_fd_sc_hd__dfrtp_4)
    23    0.10                           inst_count10m.rstn_i (net)
                  0.31    0.04    1.48 ^ hold3/A (sky130_fd_sc_hd__clkdlybuf4s50_1)
                  0.08    0.63    2.10 ^ hold3/X (sky130_fd_sc_hd__clkdlybuf4s50_1)
     1    0.01                           net18 (net)
                  0.08    0.00    2.11 ^ hold1/A (sky130_fd_sc_hd__buf_6)
                  0.04    0.12    2.22 ^ hold1/X (sky130_fd_sc_hd__buf_6)
     2    0.01                           net16 (net)
                  0.04    0.00    2.23 ^ hold2/A (sky130_fd_sc_hd__clkbuf_8)
                  0.15    0.21    2.44 ^ hold2/X (sky130_fd_sc_hd__clkbuf_8)
    14    0.08                           net17 (net)
                  0.16    0.03    2.47 ^ _651_/RESET_B (sky130_fd_sc_hd__dfrtp_1)
                                  2.47   data arrival time

                         10.00   10.00   clock sysclk_i (rise edge)
                          0.59   10.59   clock network delay (propagated)
                         -0.25   10.34   clock uncertainty
                          0.07   10.41   clock reconvergence pessimism
                                 10.41 ^ _651_/CLK (sky130_fd_sc_hd__dfrtp_1)
                          0.23   10.64   library recovery time
                                 10.64   data required time
-----------------------------------------------------------------------------
                                 10.64   data required time
                                 -2.47   data arrival time
-----------------------------------------------------------------------------
                                  8.17   slack (MET)


Startpoint: _645_ (falling edge-triggered flip-flop)
Endpoint: segment_xhxx[2] (output port clocked by sysclk_i)
Path Group: sysclk_i
Path Type: max

Fanout     Cap    Slew   Delay    Time   Description
-----------------------------------------------------------------------------
                  0.03    0.00    0.00 v _645_/CLK_N (sky130_fd_sc_hd__dfbbn_2)
                  0.09    0.72    0.72 v _645_/Q (sky130_fd_sc_hd__dfbbn_2)
     6    0.03                           inst_count24h.count_int[2] (net)
                  0.09    0.00    0.72 v _441_/A (sky130_fd_sc_hd__inv_2)
                  0.05    0.08    0.81 ^ _441_/Y (sky130_fd_sc_hd__inv_2)
     3    0.01                           _184_ (net)
                  0.05    0.00    0.81 ^ _442_/A (sky130_fd_sc_hd__or2_1)
                  0.06    0.12    0.93 ^ _442_/X (sky130_fd_sc_hd__or2_1)
     1    0.01                           _185_ (net)
                  0.06    0.00    0.93 ^ _443_/A (sky130_fd_sc_hd__clkbuf_1)
                  0.17    0.19    1.12 ^ _443_/X (sky130_fd_sc_hd__clkbuf_1)
     3    0.01                           _024_ (net)
                  0.17    0.00    1.12 ^ _444_/A (sky130_fd_sc_hd__clkinv_2)
                  0.04    0.07    1.19 v _444_/Y (sky130_fd_sc_hd__clkinv_2)
     1    0.00                           _023_ (net)
                  0.04    0.00    1.19 v _630_/A0 (sky130_fd_sc_hd__mux2_1)
                  0.06    0.32    1.51 v _630_/X (sky130_fd_sc_hd__mux2_1)
     1    0.00                           _031_ (net)
                  0.06    0.00    1.51 v _452_/A (sky130_fd_sc_hd__nor3b_1)
                  0.32    0.35    1.86 ^ _452_/Y (sky130_fd_sc_hd__nor3b_1)
     2    0.01                           _190_ (net)
                  0.32    0.00    1.87 ^ _453_/A (sky130_fd_sc_hd__or2b_1)
                  0.07    0.19    2.05 ^ _453_/X (sky130_fd_sc_hd__or2b_1)
     1    0.01                           _191_ (net)
                  0.07    0.00    2.05 ^ _454_/A (sky130_fd_sc_hd__clkbuf_1)
                  0.13    0.16    2.21 ^ _454_/X (sky130_fd_sc_hd__clkbuf_1)
     2    0.01                           _032_ (net)
                  0.13    0.00    2.22 ^ _631_/A0 (sky130_fd_sc_hd__mux2_1)
                  0.14    0.24    2.46 ^ _631_/X (sky130_fd_sc_hd__mux2_1)
     4    0.01                           _034_ (net)
                  0.14    0.00    2.46 ^ _470_/B (sky130_fd_sc_hd__or2_1)
                  0.08    0.16    2.62 ^ _470_/X (sky130_fd_sc_hd__or2_1)
     2    0.01                           _204_ (net)
                  0.08    0.00    2.62 ^ _471_/A (sky130_fd_sc_hd__clkbuf_2)
                  0.14    0.20    2.82 ^ _471_/X (sky130_fd_sc_hd__clkbuf_2)
     5    0.02                           _205_ (net)
                  0.14    0.01    2.83 ^ _487_/A (sky130_fd_sc_hd__inv_2)
                  0.06    0.08    2.91 v _487_/Y (sky130_fd_sc_hd__inv_2)
     3    0.02                           _220_ (net)
                  0.06    0.00    2.92 v _493_/A3 (sky130_fd_sc_hd__a31o_1)
                  0.09    0.29    3.21 v _493_/X (sky130_fd_sc_hd__a31o_1)
     3    0.01                           _225_ (net)
                  0.09    0.00    3.21 v _495_/B (sky130_fd_sc_hd__or3b_1)
                  0.12    0.47    3.68 v _495_/X (sky130_fd_sc_hd__or3b_1)
     3    0.01                           _227_ (net)
                  0.12    0.00    3.69 v _496_/B (sky130_fd_sc_hd__or3b_4)
                  0.13    0.52    4.20 v _496_/X (sky130_fd_sc_hd__or3b_4)
     1    0.04                           _228_ (net)
                  0.14    0.02    4.23 v _497_/A (sky130_fd_sc_hd__buf_2)
                  0.09    0.25    4.47 v _497_/X (sky130_fd_sc_hd__buf_2)
     1    0.03                           segment_xhxx[2] (net)
                  0.10    0.01    4.48 v segment_xhxx[2] (out)
                                  4.48   data arrival time

                         10.00   10.00   clock sysclk_i (rise edge)
                          0.00   10.00   clock network delay (propagated)
                         -0.25    9.75   clock uncertainty
                          0.00    9.75   clock reconvergence pessimism
                         -2.00    7.75   output external delay
                                  7.75   data required time
-----------------------------------------------------------------------------
                                  7.75   data required time
                                 -4.48   data arrival time
-----------------------------------------------------------------------------
                                  3.27   slack (MET)


