Startpoint: _648_ (rising edge-triggered flip-flop clocked by sysclk_i)
Endpoint: _664_ (removal check against rising-edge clock sysclk_i)
Path Group: **async_default**
Path Type: min

Fanout     Cap    Slew   Delay    Time   Description
-----------------------------------------------------------------------------
                          0.00    0.00   clock sysclk_i (rise edge)
                          0.68    0.68   clock network delay (propagated)
                  0.12    0.00    0.68 ^ _648_/CLK (sky130_fd_sc_hd__dfrtp_4)
                  0.47    0.68    1.36 ^ _648_/Q (sky130_fd_sc_hd__dfrtp_4)
    37    0.17                           inst_count10m.rstn_i (net)
                  0.47    0.00    1.36 ^ _664_/RESET_B (sky130_fd_sc_hd__dfrtp_1)
                                  1.36   data arrival time

                          0.00    0.00   clock sysclk_i (rise edge)
                          0.88    0.88   clock network delay (propagated)
                          0.25    1.13   clock uncertainty
                         -0.10    1.03   clock reconvergence pessimism
                                  1.03 ^ _664_/CLK (sky130_fd_sc_hd__dfrtp_1)
                          0.47    1.51   library removal time
                                  1.51   data required time
-----------------------------------------------------------------------------
                                  1.51   data required time
                                 -1.36   data arrival time
-----------------------------------------------------------------------------
                                 -0.14   slack (VIOLATED)


Startpoint: _650_ (rising edge-triggered flip-flop clocked by sysclk_i)
Endpoint: _650_ (rising edge-triggered flip-flop clocked by sysclk_i)
Path Group: sysclk_i
Path Type: min

Fanout     Cap    Slew   Delay    Time   Description
-----------------------------------------------------------------------------
                          0.00    0.00   clock sysclk_i (rise edge)
                          0.70    0.70   clock network delay (propagated)
                  0.15    0.00    0.70 ^ _650_/CLK (sky130_fd_sc_hd__dfrtp_1)
                  0.12    0.38    1.08 ^ _650_/Q (sky130_fd_sc_hd__dfrtp_1)
     3    0.01                           inst_div32768.count_int[0] (net)
                  0.12    0.00    1.08 ^ _593_/A (sky130_fd_sc_hd__inv_2)
                  0.03    0.04    1.11 v _593_/Y (sky130_fd_sc_hd__inv_2)
     1    0.00                           _043_ (net)
                  0.03    0.00    1.11 v _650_/D (sky130_fd_sc_hd__dfrtp_1)
                                  1.11   data arrival time

                          0.00    0.00   clock sysclk_i (rise edge)
                          0.86    0.86   clock network delay (propagated)
                          0.25    1.11   clock uncertainty
                         -0.16    0.95   clock reconvergence pessimism
                                  0.95 ^ _650_/CLK (sky130_fd_sc_hd__dfrtp_1)
                         -0.01    0.94   library hold time
                                  0.94   data required time
-----------------------------------------------------------------------------
                                  0.94   data required time
                                 -1.11   data arrival time
-----------------------------------------------------------------------------
                                  0.17   slack (MET)


Startpoint: rstn_i (input port clocked by sysclk_i)
Endpoint: _648_ (recovery check against rising-edge clock sysclk_i)
Path Group: **async_default**
Path Type: max

Fanout     Cap    Slew   Delay    Time   Description
-----------------------------------------------------------------------------
                          0.00    0.00   clock sysclk_i (rise edge)
                          0.00    0.00   clock network delay (propagated)
                          2.00    2.00 ^ input external delay
                  0.10    0.07    2.07 ^ rstn_i (in)
     1    0.01                           rstn_i (net)
                  0.10    0.00    2.07 ^ input14/A (sky130_fd_sc_hd__buf_12)
                  0.14    0.20    2.27 ^ input14/X (sky130_fd_sc_hd__buf_12)
    14    0.12                           net14 (net)
                  0.16    0.03    2.30 ^ _648_/RESET_B (sky130_fd_sc_hd__dfrtp_4)
                                  2.30   data arrival time

                         10.00   10.00   clock sysclk_i (rise edge)
                          0.68   10.68   clock network delay (propagated)
                         -0.25   10.43   clock uncertainty
                          0.00   10.43   clock reconvergence pessimism
                                 10.43 ^ _648_/CLK (sky130_fd_sc_hd__dfrtp_4)
                          0.20   10.64   library recovery time
                                 10.64   data required time
-----------------------------------------------------------------------------
                                 10.64   data required time
                                 -2.30   data arrival time
-----------------------------------------------------------------------------
                                  8.34   slack (MET)


Startpoint: _645_ (falling edge-triggered flip-flop)
Endpoint: segment_xhxx[2] (output port clocked by sysclk_i)
Path Group: sysclk_i
Path Type: max

Fanout     Cap    Slew   Delay    Time   Description
-----------------------------------------------------------------------------
                  0.02    0.00    0.00 v _645_/CLK_N (sky130_fd_sc_hd__dfbbn_2)
                  0.09    0.72    0.72 v _645_/Q (sky130_fd_sc_hd__dfbbn_2)
     6    0.03                           inst_count24h.count_int[2] (net)
                  0.09    0.00    0.72 v _441_/A (sky130_fd_sc_hd__inv_2)
                  0.05    0.08    0.80 ^ _441_/Y (sky130_fd_sc_hd__inv_2)
     3    0.01                           _184_ (net)
                  0.05    0.00    0.80 ^ _442_/A (sky130_fd_sc_hd__or2_1)
                  0.04    0.10    0.91 ^ _442_/X (sky130_fd_sc_hd__or2_1)
     1    0.00                           _185_ (net)
                  0.04    0.00    0.91 ^ _443_/A (sky130_fd_sc_hd__clkbuf_1)
                  0.14    0.17    1.07 ^ _443_/X (sky130_fd_sc_hd__clkbuf_1)
     3    0.01                           _024_ (net)
                  0.14    0.00    1.07 ^ _444_/A (sky130_fd_sc_hd__inv_2)
                  0.03    0.04    1.11 v _444_/Y (sky130_fd_sc_hd__inv_2)
     1    0.00                           _023_ (net)
                  0.03    0.00    1.11 v _630_/A0 (sky130_fd_sc_hd__mux2_1)
                  0.06    0.30    1.41 v _630_/X (sky130_fd_sc_hd__mux2_1)
     1    0.00                           _031_ (net)
                  0.06    0.00    1.41 v _452_/A (sky130_fd_sc_hd__nor3b_1)
                  0.27    0.30    1.71 ^ _452_/Y (sky130_fd_sc_hd__nor3b_1)
     2    0.01                           _190_ (net)
                  0.27    0.00    1.71 ^ _453_/A (sky130_fd_sc_hd__or2b_1)
                  0.05    0.17    1.87 ^ _453_/X (sky130_fd_sc_hd__or2b_1)
     1    0.00                           _191_ (net)
                  0.05    0.00    1.87 ^ _454_/A (sky130_fd_sc_hd__clkbuf_1)
                  0.11    0.14    2.02 ^ _454_/X (sky130_fd_sc_hd__clkbuf_1)
     2    0.01                           _032_ (net)
                  0.11    0.00    2.02 ^ _631_/A0 (sky130_fd_sc_hd__mux2_1)
                  0.13    0.23    2.24 ^ _631_/X (sky130_fd_sc_hd__mux2_1)
     4    0.01                           _034_ (net)
                  0.13    0.00    2.24 ^ _470_/B (sky130_fd_sc_hd__or2_1)
                  0.08    0.16    2.40 ^ _470_/X (sky130_fd_sc_hd__or2_1)
     2    0.01                           _204_ (net)
                  0.08    0.00    2.40 ^ _471_/A (sky130_fd_sc_hd__clkbuf_2)
                  0.13    0.20    2.60 ^ _471_/X (sky130_fd_sc_hd__clkbuf_2)
     5    0.02                           _205_ (net)
                  0.13    0.00    2.60 ^ _487_/A (sky130_fd_sc_hd__inv_2)
                  0.05    0.07    2.67 v _487_/Y (sky130_fd_sc_hd__inv_2)
     3    0.01                           _220_ (net)
                  0.05    0.00    2.67 v _493_/A3 (sky130_fd_sc_hd__a31o_1)
                  0.07    0.27    2.94 v _493_/X (sky130_fd_sc_hd__a31o_1)
     3    0.01                           _225_ (net)
                  0.07    0.00    2.94 v _495_/B (sky130_fd_sc_hd__or3b_1)
                  0.11    0.45    3.39 v _495_/X (sky130_fd_sc_hd__or3b_1)
     3    0.01                           _227_ (net)
                  0.11    0.00    3.39 v _496_/B (sky130_fd_sc_hd__or3b_4)
                  0.16    0.56    3.95 v _496_/X (sky130_fd_sc_hd__or3b_4)
     1    0.07                           _228_ (net)
                  0.16    0.02    3.97 v _497_/A (sky130_fd_sc_hd__buf_2)
                  0.09    0.26    4.23 v _497_/X (sky130_fd_sc_hd__buf_2)
     1    0.03                           segment_xhxx[2] (net)
                  0.09    0.00    4.23 v segment_xhxx[2] (out)
                                  4.23   data arrival time

                         10.00   10.00   clock sysclk_i (rise edge)
                          0.00   10.00   clock network delay (propagated)
                         -0.25    9.75   clock uncertainty
                          0.00    9.75   clock reconvergence pessimism
                         -2.00    7.75   output external delay
                                  7.75   data required time
-----------------------------------------------------------------------------
                                  7.75   data required time
                                 -4.23   data arrival time
-----------------------------------------------------------------------------
                                  3.52   slack (MET)


