Startpoint: _648_ (rising edge-triggered flip-flop clocked by sysclk_i)
Endpoint: _651_ (removal check against rising-edge clock sysclk_i)
Path Group: **async_default**
Path Type: min

Fanout     Cap    Slew   Delay    Time   Description
-----------------------------------------------------------------------------
                          0.00    0.00   clock sysclk_i (rise edge)
                          0.45    0.45   clock network delay (propagated)
                  0.12    0.00    0.45 ^ _648_/CLK (sky130_fd_sc_hd__dfrtp_4)
                  0.48    0.69    1.13 ^ _648_/Q (sky130_fd_sc_hd__dfrtp_4)
    37    0.17                           inst_count10m.rstn_i (net)
                  0.48    0.00    1.13 ^ _651_/RESET_B (sky130_fd_sc_hd__dfrtp_1)
                                  1.13   data arrival time

                          0.00    0.00   clock sysclk_i (rise edge)
                          0.59    0.59   clock network delay (propagated)
                          0.25    0.84   clock uncertainty
                         -0.05    0.79   clock reconvergence pessimism
                                  0.79 ^ _651_/CLK (sky130_fd_sc_hd__dfrtp_1)
                          0.48    1.27   library removal time
                                  1.27   data required time
-----------------------------------------------------------------------------
                                  1.27   data required time
                                 -1.13   data arrival time
-----------------------------------------------------------------------------
                                 -0.13   slack (VIOLATED)


Startpoint: _650_ (rising edge-triggered flip-flop clocked by sysclk_i)
Endpoint: _651_ (rising edge-triggered flip-flop clocked by sysclk_i)
Path Group: sysclk_i
Path Type: min

Fanout     Cap    Slew   Delay    Time   Description
-----------------------------------------------------------------------------
                          0.00    0.00   clock sysclk_i (rise edge)
                          0.45    0.45   clock network delay (propagated)
                  0.12    0.00    0.45 ^ _650_/CLK (sky130_fd_sc_hd__dfrtp_1)
                  0.13    0.37    0.82 ^ _650_/Q (sky130_fd_sc_hd__dfrtp_1)
     3    0.01                           inst_div32768.count_int[0] (net)
                  0.13    0.00    0.82 ^ _596_/A2 (sky130_fd_sc_hd__o21a_1)
                  0.04    0.11    0.93 ^ _596_/X (sky130_fd_sc_hd__o21a_1)
     1    0.00                           _049_ (net)
                  0.04    0.00    0.93 ^ _651_/D (sky130_fd_sc_hd__dfrtp_1)
                                  0.93   data arrival time

                          0.00    0.00   clock sysclk_i (rise edge)
                          0.59    0.59   clock network delay (propagated)
                          0.25    0.84   clock uncertainty
                         -0.05    0.79   clock reconvergence pessimism
                                  0.79 ^ _651_/CLK (sky130_fd_sc_hd__dfrtp_1)
                         -0.02    0.78   library hold time
                                  0.78   data required time
-----------------------------------------------------------------------------
                                  0.78   data required time
                                 -0.93   data arrival time
-----------------------------------------------------------------------------
                                  0.15   slack (MET)


Startpoint: rstn_i (input port clocked by sysclk_i)
Endpoint: _648_ (recovery check against rising-edge clock sysclk_i)
Path Group: **async_default**
Path Type: max

Fanout     Cap    Slew   Delay    Time   Description
-----------------------------------------------------------------------------
                          0.00    0.00   clock sysclk_i (rise edge)
                          0.00    0.00   clock network delay (propagated)
                          2.00    2.00 ^ input external delay
                  0.06    0.04    2.04 ^ rstn_i (in)
     1    0.01                           rstn_i (net)
                  0.06    0.00    2.04 ^ input14/A (sky130_fd_sc_hd__buf_6)
                  0.16    0.21    2.25 ^ input14/X (sky130_fd_sc_hd__buf_6)
    14    0.08                           net14 (net)
                  0.16    0.01    2.25 ^ _648_/RESET_B (sky130_fd_sc_hd__dfrtp_4)
                                  2.25   data arrival time

                         10.00   10.00   clock sysclk_i (rise edge)
                          0.45   10.45   clock network delay (propagated)
                         -0.25   10.20   clock uncertainty
                          0.00   10.20   clock reconvergence pessimism
                                 10.20 ^ _648_/CLK (sky130_fd_sc_hd__dfrtp_4)
                          0.20   10.40   library recovery time
                                 10.40   data required time
-----------------------------------------------------------------------------
                                 10.40   data required time
                                 -2.25   data arrival time
-----------------------------------------------------------------------------
                                  8.15   slack (MET)


Startpoint: _645_ (falling edge-triggered flip-flop)
Endpoint: segment_xhxx[2] (output port clocked by sysclk_i)
Path Group: sysclk_i
Path Type: max

Fanout     Cap    Slew   Delay    Time   Description
-----------------------------------------------------------------------------
                  0.02    0.00    0.00 v _645_/CLK_N (sky130_fd_sc_hd__dfbbn_2)
                  0.08    0.71    0.71 v _645_/Q (sky130_fd_sc_hd__dfbbn_2)
     6    0.03                           inst_count24h.count_int[2] (net)
                  0.08    0.00    0.71 v _441_/A (sky130_fd_sc_hd__inv_2)
                  0.05    0.08    0.79 ^ _441_/Y (sky130_fd_sc_hd__inv_2)
     3    0.01                           _184_ (net)
                  0.05    0.00    0.79 ^ _442_/A (sky130_fd_sc_hd__or2_1)
                  0.04    0.10    0.89 ^ _442_/X (sky130_fd_sc_hd__or2_1)
     1    0.00                           _185_ (net)
                  0.04    0.00    0.89 ^ _443_/A (sky130_fd_sc_hd__dlymetal6s2s_1)
                  0.16    0.18    1.07 ^ _443_/X (sky130_fd_sc_hd__dlymetal6s2s_1)
     3    0.01                           _024_ (net)
                  0.16    0.00    1.07 ^ _444_/A (sky130_fd_sc_hd__clkinv_2)
                  0.04    0.06    1.13 v _444_/Y (sky130_fd_sc_hd__clkinv_2)
     1    0.00                           _023_ (net)
                  0.04    0.00    1.13 v _630_/A0 (sky130_fd_sc_hd__mux2_1)
                  0.06    0.30    1.44 v _630_/X (sky130_fd_sc_hd__mux2_1)
     1    0.00                           _031_ (net)
                  0.06    0.00    1.44 v _452_/A (sky130_fd_sc_hd__nor3b_1)
                  0.26    0.29    1.72 ^ _452_/Y (sky130_fd_sc_hd__nor3b_1)
     2    0.01                           _190_ (net)
                  0.26    0.00    1.72 ^ _453_/A (sky130_fd_sc_hd__or2b_1)
                  0.05    0.16    1.88 ^ _453_/X (sky130_fd_sc_hd__or2b_1)
     1    0.00                           _191_ (net)
                  0.05    0.00    1.88 ^ _454_/A (sky130_fd_sc_hd__clkbuf_1)
                  0.11    0.14    2.02 ^ _454_/X (sky130_fd_sc_hd__clkbuf_1)
     2    0.01                           _032_ (net)
                  0.11    0.00    2.02 ^ _631_/A0 (sky130_fd_sc_hd__mux2_1)
                  0.11    0.21    2.23 ^ _631_/X (sky130_fd_sc_hd__mux2_1)
     4    0.01                           _034_ (net)
                  0.11    0.00    2.23 ^ _470_/B (sky130_fd_sc_hd__or2_1)
                  0.07    0.14    2.37 ^ _470_/X (sky130_fd_sc_hd__or2_1)
     2    0.01                           _204_ (net)
                  0.07    0.00    2.37 ^ _471_/A (sky130_fd_sc_hd__clkbuf_2)
                  0.13    0.19    2.56 ^ _471_/X (sky130_fd_sc_hd__clkbuf_2)
     5    0.02                           _205_ (net)
                  0.13    0.00    2.56 ^ _487_/A (sky130_fd_sc_hd__inv_2)
                  0.04    0.07    2.63 v _487_/Y (sky130_fd_sc_hd__inv_2)
     3    0.01                           _220_ (net)
                  0.04    0.00    2.63 v _489_/A3 (sky130_fd_sc_hd__a31o_1)
                  0.05    0.24    2.87 v _489_/X (sky130_fd_sc_hd__a31o_1)
     2    0.01                           _222_ (net)
                  0.05    0.00    2.87 v _495_/A (sky130_fd_sc_hd__or3b_1)
                  0.10    0.45    3.33 v _495_/X (sky130_fd_sc_hd__or3b_1)
     3    0.01                           _227_ (net)
                  0.10    0.00    3.33 v _496_/B (sky130_fd_sc_hd__or3b_2)
                  0.12    0.58    3.90 v _496_/X (sky130_fd_sc_hd__or3b_2)
     1    0.02                           _228_ (net)
                  0.12    0.00    3.90 v _497_/A (sky130_fd_sc_hd__clkbuf_1)
                  0.03    0.13    4.03 v _497_/X (sky130_fd_sc_hd__clkbuf_1)
     1    0.00                           net25 (net)
                  0.03    0.00    4.03 v output25/A (sky130_fd_sc_hd__buf_2)
                  0.09    0.19    4.23 v output25/X (sky130_fd_sc_hd__buf_2)
     1    0.03                           segment_xhxx[2] (net)
                  0.09    0.00    4.23 v segment_xhxx[2] (out)
                                  4.23   data arrival time

                         10.00   10.00   clock sysclk_i (rise edge)
                          0.00   10.00   clock network delay (propagated)
                         -0.25    9.75   clock uncertainty
                          0.00    9.75   clock reconvergence pessimism
                         -2.00    7.75   output external delay
                                  7.75   data required time
-----------------------------------------------------------------------------
                                  7.75   data required time
                                 -4.23   data arrival time
-----------------------------------------------------------------------------
                                  3.52   slack (MET)


