OpenROAD GITDIR-NOTFOUND 
This program is licensed under the BSD-3 license. See the LICENSE file for details.
Components of this program may be licensed under more restrictive licenses which must be honored.
[INFO ODB-0222] Reading LEF file: /openlane/designs/asic_watch/runs/RUN_2021.12.25_14.14.52/tmp/merged_unpadded.lef
[WARNING ODB-0220] WARNING (LEFPARS-2036): SOURCE statement is obsolete in version 5.6 and later.
The LEF parser will ignore this statement.
To avoid this warning in the future, remove this statement from the LEF file with version 5.6 or later. See file /openlane/designs/asic_watch/runs/RUN_2021.12.25_14.14.52/tmp/merged_unpadded.lef at line 68119.

[INFO ODB-0223]     Created 13 technology layers
[INFO ODB-0224]     Created 25 technology vias
[INFO ODB-0225]     Created 441 library cells
[INFO ODB-0226] Finished LEF file:  /openlane/designs/asic_watch/runs/RUN_2021.12.25_14.14.52/tmp/merged_unpadded.lef
[INFO ODB-0127] Reading DEF file: /openlane/designs/asic_watch/runs/RUN_2021.12.25_14.14.52/tmp/placement/15-resizer_timing.def
[INFO ODB-0128] Design: asic_watch
[INFO ODB-0130]     Created 46 pins.
[INFO ODB-0131]     Created 595 components and 3571 component-terminals.
[INFO ODB-0132]     Created 2 special nets and 2176 connections.
[INFO ODB-0133]     Created 457 nets and 1394 connections.
[INFO ODB-0134] Finished DEF file: /openlane/designs/asic_watch/runs/RUN_2021.12.25_14.14.52/tmp/placement/15-resizer_timing.def
Placement Analysis
---------------------------------
total displacement          0.0 u
average displacement        0.0 u
max displacement            0.0 u
original HPWL            8704.7 u
legalized HPWL           8961.8 u
delta HPWL                    3 %

[INFO DPL-0020] Mirrored 200 instances
[INFO DPL-0021] HPWL before            8961.8 u
[INFO DPL-0022] HPWL after             8704.7 u
[INFO DPL-0023] HPWL delta               -2.9 %
