Wed Dec 29 12:43:55 UTC 2021 - Executing "openroad -python /openlane/scripts/extract_metal_layers.py -t /home/zerotoasic/asic_tools/pdk/sky130A/libs.ref/sky130_fd_sc_hd/techlef/sky130_fd_sc_hd.tlef -o /openlane/designs/asic_watch/runs/RUN_2021.12.29_12.43.55/tmp/met_layers_list.txt"

Wed Dec 29 12:43:56 UTC 2021 - Executing "/openlane/scripts/mergeLef.py -i /home/zerotoasic/asic_tools/pdk/sky130A/libs.ref/sky130_fd_sc_hd/techlef/sky130_fd_sc_hd.tlef {/home/zerotoasic/asic_tools/pdk/sky130A/libs.ref/sky130_fd_sc_hd/lef/sky130_fd_sc_hd.lef /home/zerotoasic/asic_tools/pdk/sky130A/libs.ref/sky130_fd_sc_hd/lef/sky130_ef_sc_hd__fakediode_2.lef /home/zerotoasic/asic_tools/pdk/sky130A/libs.ref/sky130_fd_sc_hd/lef/sky130_ef_sc_hd__fill_8.lef /home/zerotoasic/asic_tools/pdk/sky130A/libs.ref/sky130_fd_sc_hd/lef/sky130_ef_sc_hd__fill_12.lef /home/zerotoasic/asic_tools/pdk/sky130A/libs.ref/sky130_fd_sc_hd/lef/sky130_ef_sc_hd__decap_12.lef} -o /openlane/designs/asic_watch/runs/RUN_2021.12.29_12.43.55/tmp/merged_unpadded.lef |& tee >&@stdout"

Wed Dec 29 12:43:56 UTC 2021 - Executing "/openlane/scripts/libtrim.pl /home/zerotoasic/asic_tools/pdk/sky130A/libs.ref/sky130_fd_sc_hd/lib/sky130_fd_sc_hd__tt_025C_1v80.lib /openlane/designs/asic_watch/runs/RUN_2021.12.29_12.43.55/tmp/trimmed.lib.exclude.list > /openlane/designs/asic_watch/runs/RUN_2021.12.29_12.43.55/tmp/trimmed.lib"

Wed Dec 29 12:43:56 UTC 2021 - Executing "openroad -python /openlane/scripts/new_tracks.py -i /home/zerotoasic/asic_tools/pdk/sky130A/libs.tech/openlane/sky130_fd_sc_hd/tracks.info -o /openlane/designs/asic_watch/runs/RUN_2021.12.29_12.43.55/tmp/config.tracks"

Wed Dec 29 12:43:57 UTC 2021 - Executing "echo {openlane 2021.10.25_20.35.00} > /openlane/designs/asic_watch/runs/RUN_2021.12.29_12.43.55/OPENLANE_VERSION"

Wed Dec 29 12:43:57 UTC 2021 - Executing "sed -E {s/^([[:space:]]+)pg_pin(.*)/\1pin\2\n\1    direction : "inout";/g} /home/zerotoasic/asic_tools/pdk/sky130A/libs.ref/sky130_fd_sc_hd/lib/sky130_fd_sc_hd__tt_025C_1v80.lib > /openlane/designs/asic_watch/runs/RUN_2021.12.29_12.43.55/tmp/sky130_fd_sc_hd__tt_025C_1v80.no_pg.lib"

Wed Dec 29 12:43:57 UTC 2021 - Executing "yosys -c /openlane/scripts/synth.tcl -l /openlane/designs/asic_watch/runs/RUN_2021.12.29_12.43.55/logs/synthesis/1-yosys.log |& tee >&@stdout"

Wed Dec 29 12:43:58 UTC 2021 - Executing "sed -i -e {s/\(set ::env(CURRENT_NETLIST)\).*/\1 \/openlane\/designs\/asic_watch\/runs\/RUN_2021.12.29_12.43.55\/results\/synthesis\/asic_watch.synthesis.v/} /openlane/designs/asic_watch/runs/RUN_2021.12.29_12.43.55/config.tcl"

Wed Dec 29 12:43:58 UTC 2021 - Executing "sed -i -e {s/\(set ::env(PREV_NETLIST)\).*/\1 0/} /openlane/designs/asic_watch/runs/RUN_2021.12.29_12.43.55/config.tcl"

Wed Dec 29 12:43:58 UTC 2021 - Executing "sed -i /defparam/d /openlane/designs/asic_watch/runs/RUN_2021.12.29_12.43.55/results/synthesis/asic_watch.synthesis.v"

Wed Dec 29 12:43:58 UTC 2021 - Executing "openroad -exit /openlane/scripts/openroad/or_sta.tcl |& tee >&@stdout /openlane/designs/asic_watch/runs/RUN_2021.12.29_12.43.55/logs/synthesis/1-opensta"

Wed Dec 29 12:43:59 UTC 2021 - Executing "openroad -exit /openlane/scripts/openroad/or_floorplan.tcl |& tee >&@stdout /openlane/designs/asic_watch/runs/RUN_2021.12.29_12.43.55/logs/floorplan/3-verilog2def.openroad.log"

Wed Dec 29 12:44:00 UTC 2021 - Executing "openroad -exit /openlane/scripts/openroad/or_ioplacer.tcl |& tee >&@stdout /openlane/designs/asic_watch/runs/RUN_2021.12.29_12.43.55/logs/floorplan/4-ioPlacer.log"

Wed Dec 29 12:44:01 UTC 2021 - Executing "openroad -exit /openlane/scripts/openroad/or_tapcell.tcl |& tee >&@stdout /openlane/designs/asic_watch/runs/RUN_2021.12.29_12.43.55/logs/floorplan/5-tapcell.log"

Wed Dec 29 12:44:02 UTC 2021 - Executing "openroad -exit /openlane/scripts/openroad/or_pdn.tcl |& tee >&@stdout /openlane/designs/asic_watch/runs/RUN_2021.12.29_12.43.55/logs/floorplan/7-pdn.log"

Wed Dec 29 12:44:03 UTC 2021 - Executing "openroad -exit /openlane/scripts/openroad/or_replace.tcl |& tee >&@stdout /openlane/designs/asic_watch/runs/RUN_2021.12.29_12.43.55/logs/placement/8-replace.log"

Wed Dec 29 12:44:05 UTC 2021 - Executing "openroad -exit /openlane/scripts/openroad/or_resizer.tcl |& tee >&@stdout /openlane/designs/asic_watch/runs/RUN_2021.12.29_12.43.55/logs/placement/8-resizer_design_optimization.log"

Wed Dec 29 12:44:07 UTC 2021 - Executing "openroad -exit /openlane/scripts/openroad/or_write_verilog.tcl |& tee >&@stdout /openlane/designs/asic_watch/runs/RUN_2021.12.29_12.43.55/logs/9-write_verilog.log"

Wed Dec 29 12:44:07 UTC 2021 - Executing "sed -i -e {s/\(set ::env(CURRENT_NETLIST)\).*/\1 \/openlane\/designs\/asic_watch\/runs\/RUN_2021.12.29_12.43.55\/results\/synthesis\/asic_watch.synthesis_optimized.v/} /openlane/designs/asic_watch/runs/RUN_2021.12.29_12.43.55/config.tcl"

Wed Dec 29 12:44:07 UTC 2021 - Executing "sed -i -e {s/\(set ::env(PREV_NETLIST)\).*/\1 \/openlane\/designs\/asic_watch\/runs\/RUN_2021.12.29_12.43.55\/results\/synthesis\/asic_watch.synthesis.v/} /openlane/designs/asic_watch/runs/RUN_2021.12.29_12.43.55/config.tcl"

Wed Dec 29 12:44:07 UTC 2021 - Executing "openroad -exit /openlane/scripts/openroad/or_sta.tcl |& tee >&@stdout /openlane/designs/asic_watch/runs/RUN_2021.12.29_12.43.55/logs/placement/9-resizer_design_optimization_sta"

Wed Dec 29 12:44:08 UTC 2021 - Executing "openroad -exit /openlane/scripts/openroad/or_opendp.tcl |& tee >&@stdout /openlane/designs/asic_watch/runs/RUN_2021.12.29_12.43.55/logs/placement/11-opendp.log"

Wed Dec 29 12:44:09 UTC 2021 - Executing "/openlane/scripts/libtrim.pl /home/zerotoasic/asic_tools/pdk/sky130A/libs.ref/sky130_fd_sc_hd/lib/sky130_fd_sc_hd__tt_025C_1v80.lib /openlane/designs/asic_watch/runs/RUN_2021.12.29_12.43.55/tmp/cts.lib.exclude.list > /openlane/designs/asic_watch/runs/RUN_2021.12.29_12.43.55/tmp/cts.lib"

Wed Dec 29 12:44:09 UTC 2021 - Executing "openroad -exit /openlane/scripts/openroad/or_cts.tcl |& tee >&@stdout /openlane/designs/asic_watch/runs/RUN_2021.12.29_12.43.55/logs/cts/12-cts.log"

Wed Dec 29 12:44:46 UTC 2021 - Executing "openroad -exit /openlane/scripts/openroad/or_write_verilog.tcl |& tee >&@stdout /openlane/designs/asic_watch/runs/RUN_2021.12.29_12.43.55/logs/13-write_verilog.log"

Wed Dec 29 12:44:47 UTC 2021 - Executing "sed -i -e {s/\(set ::env(CURRENT_NETLIST)\).*/\1 \/openlane\/designs\/asic_watch\/runs\/RUN_2021.12.29_12.43.55\/results\/synthesis\/asic_watch.synthesis_cts.v/} /openlane/designs/asic_watch/runs/RUN_2021.12.29_12.43.55/config.tcl"

Wed Dec 29 12:44:47 UTC 2021 - Executing "sed -i -e {s/\(set ::env(PREV_NETLIST)\).*/\1 \/openlane\/designs\/asic_watch\/runs\/RUN_2021.12.29_12.43.55\/results\/synthesis\/asic_watch.synthesis_optimized.v/} /openlane/designs/asic_watch/runs/RUN_2021.12.29_12.43.55/config.tcl"

Wed Dec 29 12:44:47 UTC 2021 - Executing "openroad -exit /openlane/scripts/openroad/or_resizer_timing.tcl |& tee >&@stdout /openlane/designs/asic_watch/runs/RUN_2021.12.29_12.43.55/logs/placement/13-resizer_timing_optimization.log"

Wed Dec 29 12:44:48 UTC 2021 - Executing "openroad -exit /openlane/scripts/openroad/or_write_verilog.tcl |& tee >&@stdout /openlane/designs/asic_watch/runs/RUN_2021.12.29_12.43.55/logs/14-write_verilog.log"

Wed Dec 29 12:44:49 UTC 2021 - Executing "sed -i -e {s/\(set ::env(CURRENT_NETLIST)\).*/\1 \/openlane\/designs\/asic_watch\/runs\/RUN_2021.12.29_12.43.55\/results\/synthesis\/asic_watch.synthesis_optimized.v/} /openlane/designs/asic_watch/runs/RUN_2021.12.29_12.43.55/config.tcl"

Wed Dec 29 12:44:49 UTC 2021 - Executing "sed -i -e {s/\(set ::env(PREV_NETLIST)\).*/\1 \/openlane\/designs\/asic_watch\/runs\/RUN_2021.12.29_12.43.55\/results\/synthesis\/asic_watch.synthesis_cts.v/} /openlane/designs/asic_watch/runs/RUN_2021.12.29_12.43.55/config.tcl"

Wed Dec 29 12:44:49 UTC 2021 - Executing "openroad -exit /openlane/scripts/openroad/or_sta.tcl |& tee >&@stdout /openlane/designs/asic_watch/runs/RUN_2021.12.29_12.43.55/logs/placement/14-resizer_timing_optimization_sta"

Wed Dec 29 12:44:50 UTC 2021 - Executing "openroad -exit /openlane/scripts/openroad/or_resizer_routing_timing.tcl |& tee >&@stdout /openlane/designs/asic_watch/runs/RUN_2021.12.29_12.43.55/logs/routing/15-resizer_timing_optimization.log"

Wed Dec 29 12:44:51 UTC 2021 - Executing "openroad -exit /openlane/scripts/openroad/or_write_verilog.tcl |& tee >&@stdout /openlane/designs/asic_watch/runs/RUN_2021.12.29_12.43.55/logs/16-write_verilog.log"

Wed Dec 29 12:44:52 UTC 2021 - Executing "sed -i -e {s/\(set ::env(CURRENT_NETLIST)\).*/\1 \/openlane\/designs\/asic_watch\/runs\/RUN_2021.12.29_12.43.55\/results\/synthesis\/asic_watch.synthesis_optimized.v/} /openlane/designs/asic_watch/runs/RUN_2021.12.29_12.43.55/config.tcl"

Wed Dec 29 12:44:52 UTC 2021 - Executing "sed -i -e {s/\(set ::env(PREV_NETLIST)\).*/\1 \/openlane\/designs\/asic_watch\/runs\/RUN_2021.12.29_12.43.55\/results\/synthesis\/asic_watch.synthesis_optimized.v/} /openlane/designs/asic_watch/runs/RUN_2021.12.29_12.43.55/config.tcl"

Wed Dec 29 12:44:52 UTC 2021 - Executing "openroad -exit /openlane/scripts/openroad/or_sta.tcl |& tee >&@stdout /openlane/designs/asic_watch/runs/RUN_2021.12.29_12.43.55/logs/routing/16-resizer_timing_optimization_sta"

Wed Dec 29 12:44:53 UTC 2021 - Executing "openroad -python /openlane/scripts/add_def_obstructions.py --input-def /openlane/designs/asic_watch/runs/RUN_2021.12.29_12.43.55/tmp/placement/15-resizer_timing.def --lef /openlane/designs/asic_watch/runs/RUN_2021.12.29_12.43.55/tmp/merged.lef --obstructions {met5 0 0 500 500} --output /openlane/designs/asic_watch/runs/RUN_2021.12.29_12.43.55/tmp/placement/15-resizer_timing.obs.def |& tee >&@stdout /openlane/designs/asic_watch/runs/RUN_2021.12.29_12.43.55/logs/obs.log"

Wed Dec 29 12:44:54 UTC 2021 - Executing "openroad -exit /openlane/scripts/openroad/or_opendp.tcl |& tee >&@stdout /openlane/designs/asic_watch/runs/RUN_2021.12.29_12.43.55/logs/placement/18-opendp.log"

Wed Dec 29 12:44:55 UTC 2021 - Executing "openroad -exit /openlane/scripts/openroad/or_groute.tcl |& tee >&@stdout /openlane/designs/asic_watch/runs/RUN_2021.12.29_12.43.55/logs/routing/19-fastroute.log"

Wed Dec 29 12:44:56 UTC 2021 - Executing "openroad -exit /openlane/scripts/openroad/or_fill.tcl |& tee >&@stdout /openlane/designs/asic_watch/runs/RUN_2021.12.29_12.43.55/logs/routing/20-addspacers.log"

Wed Dec 29 12:44:57 UTC 2021 - Executing "openroad -exit /openlane/scripts/openroad/or_write_verilog.tcl |& tee >&@stdout /openlane/designs/asic_watch/runs/RUN_2021.12.29_12.43.55/logs/21-write_verilog.log"

Wed Dec 29 12:44:58 UTC 2021 - Executing "sed -i -e {s/\(set ::env(CURRENT_NETLIST)\).*/\1 \/openlane\/designs\/asic_watch\/runs\/RUN_2021.12.29_12.43.55\/results\/synthesis\/asic_watch.synthesis_preroute.v/} /openlane/designs/asic_watch/runs/RUN_2021.12.29_12.43.55/config.tcl"

Wed Dec 29 12:44:58 UTC 2021 - Executing "sed -i -e {s/\(set ::env(PREV_NETLIST)\).*/\1 \/openlane\/designs\/asic_watch\/runs\/RUN_2021.12.29_12.43.55\/results\/synthesis\/asic_watch.synthesis_optimized.v/} /openlane/designs/asic_watch/runs/RUN_2021.12.29_12.43.55/config.tcl"

Wed Dec 29 12:44:58 UTC 2021 - Executing "openroad -exit /openlane/scripts/openroad/or_droute.tcl |& tee >&@stdout /openlane/designs/asic_watch/runs/RUN_2021.12.29_12.43.55/logs/routing/22-tritonRoute.log"

Wed Dec 29 12:45:00 UTC 2021 - Executing "openroad -python /openlane/scripts/generate_reports.py -d /openlane/designs/asic_watch --design_name asic_watch --tag RUN_2021.12.29_12.43.55 --output_file /openlane/designs/asic_watch/runs/RUN_2021.12.29_12.43.55/reports/final_summary_report.csv --man_report /openlane/designs/asic_watch/runs/RUN_2021.12.29_12.43.55/reports/manufacturability_report.rpt --runtime_summary /openlane/designs/asic_watch/runs/RUN_2021.12.29_12.43.55/reports/runtime_summary_report.rpt --run_path /openlane/designs/asic_watch/runs/RUN_2021.12.29_12.43.55"

